\BOOKMARK [1][-]{section.1}{\376\377\000I\000n\000t\000r\000o\000d\000u\000z\000i\000o\000n\000e}{}% 1
\BOOKMARK [2][-]{subsection.1.1}{\376\377\000S\000i\000s\000t\000e\000m\000i\000\040\000d\000i\000\040\000e\000q\000u\000a\000z\000i\000o\000n\000i}{section.1}% 2
\BOOKMARK [2][-]{subsection.1.2}{\376\377\000I\000n\000t\000e\000r\000p\000r\000e\000t\000a\000z\000i\000o\000n\000i\000\040\000g\000e\000o\000m\000e\000t\000r\000i\000c\000a}{section.1}% 3
\BOOKMARK [2][-]{subsection.1.3}{\376\377\000E\000q\000u\000a\000z\000i\000o\000n\000i\000\040\000a\000\040\0003\000\040\000v\000a\000r\000i\000a\000b\000i\000l\000i}{section.1}% 4
\BOOKMARK [2][-]{subsection.1.4}{\376\377\000C\000a\000s\000o\000\040\000g\000e\000n\000e\000r\000a\000l\000e}{section.1}% 5
\BOOKMARK [2][-]{subsection.1.5}{\376\377\000I\000n\000t\000e\000r\000p\000r\000e\000t\000a\000z\000i\000o\000n\000e\000\040\000g\000e\000o\000m\000e\000t\000r\000i\000c\000a\000\040\000c\000a\000s\000o\000\040\000g\000e\000n\000e\000r\000i\000c\000o}{section.1}% 6
\BOOKMARK [2][-]{subsection.1.6}{\376\377\000O\000p\000e\000r\000a\000z\000i\000o\000n\000i\000\040\000s\000u\000\040\000\050\000E\000\051}{section.1}% 7
\BOOKMARK [1][-]{section.2}{\376\377\000A\000l\000g\000o\000r\000i\000t\000m\000o\000\040\000d\000i\000\040\000G\000a\000u\000s\000s}{}% 8
\BOOKMARK [2][-]{subsection.2.1}{\376\377\000A\000l\000g\000o\000r\000i\000t\000m\000o\000\040\000d\000i\000\040\000G\000a\000u\000s\000s\000-\000J\000o\000r\000d\000a\000n}{section.2}% 9
\BOOKMARK [1][-]{section.3}{\376\377\000S\000p\000a\000z\000z\000i\000\040\000V\000e\000t\000t\000o\000r\000i\000a\000l\000i}{}% 10
\BOOKMARK [2][-]{subsection.3.1}{\376\377\000G\000e\000n\000e\000r\000a\000l\000i\000z\000z\000a\000z\000i\000o\000n\000e\000\040\000o\000p\000e\000r\000a\000z\000i\000o\000n\000i}{section.3}% 11
\BOOKMARK [2][-]{subsection.3.2}{\376\377\000S\000o\000t\000t\000o\000s\000p\000a\000z\000i\000o}{section.3}% 12
\BOOKMARK [2][-]{subsection.3.3}{\376\377\000C\000o\000m\000b\000i\000n\000a\000z\000i\000o\000n\000i\000\040\000l\000i\000n\000e\000a\000r\000i}{section.3}% 13
\BOOKMARK [2][-]{subsection.3.4}{\376\377\000V\000e\000t\000t\000o\000r\000i\000\040\000l\000i\000n\000e\000a\000m\000e\000n\000t\000i\000\040\000i\000n\000d\000i\000p\000e\000n\000d\000e\000n\000t\000i}{section.3}% 14
\BOOKMARK [2][-]{subsection.3.5}{\376\377\000I\000n\000t\000e\000r\000p\000r\000e\000t\000a\000z\000i\000o\000n\000i\000\040\000g\000e\000o\000m\000e\000t\000r\000i\000c\000a}{section.3}% 15
\BOOKMARK [2][-]{subsection.3.6}{\376\377\000B\000a\000s\000e\000\040\000d\000i\000\040\000u\000n\000\040\000s\000i\000s\000t\000e\000m\000a\000\040\000l\000i\000n\000e\000a\000r\000e}{section.3}% 16
\BOOKMARK [2][-]{subsection.3.7}{\376\377\000D\000i\000m\000e\000n\000s\000i\000o\000n\000e\000\040\000s\000p\000a\000z\000i\000o\000\040\000v\000e\000t\000t\000o\000r\000i\000a\000l\000e}{section.3}% 17
\BOOKMARK [2][-]{subsection.3.8}{\376\377\000F\000o\000r\000m\000u\000l\000a\000\040\000d\000i\000\040\000G\000r\000a\000s\000s\000m\000a\000n}{section.3}% 18
\BOOKMARK [1][-]{section.4}{\376\377\000A\000p\000p\000l\000i\000c\000a\000z\000i\000o\000n\000e\000\040\000l\000i\000n\000e\000a\000r\000e}{}% 19
\BOOKMARK [2][-]{subsection.4.1}{\376\377\000N\000u\000c\000l\000e\000o\000\040\000e\000\040\000i\000m\000m\000a\000g\000i\000n\000e}{section.4}% 20
