This is pdfTeX, Version 3.141592653-2.6-1.40.24 (MiKTeX 22.7) (preloaded format=pdflatex 2022.9.20)  20 SEP 2022 22:19
entering extended mode
 restricted \write18 enabled.
 %&-line parsing enabled.
**./main.tex
(main.tex
LaTeX2e <2022-06-01> patch level 5
L3 programming layer <2022-07-04>
(C:\Users\Filippo Ghirardini\AppData\Local\Programs\MiKTeX\tex/latex/base\artic
le.cls
Document Class: article 2021/10/04 v1.4n Standard LaTeX document class

(C:\Users\Filippo Ghirardini\AppData\Local\Programs\MiKTeX\tex/latex/base\size1
0.clo
File: size10.clo 2021/10/04 v1.4n Standard LaTeX file (size option)
)
\c@part=\count185
\c@section=\count186
\c@subsection=\count187
\c@subsubsection=\count188
\c@paragraph=\count189
\c@subparagraph=\count190
\c@figure=\count191
\c@table=\count192
\abovecaptionskip=\skip47
\belowcaptionskip=\skip48
\bibindent=\dimen138
)
(C:\Users\Filippo Ghirardini\AppData\Local\Programs\MiKTeX\tex/latex/base\input
enc.sty
Package: inputenc 2021/02/14 v1.3d Input encoding file
\inpenc@prehook=\toks16
\inpenc@posthook=\toks17
)
(C:\Users\Filippo Ghirardini\AppData\Local\Programs\MiKTeX\tex/latex/amsmath\am
smath.sty
Package: amsmath 2022/04/08 v2.17n AMS math features
\@mathmargin=\skip49

For additional information on amsmath, use the `?' option.

(C:\Users\Filippo Ghirardini\AppData\Local\Programs\MiKTeX\tex/latex/amsmath\am
stext.sty
Package: amstext 2021/08/26 v2.01 AMS text

(C:\Users\Filippo Ghirardini\AppData\Local\Programs\MiKTeX\tex/latex/amsmath\am
sgen.sty
File: amsgen.sty 1999/11/30 v2.0 generic functions
\@emptytoks=\toks18
\ex@=\dimen139
))
(C:\Users\Filippo Ghirardini\AppData\Local\Programs\MiKTeX\tex/latex/amsmath\am
sbsy.sty
Package: amsbsy 1999/11/29 v1.2d Bold Symbols
\pmbraise@=\dimen140
)
(C:\Users\Filippo Ghirardini\AppData\Local\Programs\MiKTeX\tex/latex/amsmath\am
sopn.sty
Package: amsopn 2022/04/08 v2.04 operator names
)
\inf@bad=\count193
LaTeX Info: Redefining \frac on input line 234.
\uproot@=\count194
\leftroot@=\count195
LaTeX Info: Redefining \overline on input line 399.
LaTeX Info: Redefining \colon on input line 410.
\classnum@=\count196
\DOTSCASE@=\count197
LaTeX Info: Redefining \ldots on input line 496.
LaTeX Info: Redefining \dots on input line 499.
LaTeX Info: Redefining \cdots on input line 620.
\Mathstrutbox@=\box51
\strutbox@=\box52
LaTeX Info: Redefining \big on input line 722.
LaTeX Info: Redefining \Big on input line 723.
LaTeX Info: Redefining \bigg on input line 724.
LaTeX Info: Redefining \Bigg on input line 725.
\big@size=\dimen141
LaTeX Font Info:    Redeclaring font encoding OML on input line 743.
LaTeX Font Info:    Redeclaring font encoding OMS on input line 744.
\macc@depth=\count198
LaTeX Info: Redefining \bmod on input line 905.
LaTeX Info: Redefining \pmod on input line 910.
LaTeX Info: Redefining \smash on input line 940.
LaTeX Info: Redefining \relbar on input line 970.
LaTeX Info: Redefining \Relbar on input line 971.
\c@MaxMatrixCols=\count199
\dotsspace@=\muskip16
\c@parentequation=\count266
\dspbrk@lvl=\count267
\tag@help=\toks19
\row@=\count268
\column@=\count269
\maxfields@=\count270
\andhelp@=\toks20
\eqnshift@=\dimen142
\alignsep@=\dimen143
\tagshift@=\dimen144
\tagwidth@=\dimen145
\totwidth@=\dimen146
\lineht@=\dimen147
\@envbody=\toks21
\multlinegap=\skip50
\multlinetaggap=\skip51
\mathdisplay@stack=\toks22
LaTeX Info: Redefining \[ on input line 2953.
LaTeX Info: Redefining \] on input line 2954.
)
(C:\Users\Filippo Ghirardini\AppData\Local\Programs\MiKTeX\tex/latex/graphics\g
raphicx.sty
Package: graphicx 2021/09/16 v1.2d Enhanced LaTeX Graphics (DPC,SPQR)

(C:\Users\Filippo Ghirardini\AppData\Local\Programs\MiKTeX\tex/latex/graphics\k
eyval.sty
Package: keyval 2022/05/29 v1.15 key=value parser (DPC)
\KV@toks@=\toks23
)
(C:\Users\Filippo Ghirardini\AppData\Local\Programs\MiKTeX\tex/latex/graphics\g
raphics.sty
Package: graphics 2022/03/10 v1.4e Standard LaTeX Graphics (DPC,SPQR)

(C:\Users\Filippo Ghirardini\AppData\Local\Programs\MiKTeX\tex/latex/graphics\t
rig.sty
Package: trig 2021/08/11 v1.11 sin cos tan (DPC)
)
(C:\Users\Filippo Ghirardini\AppData\Local\Programs\MiKTeX\tex/latex/graphics-c
fg\graphics.cfg
File: graphics.cfg 2016/06/04 v1.11 sample graphics configuration
)
Package graphics Info: Driver file: pdftex.def on input line 107.

(C:\Users\Filippo Ghirardini\AppData\Local\Programs\MiKTeX\tex/latex/graphics-d
ef\pdftex.def
File: pdftex.def 2020/10/05 v1.2a Graphics/color driver for pdftex
))
\Gin@req@height=\dimen148
\Gin@req@width=\dimen149
)
(C:\Users\Filippo Ghirardini\AppData\Local\Programs\MiKTeX\tex/latex/amsfonts\a
msfonts.sty
Package: amsfonts 2013/01/14 v3.01 Basic AMSFonts support
\symAMSa=\mathgroup4
\symAMSb=\mathgroup5
LaTeX Font Info:    Redeclaring math symbol \hbar on input line 98.
LaTeX Font Info:    Overwriting math alphabet `\mathfrak' in version `bold'
(Font)                  U/euf/m/n --> U/euf/b/n on input line 106.
)
(C:\Users\Filippo Ghirardini\AppData\Local\Programs\MiKTeX\tex/latex/amscls\ams
thm.sty
Package: amsthm 2020/05/29 v2.20.6
\thm@style=\toks24
\thm@bodyfont=\toks25
\thm@headfont=\toks26
\thm@notefont=\toks27
\thm@headpunct=\toks28
\thm@preskip=\skip52
\thm@postskip=\skip53
\thm@headsep=\skip54
\dth@everypar=\toks29
)
(C:\Users\Filippo Ghirardini\AppData\Local\Programs\MiKTeX\tex/latex/amsfonts\a
mssymb.sty
Package: amssymb 2013/01/14 v3.01 AMS font symbols
)
(C:\Users\Filippo Ghirardini\AppData\Local\Programs\MiKTeX\tex/latex/mathtools\
mathtools.sty
Package: mathtools 2022/06/29 v1.29 mathematical typesetting tools

(C:\Users\Filippo Ghirardini\AppData\Local\Programs\MiKTeX\tex/latex/tools\calc
.sty
Package: calc 2017/05/25 v4.3 Infix arithmetic (KKT,FJ)
\calc@Acount=\count271
\calc@Bcount=\count272
\calc@Adimen=\dimen150
\calc@Bdimen=\dimen151
\calc@Askip=\skip55
\calc@Bskip=\skip56
LaTeX Info: Redefining \setlength on input line 80.
LaTeX Info: Redefining \addtolength on input line 81.
\calc@Ccount=\count273
\calc@Cskip=\skip57
)
(C:\Users\Filippo Ghirardini\AppData\Local\Programs\MiKTeX\tex/latex/mathtools\
mhsetup.sty
Package: mhsetup 2021/03/18 v1.4 programming setup (MH)
)
\g_MT_multlinerow_int=\count274
\l_MT_multwidth_dim=\dimen152
\origjot=\skip58
\l_MT_shortvdotswithinadjustabove_dim=\dimen153
\l_MT_shortvdotswithinadjustbelow_dim=\dimen154
\l_MT_above_intertext_sep=\dimen155
\l_MT_below_intertext_sep=\dimen156
\l_MT_above_shortintertext_sep=\dimen157
\l_MT_below_shortintertext_sep=\dimen158
\xmathstrut@box=\box53
\xmathstrut@dim=\dimen159
)
(C:\Users\Filippo Ghirardini\AppData\Local\Programs\MiKTeX\tex/latex/enumitem\e
numitem.sty
Package: enumitem 2019/06/20 v3.9 Customized lists
\labelindent=\skip59
\enit@outerparindent=\dimen160
\enit@toks=\toks30
\enit@inbox=\box54
\enit@count@id=\count275
\enitdp@description=\count276
)
(C:\Users\Filippo Ghirardini\AppData\Local\Programs\MiKTeX\tex/latex/wrapfig\wr
apfig.sty
\wrapoverhang=\dimen161
\WF@size=\dimen162
\c@WF@wrappedlines=\count277
\WF@box=\box55
\WF@everypar=\toks31
Package: wrapfig 2003/01/31  v 3.6
)
(C:\Users\Filippo Ghirardini\AppData\Local\Programs\MiKTeX\tex/latex/caption\ca
ption.sty
Package: caption 2022/03/01 v3.6b Customizing captions (AR)

(C:\Users\Filippo Ghirardini\AppData\Local\Programs\MiKTeX\tex/latex/caption\ca
ption3.sty
Package: caption3 2022/03/17 v2.3b caption3 kernel (AR)
\caption@tempdima=\dimen163
\captionmargin=\dimen164
\caption@leftmargin=\dimen165
\caption@rightmargin=\dimen166
\caption@width=\dimen167
\caption@indent=\dimen168
\caption@parindent=\dimen169
\caption@hangindent=\dimen170
Package caption Info: Standard document class detected.
)
\c@caption@flags=\count278
\c@continuedfloat=\count279
Package caption Info: wrapfig package is loaded.
)
(C:\Users\Filippo Ghirardini\AppData\Local\Programs\MiKTeX\tex/latex/caption\su
bcaption.sty
Package: subcaption 2022/01/07 v1.5 Sub-captions (AR)
\c@subfigure=\count280
\c@subtable=\count281
)
(C:\Users\Filippo Ghirardini\AppData\Local\Programs\MiKTeX\tex/latex/hyperref\h
yperref.sty
Package: hyperref 2022-06-20 v7.00s Hypertext links for LaTeX

(C:\Users\Filippo Ghirardini\AppData\Local\Programs\MiKTeX\tex/generic/ltxcmds\
ltxcmds.sty
Package: ltxcmds 2020-05-10 v1.25 LaTeX kernel commands for general use (HO)
)
(C:\Users\Filippo Ghirardini\AppData\Local\Programs\MiKTeX\tex/generic/iftex\if
tex.sty
Package: iftex 2022/02/03 v1.0f TeX engine tests
)
(C:\Users\Filippo Ghirardini\AppData\Local\Programs\MiKTeX\tex/generic/pdftexcm
ds\pdftexcmds.sty
Package: pdftexcmds 2020-06-27 v0.33 Utility functions of pdfTeX for LuaTeX (HO
)

(C:\Users\Filippo Ghirardini\AppData\Local\Programs\MiKTeX\tex/generic/infwarer
r\infwarerr.sty
Package: infwarerr 2019/12/03 v1.5 Providing info/warning/error messages (HO)
)
Package pdftexcmds Info: \pdf@primitive is available.
Package pdftexcmds Info: \pdf@ifprimitive is available.
Package pdftexcmds Info: \pdfdraftmode found.
)
(C:\Users\Filippo Ghirardini\AppData\Local\Programs\MiKTeX\tex/generic/kvsetkey
s\kvsetkeys.sty
Package: kvsetkeys 2019/12/15 v1.18 Key value parser (HO)
)
(C:\Users\Filippo Ghirardini\AppData\Local\Programs\MiKTeX\tex/generic/kvdefine
keys\kvdefinekeys.sty
Package: kvdefinekeys 2019-12-19 v1.6 Define keys (HO)
)
(C:\Users\Filippo Ghirardini\AppData\Local\Programs\MiKTeX\tex/generic/pdfescap
e\pdfescape.sty
Package: pdfescape 2019/12/09 v1.15 Implements pdfTeX's escape features (HO)
)
(C:\Users\Filippo Ghirardini\AppData\Local\Programs\MiKTeX\tex/latex/hycolor\hy
color.sty
Package: hycolor 2020-01-27 v1.10 Color options for hyperref/bookmark (HO)
)
(C:\Users\Filippo Ghirardini\AppData\Local\Programs\MiKTeX\tex/latex/letltxmacr
o\letltxmacro.sty
Package: letltxmacro 2019/12/03 v1.6 Let assignment for LaTeX macros (HO)
)
(C:\Users\Filippo Ghirardini\AppData\Local\Programs\MiKTeX\tex/latex/auxhook\au
xhook.sty
Package: auxhook 2019-12-17 v1.6 Hooks for auxiliary files (HO)
)
(C:\Users\Filippo Ghirardini\AppData\Local\Programs\MiKTeX\tex/latex/hyperref\n
ameref.sty
Package: nameref 2022-05-17 v2.50 Cross-referencing by name of section

(C:\Users\Filippo Ghirardini\AppData\Local\Programs\MiKTeX\tex/latex/refcount\r
efcount.sty
Package: refcount 2019/12/15 v3.6 Data extraction from label references (HO)
)
(C:\Users\Filippo Ghirardini\AppData\Local\Programs\MiKTeX\tex/generic/gettitle
string\gettitlestring.sty
Package: gettitlestring 2019/12/15 v1.6 Cleanup title references (HO)

(C:\Users\Filippo Ghirardini\AppData\Local\Programs\MiKTeX\tex/latex/kvoptions\
kvoptions.sty
Package: kvoptions 2022-06-15 v3.15 Key value format for package options (HO)
))
\c@section@level=\count282
)
\@linkdim=\dimen171
\Hy@linkcounter=\count283
\Hy@pagecounter=\count284

(C:\Users\Filippo Ghirardini\AppData\Local\Programs\MiKTeX\tex/latex/hyperref\p
d1enc.def
File: pd1enc.def 2022-06-20 v7.00s Hyperref: PDFDocEncoding definition (HO)
Now handling font encoding PD1 ...
... no UTF-8 mapping file for font encoding PD1
)
(C:\Users\Filippo Ghirardini\AppData\Local\Programs\MiKTeX\tex/generic/intcalc\
intcalc.sty
Package: intcalc 2019/12/15 v1.3 Expandable calculations with integers (HO)
)
(C:\Users\Filippo Ghirardini\AppData\Local\Programs\MiKTeX\tex/generic/etexcmds
\etexcmds.sty
Package: etexcmds 2019/12/15 v1.7 Avoid name clashes with e-TeX commands (HO)
)
\Hy@SavedSpaceFactor=\count285

(C:\Users\Filippo Ghirardini\AppData\Local\Programs\MiKTeX\tex/latex/hyperref\p
uenc.def
File: puenc.def 2022-06-20 v7.00s Hyperref: PDF Unicode definition (HO)
Now handling font encoding PU ...
... no UTF-8 mapping file for font encoding PU
)
Package hyperref Info: Hyper figures OFF on input line 4162.
Package hyperref Info: Link nesting OFF on input line 4167.
Package hyperref Info: Hyper index ON on input line 4170.
Package hyperref Info: Plain pages OFF on input line 4177.
Package hyperref Info: Backreferencing OFF on input line 4182.
Package hyperref Info: Implicit mode ON; LaTeX internals redefined.
Package hyperref Info: Bookmarks ON on input line 4408.
\c@Hy@tempcnt=\count286

(C:\Users\Filippo Ghirardini\AppData\Local\Programs\MiKTeX\tex/latex/url\url.st
y
\Urlmuskip=\muskip17
Package: url 2013/09/16  ver 3.4  Verb mode for urls, etc.
)
LaTeX Info: Redefining \url on input line 4746.
\XeTeXLinkMargin=\dimen172

(C:\Users\Filippo Ghirardini\AppData\Local\Programs\MiKTeX\tex/generic/bitset\b
itset.sty
Package: bitset 2019/12/09 v1.3 Handle bit-vector datatype (HO)

(C:\Users\Filippo Ghirardini\AppData\Local\Programs\MiKTeX\tex/generic/bigintca
lc\bigintcalc.sty
Package: bigintcalc 2019/12/15 v1.5 Expandable calculations on big integers (HO
)
))
\Fld@menulength=\count287
\Field@Width=\dimen173
\Fld@charsize=\dimen174
Package hyperref Info: Hyper figures OFF on input line 6024.
Package hyperref Info: Link nesting OFF on input line 6029.
Package hyperref Info: Hyper index ON on input line 6032.
Package hyperref Info: backreferencing OFF on input line 6039.
Package hyperref Info: Link coloring OFF on input line 6044.
Package hyperref Info: Link coloring with OCG OFF on input line 6049.
Package hyperref Info: PDF/A mode OFF on input line 6054.

(C:\Users\Filippo Ghirardini\AppData\Local\Programs\MiKTeX\tex/latex/base\atbeg
shi-ltx.sty
Package: atbegshi-ltx 2021/01/10 v1.0c Emulation of the original atbegshi
package with kernel methods
)
\Hy@abspage=\count288
\c@Item=\count289
\c@Hfootnote=\count290
)
Package hyperref Info: Driver (autodetected): hpdftex.

(C:\Users\Filippo Ghirardini\AppData\Local\Programs\MiKTeX\tex/latex/hyperref\h
pdftex.def
File: hpdftex.def 2022-06-20 v7.00s Hyperref driver for pdfTeX

(C:\Users\Filippo Ghirardini\AppData\Local\Programs\MiKTeX\tex/latex/base\atver
yend-ltx.sty
Package: atveryend-ltx 2020/08/19 v1.0a Emulation of the original atveryend pac
kage
with kernel methods
)
\Fld@listcount=\count291
\c@bookmark@seq@number=\count292

(C:\Users\Filippo Ghirardini\AppData\Local\Programs\MiKTeX\tex/latex/rerunfilec
heck\rerunfilecheck.sty
Package: rerunfilecheck 2022-07-10 v1.10 Rerun checks for auxiliary files (HO)

(C:\Users\Filippo Ghirardini\AppData\Local\Programs\MiKTeX\tex/generic/uniqueco
unter\uniquecounter.sty
Package: uniquecounter 2019/12/15 v1.4 Provide unlimited unique counter (HO)
)
Package uniquecounter Info: New unique counter `rerunfilecheck' on input line 2
85.
)
\Hy@SectionHShift=\skip60
)
Package hyperref Info: Option `colorlinks' set `true' on input line 24.

(C:\Users\Filippo Ghirardini\AppData\Local\Programs\MiKTeX\tex/latex/geometry\g
eometry.sty
Package: geometry 2020/01/02 v5.9 Page Geometry

(C:\Users\Filippo Ghirardini\AppData\Local\Programs\MiKTeX\tex/generic/iftex\if
vtex.sty
Package: ifvtex 2019/10/25 v1.7 ifvtex legacy package. Use iftex instead.
)
\Gm@cnth=\count293
\Gm@cntv=\count294
\c@Gm@tempcnt=\count295
\Gm@bindingoffset=\dimen175
\Gm@wd@mp=\dimen176
\Gm@odd@mp=\dimen177
\Gm@even@mp=\dimen178
\Gm@layoutwidth=\dimen179
\Gm@layoutheight=\dimen180
\Gm@layouthoffset=\dimen181
\Gm@layoutvoffset=\dimen182
\Gm@dimlist=\toks32

(C:\Users\Filippo Ghirardini\AppData\Local\Programs\MiKTeX\tex/latex/geometry\g
eometry.cfg))
\c@note=\count296
\c@observation=\count297
\c@definition=\count298
\c@example=\count299
\c@demostration=\count300
\c@theorem=\count301
\c@corollaries=\count302
\c@proposition=\count303

(C:\Users\Filippo Ghirardini\AppData\Local\Programs\MiKTeX\tex/latex/fancyhdr\f
ancyhdr.sty
Package: fancyhdr 2022/05/18 v4.0.3 Extensive control of page headers and foote
rs
\f@nch@headwidth=\skip61
\f@nch@O@elh=\skip62
\f@nch@O@erh=\skip63
\f@nch@O@olh=\skip64
\f@nch@O@orh=\skip65
\f@nch@O@elf=\skip66
\f@nch@O@erf=\skip67
\f@nch@O@olf=\skip68
\f@nch@O@orf=\skip69
)

Package fancyhdr Warning: \fancyhead's `E' option without twoside option is use
less on input line 76.


Package fancyhdr Warning: \fancyhead's `E' option without twoside option is use
less on input line 77.


Package fancyhdr Warning: \fancyfoot's `E' option without twoside option is use
less on input line 78.


Package fancyhdr Warning: \fancyfoot's `E' option without twoside option is use
less on input line 79.


(C:\Users\Filippo Ghirardini\AppData\Local\Programs\MiKTeX\tex/generic/babel\ba
bel.sty
Package: babel 2022/06/26 3.77 The Babel package
\babel@savecnt=\count304
\U@D=\dimen183
\l@unhyphenated=\language79

(C:\Users\Filippo Ghirardini\AppData\Local\Programs\MiKTeX\tex/generic/babel\tx
tbabel.def)
\bbl@readstream=\read2
\bbl@dirlevel=\count305

*************************************
* Local config file bblopts.cfg used
*

(C:\Users\Filippo Ghirardini\AppData\Local\Programs\MiKTeX\tex/latex/arabi\bblo
pts.cfg
File: bblopts.cfg 2005/09/08 v0.1 add Arabic and Farsi to "declared" options of
 babel
)
(C:\Users\Filippo Ghirardini\AppData\Local\Programs\MiKTeX\tex/latex/babel-ital
ian\italian.ldf
Language: italian 2022/03/27 v.1.4.07 Italian support for the babel system
\it@lettering=\count306
\it@doublequoteactive=\count307
\it@ISOcompliance=\count308
)
(C:\Users\Filippo Ghirardini\AppData\Local\Programs\MiKTeX\tex/latex/babel-engl
ish\english.ldf
Language: english 2017/06/06 v3.3r English support from the babel system
Package babel Info: Hyphen rules for 'canadian' set to \l@english
(babel)             (\language0). Reported on input line 102.
Package babel Info: Hyphen rules for 'australian' set to \l@ukenglish
(babel)             (\language73). Reported on input line 105.
Package babel Info: Hyphen rules for 'newzealand' set to \l@ukenglish
(babel)             (\language73). Reported on input line 108.
))
(C:\Users\Filippo Ghirardini\AppData\Local\Programs\MiKTeX\tex/generic/babel/lo
cale/en\babel-english.tex
Package babel Info: Importing font and identification data for english
(babel)             from babel-en.ini. Reported on input line 11.
)
(C:\Users\Filippo Ghirardini\AppData\Local\Programs\MiKTeX\tex/generic/babel/lo
cale/it\babel-italian.tex
Package babel Info: Importing font and identification data for italian
(babel)             from babel-it.ini. Reported on input line 11.
)
(C:\Users\Filippo Ghirardini\AppData\Local\Programs\MiKTeX\tex/latex/etoolbox\e
toolbox.sty
Package: etoolbox 2020/10/05 v2.5k e-TeX tools for LaTeX (JAW)
\etb@tempcnta=\count309
)
(C:\Users\Filippo Ghirardini\AppData\Local\Programs\MiKTeX\tex/latex/l3backend\
l3backend-pdftex.def
File: l3backend-pdftex.def 2022-07-01 L3 backend support: PDF output (pdfTeX)
\l__color_backend_stack_int=\count310
\l__pdf_internal_box=\box56
) (main.aux)
\openout1 = `main.aux'.

LaTeX Font Info:    Checking defaults for OML/cmm/m/it on input line 93.
LaTeX Font Info:    ... okay on input line 93.
LaTeX Font Info:    Checking defaults for OMS/cmsy/m/n on input line 93.
LaTeX Font Info:    ... okay on input line 93.
LaTeX Font Info:    Checking defaults for OT1/cmr/m/n on input line 93.
LaTeX Font Info:    ... okay on input line 93.
LaTeX Font Info:    Checking defaults for T1/cmr/m/n on input line 93.
LaTeX Font Info:    ... okay on input line 93.
LaTeX Font Info:    Checking defaults for TS1/cmr/m/n on input line 93.
LaTeX Font Info:    ... okay on input line 93.
LaTeX Font Info:    Checking defaults for OMX/cmex/m/n on input line 93.
LaTeX Font Info:    ... okay on input line 93.
LaTeX Font Info:    Checking defaults for U/cmr/m/n on input line 93.
LaTeX Font Info:    ... okay on input line 93.
LaTeX Font Info:    Checking defaults for PD1/pdf/m/n on input line 93.
LaTeX Font Info:    ... okay on input line 93.
LaTeX Font Info:    Checking defaults for PU/pdf/m/n on input line 93.
LaTeX Font Info:    ... okay on input line 93.

(C:\Users\Filippo Ghirardini\AppData\Local\Programs\MiKTeX\tex/context/base/mki
i\supp-pdf.mkii
[Loading MPS to PDF converter (version 2006.09.02).]
\scratchcounter=\count311
\scratchdimen=\dimen184
\scratchbox=\box57
\nofMPsegments=\count312
\nofMParguments=\count313
\everyMPshowfont=\toks33
\MPscratchCnt=\count314
\MPscratchDim=\dimen185
\MPnumerator=\count315
\makeMPintoPDFobject=\count316
\everyMPtoPDFconversion=\toks34
)
(C:\Users\Filippo Ghirardini\AppData\Local\Programs\MiKTeX\tex/latex/epstopdf-p
kg\epstopdf-base.sty
Package: epstopdf-base 2020-01-24 v2.11 Base part for package epstopdf
Package epstopdf-base Info: Redefining graphics rule for `.eps' on input line 4
85.

(C:\Users\Filippo Ghirardini\AppData\Local\Programs\MiKTeX\tex/latex/00miktex\e
pstopdf-sys.cfg
File: epstopdf-sys.cfg 2021/03/18 v2.0 Configuration of epstopdf for MiKTeX
))
Package caption Info: Begin \AtBeginDocument code.
Package caption Info: hyperref package is loaded.
Package caption Info: End \AtBeginDocument code.

(C:\Users\Filippo Ghirardini\AppData\Local\Programs\MiKTeX\tex/latex/graphics\c
olor.sty
Package: color 2022/01/06 v1.3d Standard LaTeX Color (DPC)

(C:\Users\Filippo Ghirardini\AppData\Local\Programs\MiKTeX\tex/latex/graphics-c
fg\color.cfg
File: color.cfg 2016/01/02 v1.6 sample color configuration
)
Package color Info: Driver file: pdftex.def on input line 149.

(C:\Users\Filippo Ghirardini\AppData\Local\Programs\MiKTeX\tex/latex-dev/graphi
cs\mathcolor.ltx))
Package hyperref Info: Link coloring ON on input line 93.
 (main.out) (main.out)
\@outlinefile=\write3
\openout3 = `main.out'.


*geometry* driver: auto-detecting
*geometry* detected driver: pdftex
*geometry* verbose mode - [ preamble ] result:
* driver: pdftex
* paper: letterpaper
* layout: <same size as paper>
* layoutoffset:(h,v)=(0.0pt,0.0pt)
* modes: 
* h-part:(L,W,R)=(85.35826pt, 443.57848pt, 85.35826pt)
* v-part:(T,H,B)=(56.9055pt, 681.15898pt, 56.9055pt)
* \paperwidth=614.295pt
* \paperheight=794.96999pt
* \textwidth=443.57848pt
* \textheight=681.15898pt
* \oddsidemargin=13.08827pt
* \evensidemargin=13.08827pt
* \topmargin=-52.36449pt
* \headheight=12.0pt
* \headsep=25.0pt
* \topskip=10.0pt
* \footskip=30.0pt
* \marginparwidth=49.79231pt
* \marginparsep=11.0pt
* \columnsep=10.0pt
* \skip\footins=9.0pt plus 4.0pt minus 2.0pt
* \hoffset=0.0pt
* \voffset=0.0pt
* \mag=1000
* \@twocolumnfalse
* \@twosidefalse
* \@mparswitchfalse
* \@reversemarginfalse
* (1in=72.27pt=25.4mm, 1cm=28.453pt)

LaTeX Info: Redefining \it@ocap on input line 93.
LaTeX Info: Redefining \it@ccap on input line 93.

File italian.ldf warning: 
italian.ldf    With OT1 encoding guillemets are poorly faked
italian.ldf    Use T1 encoding
italian.ldf    or specify a font with command \CaporaliFrom
italian.ldf    See the documentation concerning the babel-italian typesetting 
italian.ldf    on input line 93.

(frontespizio.tex
<./images//marchio_unipi_pant541.png, id=83, 564.4287pt x 300.6432pt>
File: ./images//marchio_unipi_pant541.png Graphic file (type png)
<use ./images//marchio_unipi_pant541.png>
Package pdftex.def Info: ./images//marchio_unipi_pant541.png  used on input lin
e 3.
(pdftex.def)             Requested size: 434.705pt x 231.55101pt.
 [1

{C:/Users/Filippo Ghirardini/AppData/Local/MiKTeX/fonts/map/pdftex/pdftex.map} 
<./images//marchio_unipi_pant541.png

pdfTeX warning: pdflatex.exe (file ./images//marchio_unipi_pant541.png): large 
interlaced PNG might cause out of memory (use non-interlaced PNG to fix this)
>]) (main.toc
LaTeX Font Info:    Trying to load font information for U+msa on input line 3.

(C:\Users\Filippo Ghirardini\AppData\Local\Programs\MiKTeX\tex/latex/amsfonts\u
msa.fd
File: umsa.fd 2013/01/14 v3.01 AMS symbols A
)
LaTeX Font Info:    Trying to load font information for U+msb on input line 3.

(C:\Users\Filippo Ghirardini\AppData\Local\Programs\MiKTeX\tex/latex/amsfonts\u
msb.fd
File: umsb.fd 2013/01/14 v3.01 AMS symbols B
))
\tf@toc=\write4
\openout4 = `main.toc'.


pdfTeX warning (ext4): destination with the same identifier (name{page.1}) has 
been already used, duplicate ignored
<to be read again> 
                   \relax 
l.96 \newpage
              [1] (introduzione.tex
Underfull \hbox (badness 10000) in paragraph at lines 8--10

 []

<images/rette-incidenti.png, id=122, 544.0325pt x 426.59375pt>
File: images/rette-incidenti.png Graphic file (type png)
<use images/rette-incidenti.png>
Package pdftex.def Info: images/rette-incidenti.png  used on input line 21.
(pdftex.def)             Requested size: 85.35826pt x 66.9285pt.
<images/rette-coincidenti.png, id=123, 263.98625pt x 226.8475pt>
File: images/rette-coincidenti.png Graphic file (type png)
<use images/rette-coincidenti.png>
Package pdftex.def Info: images/rette-coincidenti.png  used on input line 27.
(pdftex.def)             Requested size: 85.35826pt x 73.34726pt.
<images/rette-parallele.png, id=124, 305.14pt x 229.85875pt>
File: images/rette-parallele.png Graphic file (type png)
<use images/rette-parallele.png>
Package pdftex.def Info: images/rette-parallele.png  used on input line 33.
(pdftex.def)             Requested size: 85.35826pt x 64.30037pt.
[2 <./images/rette-incidenti.png> <./images/rette-coincidenti.png> <./images/re
tte-parallele.png>]
<images/piani-incidenti.png, id=146, 558.085pt x 588.1975pt>
File: images/piani-incidenti.png Graphic file (type png)
<use images/piani-incidenti.png>
Package pdftex.def Info: images/piani-incidenti.png  used on input line 45.
(pdftex.def)             Requested size: 71.13188pt x 74.9695pt.
<images/piani-coincidenti.png, id=147, 524.96124pt x 485.815pt>
File: images/piani-coincidenti.png Graphic file (type png)
<use images/piani-coincidenti.png>
Package pdftex.def Info: images/piani-coincidenti.png  used on input line 50.
(pdftex.def)             Requested size: 71.13188pt x 65.82681pt.
File: images/piani-incidenti.png Graphic file (type png)
<use images/piani-incidenti.png>
Package pdftex.def Info: images/piani-incidenti.png  used on input line 55.
(pdftex.def)             Requested size: 71.13188pt x 74.9695pt.
<./images//piano-incotra-retta.png, id=148, 329.23pt x 417.56pt>
File: ./images//piano-incotra-retta.png Graphic file (type png)
<use ./images//piano-incotra-retta.png>
Package pdftex.def Info: ./images//piano-incotra-retta.png  used on input line 
64.
(pdftex.def)             Requested size: 71.13188pt x 90.21327pt.
<./images//piano-coincide-retta.png, id=149, 541.02126pt x 565.11125pt>
File: ./images//piano-coincide-retta.png Graphic file (type png)
<use ./images//piano-coincide-retta.png>
Package pdftex.def Info: ./images//piano-coincide-retta.png  used on input line
 69.
(pdftex.def)             Requested size: 71.13188pt x 74.29483pt.
<./images//piano-non-conindice-retta.png, id=150, 475.7775pt x 578.16pt>
File: ./images//piano-non-conindice-retta.png Graphic file (type png)
<use ./images//piano-non-conindice-retta.png>
Package pdftex.def Info: ./images//piano-non-conindice-retta.png  used on input
 line 74.
(pdftex.def)             Requested size: 71.13188pt x 86.43794pt.
 [3 <./images/piani-incidenti.png> <./images/piani-coincidenti.png> <./images//
piano-incotra-retta.png> <./images//piano-coincide-retta.png> <./images//piano-
non-conindice-retta.png>]
Underfull \hbox (badness 10000) in paragraph at lines 125--129

 []

) (algoritmo-gauss.tex [4] [5]
Underfull \hbox (badness 10000) in paragraph at lines 163--167

 []


Overfull \hbox (15.94688pt too wide) detected at line 248
[] \OMS/cmsy/m/n/10 ) []
 []

[6]
Overfull \hbox (5.61066pt too wide) detected at line 305
[] \OT1/cmr/m/n/10 =[]\OMS/cmsy/m/n/10 ) [] [] \OT1/cmr/m/n/10 =[]\OMS/cmsy/m/n
/10 ) [] \OML/cmm/m/it/10 R[] \OT1/cmr/m/n/10 = \OML/cmm/m/it/10 R[] \OT1/cmr/m
/n/10 + 8\OML/cmm/m/it/10 R[]
 []

[7]
Overfull \hbox (6.017pt too wide) in paragraph at lines 420--422
[][]\OT1/cmr/bx/n/10 Definizione 2.1.2 \OT1/cmr/m/n/10 (Al-go-ritmo di Gauss-Jo
r-dan)\OT1/cmr/bx/n/10 . []\OT1/cmr/m/it/10 L'algoritmo sfrutta le 2 op-er-azio
ni viste per l'algoritmo
 []


Underfull \hbox (badness 4582) in paragraph at lines 446--446
\OT1/cmr/m/n/10 plichi-amo una riga per una
 []


Underfull \hbox (badness 10000) in paragraph at lines 454--454
[]\OT1/cmr/m/n/10 Applichiamo
 []


Underfull \hbox (badness 10000) in paragraph at lines 454--454
\OT1/cmr/m/n/10 l'algoritmo
 []


Underfull \hbox (badness 2073) in paragraph at lines 492--492
[]\OT1/cmr/m/n/10 La ma-trice ^^Re in forma
 []


Overfull \hbox (16.26163pt too wide) detected at line 501
\OMS/cmsy/m/n/10 ) []  [] [] ) [] \OML/cmm/m/it/10 R[] \OT1/cmr/m/n/10 = \OML/c
mm/m/it/10 R[] \OMS/cmsy/m/n/10 ^^@ \OML/cmm/m/it/10 R[]
 []

) (spazi-vettoriali.tex [8]
Underfull \hbox (badness 10000) in paragraph at lines 3--6

 []


Underfull \hbox (badness 10000) in paragraph at lines 88--91

 []


Underfull \hbox (badness 10000) in paragraph at lines 88--91

 []


LaTeX Warning: `!h' float specifier changed to `!ht'.

[9]
Underfull \hbox (badness 10000) in paragraph at lines 115--119

 []

[10]
Underfull \hbox (badness 10000) in paragraph at lines 147--160

 []


Underfull \hbox (badness 10000) in paragraph at lines 147--160

 []


Underfull \hbox (badness 10000) in paragraph at lines 147--160

 []


Underfull \hbox (badness 10000) in paragraph at lines 147--160

 []


Underfull \hbox (badness 10000) in paragraph at lines 147--160

 []


Underfull \hbox (badness 10000) in paragraph at lines 147--160

 []

[11]
Underfull \hbox (badness 10000) in paragraph at lines 211--214

 []


Underfull \hbox (badness 10000) in paragraph at lines 228--231

 []

[12]
Underfull \hbox (badness 10000) in paragraph at lines 287--292

 []


Underfull \hbox (badness 10000) in paragraph at lines 287--292

 []


Overfull \hbox (10.1314pt too wide) in paragraph at lines 309--310
[][]\OT1/cmr/bx/n/10 Proposizione 3.6.1. []\OT1/cmr/m/it/10 Sia V uno spazio ve
t-to-ri-ale che am-mette una base $\OML/cmm/m/it/10 e[]; e[]; []  ; e[]$\OT1/cm
r/m/it/10 . Se $\OML/cmm/m/it/10 v[]; v[]; []  ; v[] \OMS/cmsy/m/n/10 2
 []


Underfull \hbox (badness 10000) in paragraph at lines 313--334

 []


Underfull \hbox (badness 10000) in paragraph at lines 313--334

 []


Underfull \hbox (badness 10000) in paragraph at lines 313--334

 []


Underfull \hbox (badness 10000) in paragraph at lines 313--334

 []

[13]
Overfull \hbox (1.39563pt too wide) in paragraph at lines 354--356
[][]\OT1/cmr/bx/n/10 Dimotrazione 3.7.1. []\OT1/cmr/m/n/10 Dob-bi-amo ver-i-fi-
care che $\OML/cmm/m/it/10 span\OT1/cmr/m/n/10 (\OML/cmm/m/it/10 v[]; []  ; v[]
\OT1/cmr/m/n/10 ) = \OML/cmm/m/it/10 V$\OT1/cmr/m/n/10 . Sap-pi-amo che $\OML/c
mm/m/it/10 span\OT1/cmr/m/n/10 (\OML/cmm/m/it/10 v[]; []  ; v[]\OT1/cmr/m/n/10 
)$
 []

[14]
Overfull \hbox (21.9483pt too wide) detected at line 478
[] [] \OMS/cmsy/m/n/10 ) [] [] ) [] \OML/cmm/m/it/10 R[] \OMS/cmsy/m/n/10 ^^@ \
OML/cmm/m/it/10 R[] \OMS/cmsy/m/n/10 ) []
 []


Overfull \hbox (6.45654pt too wide) in paragraph at lines 528--529
[][]\OT1/cmr/bx/n/10 Dimotrazione 3.7.3. []$\OML/cmm/m/it/10 spa\OT1/cmr/m/n/10
 (\OML/cmm/m/it/10 v[] []  ; v[]\OT1/cmr/m/n/10 )$ non pu^^Ro es-sere V, perch^
^Se se $\OML/cmm/m/it/10 span\OT1/cmr/m/n/10 (\OML/cmm/m/it/10 v[]; []  ; v[]\O
T1/cmr/m/n/10 ) = \OML/cmm/m/it/10 V \OT1/cmr/m/n/10 =[]\OMS/cmsy/m/n/10 ) \OML
/cmm/m/it/10 v[]; []  ; v[]$
 []

[15] [16]
Overfull \hbox (21.6787pt too wide) detected at line 655
[] \OMS/cmsy/m/n/10 ) \OML/cmm/m/it/10 v \OT1/cmr/m/n/10 + \OML/cmm/m/it/10 w \
OT1/cmr/m/n/10 = (\OML/cmm/m/it/10 v[] \OT1/cmr/m/n/10 + \OML/cmm/m/it/10 w[]\O
T1/cmr/m/n/10 ) + (\OML/cmm/m/it/10 v[] \OT1/cmr/m/n/10 + \OML/cmm/m/it/10 w[]\
OT1/cmr/m/n/10 ) \OMS/cmsy/m/n/10 2 \OML/cmm/m/it/10 V[] \OT1/cmr/m/n/10 + \OML
/cmm/m/it/10 V[][]\OT1/cmr/m/n/10 (\OML/cmm/m/it/10 v[] \OT1/cmr/m/n/10 + \OML/
cmm/m/it/10 w[]\OT1/cmr/m/n/10 ) \OMS/cmsy/m/n/10 2 \OML/cmm/m/it/10 V[]; \OT1/
cmr/m/n/10 (\OML/cmm/m/it/10 v[] \OT1/cmr/m/n/10 + \OML/cmm/m/it/10 w[]\OT1/cmr
/m/n/10 ) \OMS/cmsy/m/n/10 2 \OML/cmm/m/it/10 V[]
 []


Underfull \hbox (badness 10000) in paragraph at lines 683--692

 []


Underfull \hbox (badness 10000) in paragraph at lines 683--692

 []

[17]
Underfull \hbox (badness 10000) in paragraph at lines 714--717

 []


Underfull \hbox (badness 10000) in paragraph at lines 714--717

 []


Underfull \hbox (badness 10000) in paragraph at lines 775--777

 []


Underfull \hbox (badness 10000) in paragraph at lines 804--807

 []

[18]) (applicazione-lineare.tex [19] [20]

LaTeX Warning: Command \i invalid in math mode on input line 62.


Underfull \hbox (badness 10000) in paragraph at lines 57--63

 []


Underfull \hbox (badness 10000) in paragraph at lines 57--63

 []


Underfull \hbox (badness 10000) in paragraph at lines 57--63

 []

) [21] (main.aux)
Package rerunfilecheck Info: File `main.out' has not changed.
(rerunfilecheck)             Checksum: 64A51B5DEAB329E28A48CB708E29E129;3380.
 ) 
Here is how much of TeX's memory you used:
 14430 strings out of 478338
 241264 string characters out of 2830528
 591245 words of memory out of 3000000
 32444 multiletter control sequences out of 15000+600000
 481297 words of font info for 73 fonts, out of 8000000 for 9000
 1141 hyphenation exceptions out of 8191
 72i,13n,77p,1044b,668s stack positions out of 10000i,1000n,20000p,200000b,80000s
 <C:\Users\Filippo Ghirardini\AppData\Local\MiKTeX\fonts/pk/ljfour/jknappen/e
c/dpi600\tcrm1000.pk> <C:\Users\Filippo Ghirardini\AppData\Local\MiKTeX\fonts/p
k/ljfour/jknappen/ec/dpi600\tcrm0900.pk> <C:\Users\Filippo Ghirardini\AppData\L
ocal\MiKTeX\fonts/pk/ljfour/jknappen/ec/dpi600\tcrm1728.pk><C:/Users/Filippo Gh
irardini/AppData/Local/Programs/MiKTeX/fonts/type1/public/amsfonts/cm/cmbx10.pf
b><C:/Users/Filippo Ghirardini/AppData/Local/Programs/MiKTeX/fonts/type1/public
/amsfonts/cm/cmbx12.pfb><C:/Users/Filippo Ghirardini/AppData/Local/Programs/MiK
TeX/fonts/type1/public/amsfonts/cm/cmbxti10.pfb><C:/Users/Filippo Ghirardini/Ap
pData/Local/Programs/MiKTeX/fonts/type1/public/amsfonts/cm/cmex10.pfb><C:/Users
/Filippo Ghirardini/AppData/Local/Programs/MiKTeX/fonts/type1/public/amsfonts/c
m/cmmi10.pfb><C:/Users/Filippo Ghirardini/AppData/Local/Programs/MiKTeX/fonts/t
ype1/public/amsfonts/cm/cmmi5.pfb><C:/Users/Filippo Ghirardini/AppData/Local/Pr
ograms/MiKTeX/fonts/type1/public/amsfonts/cm/cmmi7.pfb><C:/Users/Filippo Ghirar
dini/AppData/Local/Programs/MiKTeX/fonts/type1/public/amsfonts/cm/cmmi9.pfb><C:
/Users/Filippo Ghirardini/AppData/Local/Programs/MiKTeX/fonts/type1/public/amsf
onts/cm/cmr10.pfb><C:/Users/Filippo Ghirardini/AppData/Local/Programs/MiKTeX/fo
nts/type1/public/amsfonts/cm/cmr12.pfb><C:/Users/Filippo Ghirardini/AppData/Loc
al/Programs/MiKTeX/fonts/type1/public/amsfonts/cm/cmr17.pfb><C:/Users/Filippo G
hirardini/AppData/Local/Programs/MiKTeX/fonts/type1/public/amsfonts/cm/cmr5.pfb
><C:/Users/Filippo Ghirardini/AppData/Local/Programs/MiKTeX/fonts/type1/public/
amsfonts/cm/cmr6.pfb><C:/Users/Filippo Ghirardini/AppData/Local/Programs/MiKTeX
/fonts/type1/public/amsfonts/cm/cmr7.pfb><C:/Users/Filippo Ghirardini/AppData/L
ocal/Programs/MiKTeX/fonts/type1/public/amsfonts/cm/cmr9.pfb><C:/Users/Filippo 
Ghirardini/AppData/Local/Programs/MiKTeX/fonts/type1/public/amsfonts/cm/cmsy10.
pfb><C:/Users/Filippo Ghirardini/AppData/Local/Programs/MiKTeX/fonts/type1/publ
ic/amsfonts/cm/cmsy5.pfb><C:/Users/Filippo Ghirardini/AppData/Local/Programs/Mi
KTeX/fonts/type1/public/amsfonts/cm/cmsy7.pfb><C:/Users/Filippo Ghirardini/AppD
ata/Local/Programs/MiKTeX/fonts/type1/public/amsfonts/cm/cmsy9.pfb><C:/Users/Fi
lippo Ghirardini/AppData/Local/Programs/MiKTeX/fonts/type1/public/amsfonts/cm/c
mti10.pfb><C:/Users/Filippo Ghirardini/AppData/Local/Programs/MiKTeX/fonts/type
1/public/amsfonts/symbols/msam10.pfb><C:/Users/Filippo Ghirardini/AppData/Local
/Programs/MiKTeX/fonts/type1/public/amsfonts/symbols/msbm10.pfb><C:/Users/Filip
po Ghirardini/AppData/Local/Programs/MiKTeX/fonts/type1/public/amsfonts/symbols
/msbm7.pfb>
Output written on main.pdf (22 pages, 634266 bytes).
PDF statistics:
 527 PDF objects out of 1000 (max. 8388607)
 182 named destinations out of 1000 (max. 500000)
 206 words of extra memory for PDF output out of 10000 (max. 10000000)

