This is pdfTeX, Version 3.141592653-2.6-1.40.24 (MiKTeX 22.7) (preloaded format=pdflatex 2022.9.20)  20 SEP 2022 22:22
entering extended mode
 restricted \write18 enabled.
 %&-line parsing enabled.
**./main.tex
(main.tex
LaTeX2e <2022-06-01> patch level 5
L3 programming layer <2022-07-04>
(C:\Users\Filippo Ghirardini\AppData\Local\Programs\MiKTeX\tex/latex/base\artic
le.cls
Document Class: article 2021/10/04 v1.4n Standard LaTeX document class

(C:\Users\Filippo Ghirardini\AppData\Local\Programs\MiKTeX\tex/latex/base\size1
0.clo
File: size10.clo 2021/10/04 v1.4n Standard LaTeX file (size option)
)
\c@part=\count185
\c@section=\count186
\c@subsection=\count187
\c@subsubsection=\count188
\c@paragraph=\count189
\c@subparagraph=\count190
\c@figure=\count191
\c@table=\count192
\abovecaptionskip=\skip47
\belowcaptionskip=\skip48
\bibindent=\dimen138
)
(C:\Users\Filippo Ghirardini\AppData\Local\Programs\MiKTeX\tex/latex/base\input
enc.sty
Package: inputenc 2021/02/14 v1.3d Input encoding file
\inpenc@prehook=\toks16
\inpenc@posthook=\toks17
)
(C:\Users\Filippo Ghirardini\AppData\Local\Programs\MiKTeX\tex/latex/amsmath\am
smath.sty
Package: amsmath 2022/04/08 v2.17n AMS math features
\@mathmargin=\skip49

For additional information on amsmath, use the `?' option.

(C:\Users\Filippo Ghirardini\AppData\Local\Programs\MiKTeX\tex/latex/amsmath\am
stext.sty
Package: amstext 2021/08/26 v2.01 AMS text

(C:\Users\Filippo Ghirardini\AppData\Local\Programs\MiKTeX\tex/latex/amsmath\am
sgen.sty
File: amsgen.sty 1999/11/30 v2.0 generic functions
\@emptytoks=\toks18
\ex@=\dimen139
))
(C:\Users\Filippo Ghirardini\AppData\Local\Programs\MiKTeX\tex/latex/amsmath\am
sbsy.sty
Package: amsbsy 1999/11/29 v1.2d Bold Symbols
\pmbraise@=\dimen140
)
(C:\Users\Filippo Ghirardini\AppData\Local\Programs\MiKTeX\tex/latex/amsmath\am
sopn.sty
Package: amsopn 2022/04/08 v2.04 operator names
)
\inf@bad=\count193
LaTeX Info: Redefining \frac on input line 234.
\uproot@=\count194
\leftroot@=\count195
LaTeX Info: Redefining \overline on input line 399.
LaTeX Info: Redefining \colon on input line 410.
\classnum@=\count196
\DOTSCASE@=\count197
LaTeX Info: Redefining \ldots on input line 496.
LaTeX Info: Redefining \dots on input line 499.
LaTeX Info: Redefining \cdots on input line 620.
\Mathstrutbox@=\box51
\strutbox@=\box52
LaTeX Info: Redefining \big on input line 722.
LaTeX Info: Redefining \Big on input line 723.
LaTeX Info: Redefining \bigg on input line 724.
LaTeX Info: Redefining \Bigg on input line 725.
\big@size=\dimen141
LaTeX Font Info:    Redeclaring font encoding OML on input line 743.
LaTeX Font Info:    Redeclaring font encoding OMS on input line 744.
\macc@depth=\count198
LaTeX Info: Redefining \bmod on input line 905.
LaTeX Info: Redefining \pmod on input line 910.
LaTeX Info: Redefining \smash on input line 940.
LaTeX Info: Redefining \relbar on input line 970.
LaTeX Info: Redefining \Relbar on input line 971.
\c@MaxMatrixCols=\count199
\dotsspace@=\muskip16
\c@parentequation=\count266
\dspbrk@lvl=\count267
\tag@help=\toks19
\row@=\count268
\column@=\count269
\maxfields@=\count270
\andhelp@=\toks20
\eqnshift@=\dimen142
\alignsep@=\dimen143
\tagshift@=\dimen144
\tagwidth@=\dimen145
\totwidth@=\dimen146
\lineht@=\dimen147
\@envbody=\toks21
\multlinegap=\skip50
\multlinetaggap=\skip51
\mathdisplay@stack=\toks22
LaTeX Info: Redefining \[ on input line 2953.
LaTeX Info: Redefining \] on input line 2954.
)
(C:\Users\Filippo Ghirardini\AppData\Local\Programs\MiKTeX\tex/latex/graphics\g
raphicx.sty
Package: graphicx 2021/09/16 v1.2d Enhanced LaTeX Graphics (DPC,SPQR)

(C:\Users\Filippo Ghirardini\AppData\Local\Programs\MiKTeX\tex/latex/graphics\k
eyval.sty
Package: keyval 2022/05/29 v1.15 key=value parser (DPC)
\KV@toks@=\toks23
)
(C:\Users\Filippo Ghirardini\AppData\Local\Programs\MiKTeX\tex/latex/graphics\g
raphics.sty
Package: graphics 2022/03/10 v1.4e Standard LaTeX Graphics (DPC,SPQR)

(C:\Users\Filippo Ghirardini\AppData\Local\Programs\MiKTeX\tex/latex/graphics\t
rig.sty
Package: trig 2021/08/11 v1.11 sin cos tan (DPC)
)
(C:\Users\Filippo Ghirardini\AppData\Local\Programs\MiKTeX\tex/latex/graphics-c
fg\graphics.cfg
File: graphics.cfg 2016/06/04 v1.11 sample graphics configuration
)
Package graphics Info: Driver file: pdftex.def on input line 107.

(C:\Users\Filippo Ghirardini\AppData\Local\Programs\MiKTeX\tex/latex/graphics-d
ef\pdftex.def
File: pdftex.def 2020/10/05 v1.2a Graphics/color driver for pdftex
))
\Gin@req@height=\dimen148
\Gin@req@width=\dimen149
)
(C:\Users\Filippo Ghirardini\AppData\Local\Programs\MiKTeX\tex/latex/amsfonts\a
msfonts.sty
Package: amsfonts 2013/01/14 v3.01 Basic AMSFonts support
\symAMSa=\mathgroup4
\symAMSb=\mathgroup5
LaTeX Font Info:    Redeclaring math symbol \hbar on input line 98.
LaTeX Font Info:    Overwriting math alphabet `\mathfrak' in version `bold'
(Font)                  U/euf/m/n --> U/euf/b/n on input line 106.
)
(C:\Users\Filippo Ghirardini\AppData\Local\Programs\MiKTeX\tex/latex/amscls\ams
thm.sty
Package: amsthm 2020/05/29 v2.20.6
\thm@style=\toks24
\thm@bodyfont=\toks25
\thm@headfont=\toks26
\thm@notefont=\toks27
\thm@headpunct=\toks28
\thm@preskip=\skip52
\thm@postskip=\skip53
\thm@headsep=\skip54
\dth@everypar=\toks29
)
(C:\Users\Filippo Ghirardini\AppData\Local\Programs\MiKTeX\tex/latex/amsfonts\a
mssymb.sty
Package: amssymb 2013/01/14 v3.01 AMS font symbols
)
(C:\Users\Filippo Ghirardini\AppData\Local\Programs\MiKTeX\tex/latex/wrapfig\wr
apfig.sty
\wrapoverhang=\dimen150
\WF@size=\dimen151
\c@WF@wrappedlines=\count271
\WF@box=\box53
\WF@everypar=\toks30
Package: wrapfig 2003/01/31  v 3.6
)
(C:\Users\Filippo Ghirardini\AppData\Local\Programs\MiKTeX\tex/latex/caption\ca
ption.sty
Package: caption 2022/03/01 v3.6b Customizing captions (AR)

(C:\Users\Filippo Ghirardini\AppData\Local\Programs\MiKTeX\tex/latex/caption\ca
ption3.sty
Package: caption3 2022/03/17 v2.3b caption3 kernel (AR)
\caption@tempdima=\dimen152
\captionmargin=\dimen153
\caption@leftmargin=\dimen154
\caption@rightmargin=\dimen155
\caption@width=\dimen156
\caption@indent=\dimen157
\caption@parindent=\dimen158
\caption@hangindent=\dimen159
Package caption Info: Standard document class detected.
)
\c@caption@flags=\count272
\c@continuedfloat=\count273
Package caption Info: wrapfig package is loaded.
)
(C:\Users\Filippo Ghirardini\AppData\Local\Programs\MiKTeX\tex/latex/caption\su
bcaption.sty
Package: subcaption 2022/01/07 v1.5 Sub-captions (AR)
\c@subfigure=\count274
\c@subtable=\count275
)
(C:\Users\Filippo Ghirardini\AppData\Local\Programs\MiKTeX\tex/latex/hyperref\h
yperref.sty
Package: hyperref 2022-06-20 v7.00s Hypertext links for LaTeX

(C:\Users\Filippo Ghirardini\AppData\Local\Programs\MiKTeX\tex/generic/ltxcmds\
ltxcmds.sty
Package: ltxcmds 2020-05-10 v1.25 LaTeX kernel commands for general use (HO)
)
(C:\Users\Filippo Ghirardini\AppData\Local\Programs\MiKTeX\tex/generic/iftex\if
tex.sty
Package: iftex 2022/02/03 v1.0f TeX engine tests
)
(C:\Users\Filippo Ghirardini\AppData\Local\Programs\MiKTeX\tex/generic/pdftexcm
ds\pdftexcmds.sty
Package: pdftexcmds 2020-06-27 v0.33 Utility functions of pdfTeX for LuaTeX (HO
)

(C:\Users\Filippo Ghirardini\AppData\Local\Programs\MiKTeX\tex/generic/infwarer
r\infwarerr.sty
Package: infwarerr 2019/12/03 v1.5 Providing info/warning/error messages (HO)
)
Package pdftexcmds Info: \pdf@primitive is available.
Package pdftexcmds Info: \pdf@ifprimitive is available.
Package pdftexcmds Info: \pdfdraftmode found.
)
(C:\Users\Filippo Ghirardini\AppData\Local\Programs\MiKTeX\tex/generic/kvsetkey
s\kvsetkeys.sty
Package: kvsetkeys 2019/12/15 v1.18 Key value parser (HO)
)
(C:\Users\Filippo Ghirardini\AppData\Local\Programs\MiKTeX\tex/generic/kvdefine
keys\kvdefinekeys.sty
Package: kvdefinekeys 2019-12-19 v1.6 Define keys (HO)
)
(C:\Users\Filippo Ghirardini\AppData\Local\Programs\MiKTeX\tex/generic/pdfescap
e\pdfescape.sty
Package: pdfescape 2019/12/09 v1.15 Implements pdfTeX's escape features (HO)
)
(C:\Users\Filippo Ghirardini\AppData\Local\Programs\MiKTeX\tex/latex/hycolor\hy
color.sty
Package: hycolor 2020-01-27 v1.10 Color options for hyperref/bookmark (HO)
)
(C:\Users\Filippo Ghirardini\AppData\Local\Programs\MiKTeX\tex/latex/letltxmacr
o\letltxmacro.sty
Package: letltxmacro 2019/12/03 v1.6 Let assignment for LaTeX macros (HO)
)
(C:\Users\Filippo Ghirardini\AppData\Local\Programs\MiKTeX\tex/latex/auxhook\au
xhook.sty
Package: auxhook 2019-12-17 v1.6 Hooks for auxiliary files (HO)
)
(C:\Users\Filippo Ghirardini\AppData\Local\Programs\MiKTeX\tex/latex/hyperref\n
ameref.sty
Package: nameref 2022-05-17 v2.50 Cross-referencing by name of section

(C:\Users\Filippo Ghirardini\AppData\Local\Programs\MiKTeX\tex/latex/refcount\r
efcount.sty
Package: refcount 2019/12/15 v3.6 Data extraction from label references (HO)
)
(C:\Users\Filippo Ghirardini\AppData\Local\Programs\MiKTeX\tex/generic/gettitle
string\gettitlestring.sty
Package: gettitlestring 2019/12/15 v1.6 Cleanup title references (HO)

(C:\Users\Filippo Ghirardini\AppData\Local\Programs\MiKTeX\tex/latex/kvoptions\
kvoptions.sty
Package: kvoptions 2022-06-15 v3.15 Key value format for package options (HO)
))
\c@section@level=\count276
)
\@linkdim=\dimen160
\Hy@linkcounter=\count277
\Hy@pagecounter=\count278

(C:\Users\Filippo Ghirardini\AppData\Local\Programs\MiKTeX\tex/latex/hyperref\p
d1enc.def
File: pd1enc.def 2022-06-20 v7.00s Hyperref: PDFDocEncoding definition (HO)
Now handling font encoding PD1 ...
... no UTF-8 mapping file for font encoding PD1
)
(C:\Users\Filippo Ghirardini\AppData\Local\Programs\MiKTeX\tex/generic/intcalc\
intcalc.sty
Package: intcalc 2019/12/15 v1.3 Expandable calculations with integers (HO)
)
(C:\Users\Filippo Ghirardini\AppData\Local\Programs\MiKTeX\tex/generic/etexcmds
\etexcmds.sty
Package: etexcmds 2019/12/15 v1.7 Avoid name clashes with e-TeX commands (HO)
)
\Hy@SavedSpaceFactor=\count279

(C:\Users\Filippo Ghirardini\AppData\Local\Programs\MiKTeX\tex/latex/hyperref\p
uenc.def
File: puenc.def 2022-06-20 v7.00s Hyperref: PDF Unicode definition (HO)
Now handling font encoding PU ...
... no UTF-8 mapping file for font encoding PU
)
Package hyperref Info: Hyper figures OFF on input line 4162.
Package hyperref Info: Link nesting OFF on input line 4167.
Package hyperref Info: Hyper index ON on input line 4170.
Package hyperref Info: Plain pages OFF on input line 4177.
Package hyperref Info: Backreferencing OFF on input line 4182.
Package hyperref Info: Implicit mode ON; LaTeX internals redefined.
Package hyperref Info: Bookmarks ON on input line 4408.
\c@Hy@tempcnt=\count280

(C:\Users\Filippo Ghirardini\AppData\Local\Programs\MiKTeX\tex/latex/url\url.st
y
\Urlmuskip=\muskip17
Package: url 2013/09/16  ver 3.4  Verb mode for urls, etc.
)
LaTeX Info: Redefining \url on input line 4746.
\XeTeXLinkMargin=\dimen161

(C:\Users\Filippo Ghirardini\AppData\Local\Programs\MiKTeX\tex/generic/bitset\b
itset.sty
Package: bitset 2019/12/09 v1.3 Handle bit-vector datatype (HO)

(C:\Users\Filippo Ghirardini\AppData\Local\Programs\MiKTeX\tex/generic/bigintca
lc\bigintcalc.sty
Package: bigintcalc 2019/12/15 v1.5 Expandable calculations on big integers (HO
)
))
\Fld@menulength=\count281
\Field@Width=\dimen162
\Fld@charsize=\dimen163
Package hyperref Info: Hyper figures OFF on input line 6024.
Package hyperref Info: Link nesting OFF on input line 6029.
Package hyperref Info: Hyper index ON on input line 6032.
Package hyperref Info: backreferencing OFF on input line 6039.
Package hyperref Info: Link coloring OFF on input line 6044.
Package hyperref Info: Link coloring with OCG OFF on input line 6049.
Package hyperref Info: PDF/A mode OFF on input line 6054.

(C:\Users\Filippo Ghirardini\AppData\Local\Programs\MiKTeX\tex/latex/base\atbeg
shi-ltx.sty
Package: atbegshi-ltx 2021/01/10 v1.0c Emulation of the original atbegshi
package with kernel methods
)
\Hy@abspage=\count282
\c@Item=\count283
\c@Hfootnote=\count284
)
Package hyperref Info: Driver (autodetected): hpdftex.

(C:\Users\Filippo Ghirardini\AppData\Local\Programs\MiKTeX\tex/latex/hyperref\h
pdftex.def
File: hpdftex.def 2022-06-20 v7.00s Hyperref driver for pdfTeX

(C:\Users\Filippo Ghirardini\AppData\Local\Programs\MiKTeX\tex/latex/base\atver
yend-ltx.sty
Package: atveryend-ltx 2020/08/19 v1.0a Emulation of the original atveryend pac
kage
with kernel methods
)
\Fld@listcount=\count285
\c@bookmark@seq@number=\count286

(C:\Users\Filippo Ghirardini\AppData\Local\Programs\MiKTeX\tex/latex/rerunfilec
heck\rerunfilecheck.sty
Package: rerunfilecheck 2022-07-10 v1.10 Rerun checks for auxiliary files (HO)

(C:\Users\Filippo Ghirardini\AppData\Local\Programs\MiKTeX\tex/generic/uniqueco
unter\uniquecounter.sty
Package: uniquecounter 2019/12/15 v1.4 Provide unlimited unique counter (HO)
)
Package uniquecounter Info: New unique counter `rerunfilecheck' on input line 2
85.
)
\Hy@SectionHShift=\skip55
)
Package hyperref Info: Option `colorlinks' set `true' on input line 23.

(C:\Users\Filippo Ghirardini\AppData\Local\Programs\MiKTeX\tex/latex/geometry\g
eometry.sty
Package: geometry 2020/01/02 v5.9 Page Geometry

(C:\Users\Filippo Ghirardini\AppData\Local\Programs\MiKTeX\tex/generic/iftex\if
vtex.sty
Package: ifvtex 2019/10/25 v1.7 ifvtex legacy package. Use iftex instead.
)
\Gm@cnth=\count287
\Gm@cntv=\count288
\c@Gm@tempcnt=\count289
\Gm@bindingoffset=\dimen164
\Gm@wd@mp=\dimen165
\Gm@odd@mp=\dimen166
\Gm@even@mp=\dimen167
\Gm@layoutwidth=\dimen168
\Gm@layoutheight=\dimen169
\Gm@layouthoffset=\dimen170
\Gm@layoutvoffset=\dimen171
\Gm@dimlist=\toks31

(C:\Users\Filippo Ghirardini\AppData\Local\Programs\MiKTeX\tex/latex/geometry\g
eometry.cfg))
\c@note=\count290
\c@definition=\count291
\c@example=\count292
\c@demostration=\count293
\c@proposition=\count294
\c@theorem=\count295
\c@lemma=\count296
\c@corollar=\count297

(C:\Users\Filippo Ghirardini\AppData\Local\Programs\MiKTeX\tex/latex/fancyhdr\f
ancyhdr.sty
Package: fancyhdr 2022/05/18 v4.0.3 Extensive control of page headers and foote
rs
\f@nch@headwidth=\skip56
\f@nch@O@elh=\skip57
\f@nch@O@erh=\skip58
\f@nch@O@olh=\skip59
\f@nch@O@orh=\skip60
\f@nch@O@elf=\skip61
\f@nch@O@erf=\skip62
\f@nch@O@olf=\skip63
\f@nch@O@orf=\skip64
)

Package fancyhdr Warning: \fancyhead's `E' option without twoside option is use
less on input line 58.


Package fancyhdr Warning: \fancyhead's `E' option without twoside option is use
less on input line 59.


Package fancyhdr Warning: \fancyfoot's `E' option without twoside option is use
less on input line 60.


Package fancyhdr Warning: \fancyfoot's `E' option without twoside option is use
less on input line 61.


(C:\Users\Filippo Ghirardini\AppData\Local\Programs\MiKTeX\tex/generic/babel\ba
bel.sty
Package: babel 2022/06/26 3.77 The Babel package
\babel@savecnt=\count298
\U@D=\dimen172
\l@unhyphenated=\language79

(C:\Users\Filippo Ghirardini\AppData\Local\Programs\MiKTeX\tex/generic/babel\tx
tbabel.def)
\bbl@readstream=\read2
\bbl@dirlevel=\count299

*************************************
* Local config file bblopts.cfg used
*

(C:\Users\Filippo Ghirardini\AppData\Local\Programs\MiKTeX\tex/latex/arabi\bblo
pts.cfg
File: bblopts.cfg 2005/09/08 v0.1 add Arabic and Farsi to "declared" options of
 babel
)
(C:\Users\Filippo Ghirardini\AppData\Local\Programs\MiKTeX\tex/latex/babel-ital
ian\italian.ldf
Language: italian 2022/03/27 v.1.4.07 Italian support for the babel system
\it@lettering=\count300
\it@doublequoteactive=\count301
\it@ISOcompliance=\count302
)
(C:\Users\Filippo Ghirardini\AppData\Local\Programs\MiKTeX\tex/latex/babel-engl
ish\english.ldf
Language: english 2017/06/06 v3.3r English support from the babel system
Package babel Info: Hyphen rules for 'canadian' set to \l@english
(babel)             (\language0). Reported on input line 102.
Package babel Info: Hyphen rules for 'australian' set to \l@ukenglish
(babel)             (\language73). Reported on input line 105.
Package babel Info: Hyphen rules for 'newzealand' set to \l@ukenglish
(babel)             (\language73). Reported on input line 108.
))
(C:\Users\Filippo Ghirardini\AppData\Local\Programs\MiKTeX\tex/generic/babel/lo
cale/en\babel-english.tex
Package babel Info: Importing font and identification data for english
(babel)             from babel-en.ini. Reported on input line 11.
)
(C:\Users\Filippo Ghirardini\AppData\Local\Programs\MiKTeX\tex/generic/babel/lo
cale/it\babel-italian.tex
Package babel Info: Importing font and identification data for italian
(babel)             from babel-it.ini. Reported on input line 11.
)
(C:\Users\Filippo Ghirardini\AppData\Local\Programs\MiKTeX\tex/latex/etoolbox\e
toolbox.sty
Package: etoolbox 2020/10/05 v2.5k e-TeX tools for LaTeX (JAW)
\etb@tempcnta=\count303
)
(C:\Users\Filippo Ghirardini\AppData\Local\Programs\MiKTeX\tex/latex/l3backend\
l3backend-pdftex.def
File: l3backend-pdftex.def 2022-07-01 L3 backend support: PDF output (pdfTeX)
\l__color_backend_stack_int=\count304
\l__pdf_internal_box=\box54
) (main.aux

LaTeX Warning: Label `' multiply defined.


LaTeX Warning: Label `sub@' multiply defined.


LaTeX Warning: Label `' multiply defined.


LaTeX Warning: Label `sub@' multiply defined.


LaTeX Warning: Label `' multiply defined.


LaTeX Warning: Label `sub@' multiply defined.


LaTeX Warning: Label `' multiply defined.


LaTeX Warning: Label `sub@' multiply defined.


LaTeX Warning: Label `' multiply defined.


LaTeX Warning: Label `sub@' multiply defined.


LaTeX Warning: Label `' multiply defined.


LaTeX Warning: Label `sub@' multiply defined.


LaTeX Warning: Label `' multiply defined.


LaTeX Warning: Label `sub@' multiply defined.

)
\openout1 = `main.aux'.

LaTeX Font Info:    Checking defaults for OML/cmm/m/it on input line 76.
LaTeX Font Info:    ... okay on input line 76.
LaTeX Font Info:    Checking defaults for OMS/cmsy/m/n on input line 76.
LaTeX Font Info:    ... okay on input line 76.
LaTeX Font Info:    Checking defaults for OT1/cmr/m/n on input line 76.
LaTeX Font Info:    ... okay on input line 76.
LaTeX Font Info:    Checking defaults for T1/cmr/m/n on input line 76.
LaTeX Font Info:    ... okay on input line 76.
LaTeX Font Info:    Checking defaults for TS1/cmr/m/n on input line 76.
LaTeX Font Info:    ... okay on input line 76.
LaTeX Font Info:    Checking defaults for OMX/cmex/m/n on input line 76.
LaTeX Font Info:    ... okay on input line 76.
LaTeX Font Info:    Checking defaults for U/cmr/m/n on input line 76.
LaTeX Font Info:    ... okay on input line 76.
LaTeX Font Info:    Checking defaults for PD1/pdf/m/n on input line 76.
LaTeX Font Info:    ... okay on input line 76.
LaTeX Font Info:    Checking defaults for PU/pdf/m/n on input line 76.
LaTeX Font Info:    ... okay on input line 76.

(C:\Users\Filippo Ghirardini\AppData\Local\Programs\MiKTeX\tex/context/base/mki
i\supp-pdf.mkii
[Loading MPS to PDF converter (version 2006.09.02).]
\scratchcounter=\count305
\scratchdimen=\dimen173
\scratchbox=\box55
\nofMPsegments=\count306
\nofMParguments=\count307
\everyMPshowfont=\toks32
\MPscratchCnt=\count308
\MPscratchDim=\dimen174
\MPnumerator=\count309
\makeMPintoPDFobject=\count310
\everyMPtoPDFconversion=\toks33
)
(C:\Users\Filippo Ghirardini\AppData\Local\Programs\MiKTeX\tex/latex/epstopdf-p
kg\epstopdf-base.sty
Package: epstopdf-base 2020-01-24 v2.11 Base part for package epstopdf
Package epstopdf-base Info: Redefining graphics rule for `.eps' on input line 4
85.

(C:\Users\Filippo Ghirardini\AppData\Local\Programs\MiKTeX\tex/latex/00miktex\e
pstopdf-sys.cfg
File: epstopdf-sys.cfg 2021/03/18 v2.0 Configuration of epstopdf for MiKTeX
))
Package caption Info: Begin \AtBeginDocument code.
Package caption Info: hyperref package is loaded.
Package caption Info: End \AtBeginDocument code.

(C:\Users\Filippo Ghirardini\AppData\Local\Programs\MiKTeX\tex/latex/graphics\c
olor.sty
Package: color 2022/01/06 v1.3d Standard LaTeX Color (DPC)

(C:\Users\Filippo Ghirardini\AppData\Local\Programs\MiKTeX\tex/latex/graphics-c
fg\color.cfg
File: color.cfg 2016/01/02 v1.6 sample color configuration
)
Package color Info: Driver file: pdftex.def on input line 149.

(C:\Users\Filippo Ghirardini\AppData\Local\Programs\MiKTeX\tex/latex-dev/graphi
cs\mathcolor.ltx))
Package hyperref Info: Link coloring ON on input line 76.
 (main.out) (main.out)
\@outlinefile=\write3
\openout3 = `main.out'.


*geometry* driver: auto-detecting
*geometry* detected driver: pdftex
*geometry* verbose mode - [ preamble ] result:
* driver: pdftex
* paper: letterpaper
* layout: <same size as paper>
* layoutoffset:(h,v)=(0.0pt,0.0pt)
* modes: 
* h-part:(L,W,R)=(85.35826pt, 443.57848pt, 85.35826pt)
* v-part:(T,H,B)=(56.9055pt, 681.15898pt, 56.9055pt)
* \paperwidth=614.295pt
* \paperheight=794.96999pt
* \textwidth=443.57848pt
* \textheight=681.15898pt
* \oddsidemargin=13.08827pt
* \evensidemargin=13.08827pt
* \topmargin=-52.36449pt
* \headheight=12.0pt
* \headsep=25.0pt
* \topskip=10.0pt
* \footskip=30.0pt
* \marginparwidth=49.79231pt
* \marginparsep=11.0pt
* \columnsep=10.0pt
* \skip\footins=9.0pt plus 4.0pt minus 2.0pt
* \hoffset=0.0pt
* \voffset=0.0pt
* \mag=1000
* \@twocolumnfalse
* \@twosidefalse
* \@mparswitchfalse
* \@reversemarginfalse
* (1in=72.27pt=25.4mm, 1cm=28.453pt)

LaTeX Info: Redefining \it@ocap on input line 76.
LaTeX Info: Redefining \it@ccap on input line 76.

File italian.ldf warning: 
italian.ldf    With OT1 encoding guillemets are poorly faked
italian.ldf    Use T1 encoding
italian.ldf    or specify a font with command \CaporaliFrom
italian.ldf    See the documentation concerning the babel-italian typesetting 
italian.ldf    on input line 76.

(frontespizio.tex
<./images//marchio_unipi_pant541.png, id=431, 564.4287pt x 300.6432pt>
File: ./images//marchio_unipi_pant541.png Graphic file (type png)
<use ./images//marchio_unipi_pant541.png>
Package pdftex.def Info: ./images//marchio_unipi_pant541.png  used on input lin
e 3.
(pdftex.def)             Requested size: 434.705pt x 231.55101pt.
 [1

{C:/Users/Filippo Ghirardini/AppData/Local/MiKTeX/fonts/map/pdftex/pdftex.map} 
<./images//marchio_unipi_pant541.png

pdfTeX warning: pdflatex.exe (file ./images//marchio_unipi_pant541.png): large 
interlaced PNG might cause out of memory (use non-interlaced PNG to fix this)
>]) (main.toc
LaTeX Font Info:    Trying to load font information for U+msa on input line 3.

(C:\Users\Filippo Ghirardini\AppData\Local\Programs\MiKTeX\tex/latex/amsfonts\u
msa.fd
File: umsa.fd 2013/01/14 v3.01 AMS symbols A
)
LaTeX Font Info:    Trying to load font information for U+msb on input line 3.

(C:\Users\Filippo Ghirardini\AppData\Local\Programs\MiKTeX\tex/latex/amsfonts\u
msb.fd
File: umsb.fd 2013/01/14 v3.01 AMS symbols B
)
pdfTeX warning (ext4): destination with the same identifier (name{page.1}) has 
been already used, duplicate ignored
<to be read again> 
                   \relax 
l.55 ...e di equivalenza}{27}{subsubsection.4.5.1}
                                                  % [1])
\tf@toc=\write4
\openout4 = `main.toc'.

 [2] (insiemi.tex
Underfull \hbox (badness 10000) in paragraph at lines 2--7

 []


Underfull \hbox (badness 10000) in paragraph at lines 2--7

 []


LaTeX Warning: Command \O invalid in math mode on input line 32.

[3]
Underfull \hbox (badness 10000) in paragraph at lines 45--52

 []

<./images//Eulero-venn-contenuto-uguale.png, id=581, 326.21875pt x 232.87pt>
File: ./images//Eulero-venn-contenuto-uguale.png Graphic file (type png)
<use ./images//Eulero-venn-contenuto-uguale.png>
Package pdftex.def Info: ./images//Eulero-venn-contenuto-uguale.png  used on in
put line 56.
(pdftex.def)             Requested size: 170.71652pt x 121.8677pt.

Overfull \hbox (14.22638pt too wide) in paragraph at lines 56--57
[][] 
 []


LaTeX Warning: Command \O invalid in math mode on input line 64.


Underfull \hbox (badness 10000) in paragraph at lines 60--67

 []


Underfull \hbox (badness 10000) in paragraph at lines 60--67

 []


Underfull \hbox (badness 10000) in paragraph at lines 60--67

 []

[4 <./images//Eulero-venn-contenuto-uguale.png>]
Underfull \hbox (badness 10000) in paragraph at lines 91--93

 []

<./images//Unione.png, id=594, 795.97375pt x 490.83376pt>
File: ./images//Unione.png Graphic file (type png)
<use ./images//Unione.png>
Package pdftex.def Info: ./images//Unione.png  used on input line 100.
(pdftex.def)             Requested size: 142.26378pt x 87.72462pt.
<./images//Intersezione.png, id=595, 781.92125pt x 481.8pt>
File: ./images//Intersezione.png Graphic file (type png)
<use ./images//Intersezione.png>
Package pdftex.def Info: ./images//Intersezione.png  used on input line 106.
(pdftex.def)             Requested size: 142.26378pt x 87.65392pt.

Overfull \hbox (2.2222pt too wide) in paragraph at lines 98--110
[][] [] 
 []

<./images//Differenza.png, id=596, 773.89125pt x 481.8pt>
File: ./images//Differenza.png Graphic file (type png)
<use ./images//Differenza.png>
Package pdftex.def Info: ./images//Differenza.png  used on input line 118.
(pdftex.def)             Requested size: 142.26378pt x 88.56552pt.
<./images//Complemento.png, id=597, 583.17876pt x 536.0025pt>
File: ./images//Complemento.png Graphic file (type png)
<use ./images//Complemento.png>
Package pdftex.def Info: ./images//Complemento.png  used on input line 124.
(pdftex.def)             Requested size: 113.81102pt x 104.59776pt.

Overfull \hbox (2.2222pt too wide) in paragraph at lines 116--128
[][] [] 
 []


LaTeX Warning: Command \O invalid in math mode on input line 140.


LaTeX Warning: Command \O invalid in math mode on input line 143.


LaTeX Warning: Command \O invalid in math mode on input line 143.


LaTeX Warning: Command \O invalid in math mode on input line 145.


Overfull \hbox (12.08127pt too wide) in paragraph at lines 137--151
 [][] 
 []

[5 <./images//Unione.png> <./images//Intersezione.png> <./images//Differenza.pn
g> <./images//Complemento.png>]

LaTeX Warning: Command \O invalid in math mode on input line 157.


Underfull \hbox (badness 10000) in paragraph at lines 157--163

 []

<./images//Dimostrazione-distibutiva-eulero-venn-1.png, id=613, 974.64125pt x 6
51.43375pt>
File: ./images//Dimostrazione-distibutiva-eulero-venn-1.png Graphic file (type 
png)
<use ./images//Dimostrazione-distibutiva-eulero-venn-1.png>
Package pdftex.def Info: ./images//Dimostrazione-distibutiva-eulero-venn-1.png 
 used on input line 190.
(pdftex.def)             Requested size: 113.81102pt x 76.06137pt.
<./images//Dimostrazione-distibutiva-eulero-venn-2.png, id=614, 974.64125pt x 6
51.43375pt>
File: ./images//Dimostrazione-distibutiva-eulero-venn-2.png Graphic file (type 
png)
<use ./images//Dimostrazione-distibutiva-eulero-venn-2.png>
Package pdftex.def Info: ./images//Dimostrazione-distibutiva-eulero-venn-2.png 
 used on input line 196.
(pdftex.def)             Requested size: 113.81102pt x 76.06137pt.
<./images//Dimostrazione-distibutiva-eulero-venn-3.png, id=615, 974.64125pt x 6
51.43375pt>
File: ./images//Dimostrazione-distibutiva-eulero-venn-3.png Graphic file (type 
png)
<use ./images//Dimostrazione-distibutiva-eulero-venn-3.png>
Package pdftex.def Info: ./images//Dimostrazione-distibutiva-eulero-venn-3.png 
 used on input line 202.
(pdftex.def)             Requested size: 113.81102pt x 76.06137pt.
<./images//Dimostrazione-distibutiva-eulero-venn-4.png, id=616, 974.64125pt x 6
51.43375pt>
File: ./images//Dimostrazione-distibutiva-eulero-venn-4.png Graphic file (type 
png)
<use ./images//Dimostrazione-distibutiva-eulero-venn-4.png>
Package pdftex.def Info: ./images//Dimostrazione-distibutiva-eulero-venn-4.png 
 used on input line 209.
(pdftex.def)             Requested size: 113.81102pt x 76.06137pt.
<./images//Dimostrazione-distibutiva-eulero-venn-5.png, id=617, 974.64125pt x 6
51.43375pt>
File: ./images//Dimostrazione-distibutiva-eulero-venn-5.png Graphic file (type 
png)
<use ./images//Dimostrazione-distibutiva-eulero-venn-5.png>
Package pdftex.def Info: ./images//Dimostrazione-distibutiva-eulero-venn-5.png 
 used on input line 215.
(pdftex.def)             Requested size: 113.81102pt x 76.06137pt.
<./images//Dimostrazione-distibutiva-eulero-venn-6.png, id=618, 974.64125pt x 6
51.43375pt>
File: ./images//Dimostrazione-distibutiva-eulero-venn-6.png Graphic file (type 
png)
<use ./images//Dimostrazione-distibutiva-eulero-venn-6.png>
Package pdftex.def Info: ./images//Dimostrazione-distibutiva-eulero-venn-6.png 
 used on input line 221.
(pdftex.def)             Requested size: 113.81102pt x 76.06137pt.

Overfull \hbox (8.17236pt too wide) in paragraph at lines 231--232
\OT1/cmr/m/n/10 Questo tipo di di-mostrazione si basa sull'utilizzare le leggi 
so-pra ri-por-tate per di-mostrare un'affermazione,
 []

[6 <./images//Dimostrazione-distibutiva-eulero-venn-1.png> <./images//Dimostraz
ione-distibutiva-eulero-venn-2.png> <./images//Dimostrazione-distibutiva-eulero
-venn-3.png> <./images//Dimostrazione-distibutiva-eulero-venn-4.png> <./images/
/Dimostrazione-distibutiva-eulero-venn-5.png> <./images//Dimostrazione-distibut
iva-eulero-venn-6.png>]
Underfull \hbox (badness 10000) in paragraph at lines 250--254

 []

[7]
Underfull \hbox (badness 10000) in paragraph at lines 315--320

 []


Underfull \hbox (badness 10000) in paragraph at lines 315--320

 []


LaTeX Warning: Command \O invalid in math mode on input line 342.

) (relazioni.tex [8]
Underfull \hbox (badness 10000) in paragraph at lines 9--17

 []


Underfull \hbox (badness 10000) in paragraph at lines 9--17

 []


Underfull \hbox (badness 10000) in paragraph at lines 9--17

 []

<./images//esempio-composizione.png, id=679, 1020.81375pt x 734.745pt>
File: ./images//esempio-composizione.png Graphic file (type png)
<use ./images//esempio-composizione.png>
Package pdftex.def Info: ./images//esempio-composizione.png  used on input line
 42.
(pdftex.def)             Requested size: 204.85974pt x 147.4509pt.

Overfull \hbox (2.15585pt too wide) in paragraph at lines 35--45
\OT1/cmr/bx/n/10 NOTA: \OT1/cmr/m/n/10 l'insieme di ar-rivo di R deve es-sere u
guale all'insieme di partenza di S per ef-fet-tuare l'operazione
 []


Underfull \hbox (badness 10000) in paragraph at lines 35--45

 []


Underfull \hbox (badness 4543) in paragraph at lines 48--53
[][]\OT1/cmr/bx/n/10 Esempio 2.2. []\OT1/cmr/m/n/10 Nell'esempio in figura [[][
]6[][]]
 []


Underfull \hbox (badness 1881) in paragraph at lines 48--53
\OT1/cmr/m/n/10 pren-di-amo in con-sid-er-azione i seguenti in-
 []


Underfull \hbox (badness 10000) in paragraph at lines 48--53

 []


Underfull \hbox (badness 10000) in paragraph at lines 48--53

 []


Underfull \hbox (badness 2951) in paragraph at lines 48--53
\OT1/cmr/m/n/10 Effettuiamo un'operazione di com-po-sizione.
 []


Underfull \hbox (badness 10000) in paragraph at lines 48--53

 []

[9 <./images//esempio-composizione.png>]

LaTeX Warning: Command \O invalid in math mode on input line 80.


LaTeX Warning: Command \O invalid in math mode on input line 80.


LaTeX Warning: Command \O invalid in math mode on input line 80.


LaTeX Warning: Command \O invalid in math mode on input line 95.


LaTeX Warning: Command \O invalid in math mode on input line 95.


Overfull \hbox (45.44028pt too wide) in paragraph at lines 105--112
 [][] 
 []


Underfull \hbox (badness 10000) in paragraph at lines 70--120

 []


Underfull \hbox (badness 10000) in paragraph at lines 70--120

 []

[10]
Underfull \hbox (badness 10000) in paragraph at lines 124--128

 []


Underfull \hbox (badness 10000) in paragraph at lines 132--137

 []

<./images//dimostrazione-associtiva.png, id=715, 668.4975pt x 182.6825pt>
File: ./images//dimostrazione-associtiva.png Graphic file (type png)
<use ./images//dimostrazione-associtiva.png>
Package pdftex.def Info: ./images//dimostrazione-associtiva.png  used on input 
line 154.
(pdftex.def)             Requested size: 284.52756pt x 77.7547pt.

Underfull \hbox (badness 10000) in paragraph at lines 150--163

 []


Underfull \hbox (badness 10000) in paragraph at lines 150--163

 []

[11 <./images//dimostrazione-associtiva.png>]
Underfull \hbox (badness 10000) in paragraph at lines 176--179

 []

<./images//totale.png, id=730, 474.77374pt x 258.9675pt>
File: ./images//totale.png Graphic file (type png)
<use ./images//totale.png>
Package pdftex.def Info: ./images//totale.png  used on input line 189.
(pdftex.def)             Requested size: 170.71652pt x 93.11757pt.

Overfull \hbox (37.64163pt too wide) in paragraph at lines 189--190
 [][] 
 []

<./images//surgettiva.png, id=731, 321.2pt x 193.72375pt>
File: ./images//surgettiva.png Graphic file (type png)
<use ./images//surgettiva.png>
Package pdftex.def Info: ./images//surgettiva.png  used on input line 195.
(pdftex.def)             Requested size: 170.71652pt x 102.96573pt.

Overfull \hbox (37.64163pt too wide) in paragraph at lines 195--196
 [][] 
 []

<./images//univalente.png, id=732, 322.20375pt x 197.73875pt>
File: ./images//univalente.png Graphic file (type png)
<use ./images//univalente.png>
Package pdftex.def Info: ./images//univalente.png  used on input line 205.
(pdftex.def)             Requested size: 176.407pt x 108.26483pt.

Overfull \hbox (43.3321pt too wide) in paragraph at lines 205--206
 [][] 
 []

<./images//iniettiva.png, id=733, 319.1925pt x 186.6975pt>
File: ./images//iniettiva.png Graphic file (type png)
<use ./images//iniettiva.png>
Package pdftex.def Info: ./images//iniettiva.png  used on input line 211.
(pdftex.def)             Requested size: 170.71652pt x 99.85225pt.

Overfull \hbox (37.64163pt too wide) in paragraph at lines 211--212
 [][] 
 []


Underfull \hbox (badness 10000) in paragraph at lines 183--217

 []

[12 <./images//totale.png> <./images//surgettiva.png> <./images//univalente.png
> <./images//iniettiva.png>]
Overfull \hbox (0.74605pt too wide) in paragraph at lines 250--251
\OT1/cmr/m/it/10 definisce fun-zione quando rispetta la pro-priet^^Ra \OT1/cmr/
bx/it/10 to-tale \OT1/cmr/m/it/10 e \OT1/cmr/bx/it/10 uni-va-lente \OT1/cmr/m/i
t/10 quindi tutti gli el-e-menti dell'insieme
 []

[13]
Underfull \hbox (badness 10000) in paragraph at lines 270--274

 []

[14]
Underfull \hbox (badness 10000) in paragraph at lines 338--341

 []


Underfull \hbox (badness 10000) in paragraph at lines 343--346

 []

[15]) (induzione.tex [16]
Underfull \hbox (badness 10000) in paragraph at lines 12--17

 []


Package hyperref Warning: Token not allowed in a PDF string (Unicode):
(hyperref)                removing `math shift' on input line 28.


Package hyperref Warning: Token not allowed in a PDF string (Unicode):
(hyperref)                removing `math shift' on input line 28.

[17]
Underfull \hbox (badness 10000) in paragraph at lines 88--93

 []


Underfull \hbox (badness 10000) in paragraph at lines 88--93

 []


Underfull \hbox (badness 10000) in paragraph at lines 88--93

 []


Underfull \hbox (badness 10000) in paragraph at lines 88--93

 []

[18]
Underfull \hbox (badness 10000) in paragraph at lines 114--120

 []


Underfull \hbox (badness 10000) in paragraph at lines 114--120

 []


Underfull \hbox (badness 10000) in paragraph at lines 114--120

 []


Underfull \hbox (badness 10000) in paragraph at lines 114--120

 []


Underfull \hbox (badness 10000) in paragraph at lines 114--120

 []

[19]
Underfull \hbox (badness 10000) in paragraph at lines 138--144

 []


Underfull \hbox (badness 10000) in paragraph at lines 138--144

 []


Underfull \hbox (badness 10000) in paragraph at lines 138--144

 []


Underfull \hbox (badness 10000) in paragraph at lines 138--144

 []


Underfull \hbox (badness 10000) in paragraph at lines 138--144

 []

) (relazioni-su-un-insiemi.tex [20]
<images/relazione-riflessiva.png, id=870, 354.32375pt x 333.245pt>
File: images/relazione-riflessiva.png Graphic file (type png)
<use images/relazione-riflessiva.png>
Package pdftex.def Info: images/relazione-riflessiva.png  used on input line 36
.
(pdftex.def)             Requested size: 85.35826pt x 80.28043pt.
<images/relazione-non-riflessiva.png, id=871, 356.33125pt x 336.25626pt>
File: images/relazione-non-riflessiva.png Graphic file (type png)
<use images/relazione-non-riflessiva.png>
Package pdftex.def Info: images/relazione-non-riflessiva.png  used on input lin
e 43.
(pdftex.def)             Requested size: 85.35826pt x 80.54922pt.


LaTeX Warning: Command \O invalid in math mode on input line 53.

[21 <./images/relazione-riflessiva.png> <./images/relazione-non-riflessiva.png>
]
<images/relazione-simmetrica.png, id=890, 425.59pt x 390.45876pt>
File: images/relazione-simmetrica.png Graphic file (type png)
<use images/relazione-simmetrica.png>
Package pdftex.def Info: images/relazione-simmetrica.png  used on input line 79
.
(pdftex.def)             Requested size: 85.35826pt x 78.3108pt.
<images/relazione-non-simmetrica.png, id=891, 415.5525pt x 394.47375pt>
File: images/relazione-non-simmetrica.png Graphic file (type png)
<use images/relazione-non-simmetrica.png>
Package pdftex.def Info: images/relazione-non-simmetrica.png  used on input lin
e 86.
(pdftex.def)             Requested size: 85.35826pt x 81.02414pt.


LaTeX Warning: Command \O invalid in math mode on input line 96.

<images/relazione-transitiva.png, id=894, 349.305pt x 329.23pt>
File: images/relazione-transitiva.png Graphic file (type png)
<use images/relazione-transitiva.png>
Package pdftex.def Info: images/relazione-transitiva.png  used on input line 12
2.
(pdftex.def)             Requested size: 85.35826pt x 80.45357pt.
<images/relazione-non-transitiva.png, id=895, 354.32375pt x 333.245pt>
File: images/relazione-non-transitiva.png Graphic file (type png)
<use images/relazione-non-transitiva.png>
Package pdftex.def Info: images/relazione-non-transitiva.png  used on input lin
e 129.
(pdftex.def)             Requested size: 85.35826pt x 80.28043pt.

LaTeX Warning: `!h' float specifier changed to `!ht'.

[22 <./images/relazione-simmetrica.png> <./images/relazione-non-simmetrica.png>
]

LaTeX Warning: Command \O invalid in math mode on input line 140.

<images/relazione-anti-simmetrica.png, id=909, 410.53375pt x 384.43625pt>
File: images/relazione-anti-simmetrica.png Graphic file (type png)
<use images/relazione-anti-simmetrica.png>
Package pdftex.def Info: images/relazione-anti-simmetrica.png  used on input li
ne 166.
(pdftex.def)             Requested size: 85.35826pt x 79.93034pt.
<images/relazione-non-anti-simmetrica.png, id=910, 428.60126pt x 395.4775pt>
File: images/relazione-non-anti-simmetrica.png Graphic file (type png)
<use images/relazione-non-anti-simmetrica.png>
Package pdftex.def Info: images/relazione-non-anti-simmetrica.png  used on inpu
t line 173.
(pdftex.def)             Requested size: 85.35826pt x 78.76219pt.

LaTeX Warning: Command \O invalid in math mode on input line 183.

[23 <./images/relazione-transitiva.png> <./images/relazione-non-transitiva.png>
 <./images/relazione-anti-simmetrica.png> <./images/relazione-non-anti-simmetri
ca.png>]
Underfull \hbox (badness 10000) in paragraph at lines 200--202

 []


LaTeX Warning: Command \O invalid in math mode on input line 220.


LaTeX Warning: Command \O invalid in math mode on input line 234.


LaTeX Warning: Command \O invalid in math mode on input line 234.

[24]
<images/chiusura-transitiva-1.png, id=939, 471.7625pt x 178.6675pt>
File: images/chiusura-transitiva-1.png Graphic file (type png)
<use images/chiusura-transitiva-1.png>
Package pdftex.def Info: images/chiusura-transitiva-1.png  used on input line 2
48.
(pdftex.def)             Requested size: 142.26378pt x 53.87872pt.

Overfull \hbox (9.18889pt too wide) in paragraph at lines 248--249
 [][] 
 []

<images/chiusura-transitiva-2.png, id=940, 473.77pt x 165.61874pt>
File: images/chiusura-transitiva-2.png Graphic file (type png)
<use images/chiusura-transitiva-2.png>
Package pdftex.def Info: images/chiusura-transitiva-2.png  used on input line 2
55.
(pdftex.def)             Requested size: 142.26378pt x 49.73149pt.

Overfull \hbox (9.18889pt too wide) in paragraph at lines 255--256
 [][] 
 []

<images/chiusura-transitiva-3.png, id=941, 466.74374pt x 166.6225pt>
File: images/chiusura-transitiva-3.png Graphic file (type png)
<use images/chiusura-transitiva-3.png>
Package pdftex.def Info: images/chiusura-transitiva-3.png  used on input line 2
62.
(pdftex.def)             Requested size: 142.26378pt x 50.78546pt.

Overfull \hbox (9.18889pt too wide) in paragraph at lines 262--263
 [][] 
 []

<images/chiusura-transitiva-4.png, id=942, 473.77pt x 169.63374pt>
File: images/chiusura-transitiva-4.png Graphic file (type png)
<use images/chiusura-transitiva-4.png>
Package pdftex.def Info: images/chiusura-transitiva-4.png  used on input line 2
70.
(pdftex.def)             Requested size: 142.26378pt x 50.9371pt.

Overfull \hbox (9.18889pt too wide) in paragraph at lines 270--271
 [][] 
 []

<images/chiusura-transitiva-5.png, id=943, 465.74pt x 180.675pt>
File: images/chiusura-transitiva-5.png Graphic file (type png)
<use images/chiusura-transitiva-5.png>
Package pdftex.def Info: images/chiusura-transitiva-5.png  used on input line 2
78.
(pdftex.def)             Requested size: 142.26378pt x 55.18712pt.

Overfull \hbox (9.18889pt too wide) in paragraph at lines 278--279
 [][] 
 []

<images/chiusura-transitiva-6.png, id=944, 467.7475pt x 176.66pt>
File: images/chiusura-transitiva-6.png Graphic file (type png)
<use images/chiusura-transitiva-6.png>
Package pdftex.def Info: images/chiusura-transitiva-6.png  used on input line 2
86.
(pdftex.def)             Requested size: 142.26378pt x 53.73161pt.

Overfull \hbox (9.18889pt too wide) in paragraph at lines 286--287
 [][] 
 []

<images/chiusura-transitiva-7.png, id=945, 452.69125pt x 186.6975pt>
File: images/chiusura-transitiva-7.png Graphic file (type png)
<use images/chiusura-transitiva-7.png>
Package pdftex.def Info: images/chiusura-transitiva-7.png  used on input line 2
94.
(pdftex.def)             Requested size: 142.26378pt x 58.67043pt.

Overfull \hbox (9.18889pt too wide) in paragraph at lines 294--295
 [][] 
 []

<images/chiusura-transitiva-8.png, id=946, 470.75874pt x 180.675pt>
File: images/chiusura-transitiva-8.png Graphic file (type png)
<use images/chiusura-transitiva-8.png>
Package pdftex.def Info: images/chiusura-transitiva-8.png  used on input line 3
02.
(pdftex.def)             Requested size: 142.26378pt x 54.5999pt.

Overfull \hbox (9.18889pt too wide) in paragraph at lines 302--303
 [][] 
 []


Underfull \hbox (badness 10000) in paragraph at lines 242--309

 []


LaTeX Warning: Command \O invalid in math mode on input line 321.

[25 <./images/chiusura-transitiva-1.png> <./images/chiusura-transitiva-2.png> <
./images/chiusura-transitiva-3.png> <./images/chiusura-transitiva-4.png> <./ima
ges/chiusura-transitiva-5.png> <./images/chiusura-transitiva-6.png> <./images/c
hiusura-transitiva-7.png> <./images/chiusura-transitiva-8.png>]

LaTeX Warning: Command \O invalid in math mode on input line 325.


LaTeX Warning: Command \O invalid in math mode on input line 325.

<images/stella-kleene-1.png, id=967, 239.89626pt x 193.72375pt>
File: images/stella-kleene-1.png Graphic file (type png)
<use images/stella-kleene-1.png>
Package pdftex.def Info: images/stella-kleene-1.png  used on input line 342.
(pdftex.def)             Requested size: 113.81102pt x 91.9074pt.
<images/stella-kleene-2.png, id=968, 240.9pt x 200.75pt>
File: images/stella-kleene-2.png Graphic file (type png)
<use images/stella-kleene-2.png>
Package pdftex.def Info: images/stella-kleene-2.png  used on input line 348.
(pdftex.def)             Requested size: 113.81102pt x 94.8426pt.
<images/stella-kleene-3.png, id=969, 285.065pt x 206.7725pt>
File: images/stella-kleene-3.png Graphic file (type png)
<use images/stella-kleene-3.png>
Package pdftex.def Info: images/stella-kleene-3.png  used on input line 354.
(pdftex.def)             Requested size: 113.81102pt x 82.55293pt.
[26 <./images/stella-kleene-1.png> <./images/stella-kleene-2.png> <./images/ste
lla-kleene-3.png>]
Underfull \hbox (badness 10000) in paragraph at lines 380--392

 []


Underfull \hbox (badness 10000) in paragraph at lines 380--392

 []


Underfull \hbox (badness 10000) in paragraph at lines 380--392

 []


Underfull \hbox (badness 10000) in paragraph at lines 380--392

 []


LaTeX Warning: Command \O invalid in math mode on input line 413.

[27]

LaTeX Warning: Command \O invalid in math mode on input line 429.


LaTeX Warning: Command \O invalid in math mode on input line 455.


LaTeX Warning: Command \O invalid in math mode on input line 457.


LaTeX Warning: Command \O invalid in math mode on input line 486.


Underfull \hbox (badness 10000) in paragraph at lines 495--497

 []

[28]

LaTeX Warning: Command \O invalid in math mode on input line 512.

) (grafi.tex [29]
<images/esempio-grafo.png, id=1029, 441.65pt x 426.59375pt>
File: images/esempio-grafo.png Graphic file (type png)
<use images/esempio-grafo.png>
Package pdftex.def Info: images/esempio-grafo.png  used on input line 15.
(pdftex.def)             Requested size: 105.2751pt x 101.68158pt.

Underfull \hbox (badness 10000) in paragraph at lines 21--26

 []


Underfull \hbox (badness 10000) in paragraph at lines 21--26

 []

[30 <./images/esempio-grafo.png>]
Underfull \hbox (badness 10000) in paragraph at lines 79--83

 []

File: images/esempio-grafo.png Graphic file (type png)
<use images/esempio-grafo.png>
Package pdftex.def Info: images/esempio-grafo.png  used on input line 95.
(pdftex.def)             Requested size: 93.89418pt x 90.6874pt.
<images/matrice-adiacenza.png, id=1050, 253.94875pt x 240.9pt>
File: images/matrice-adiacenza.png Graphic file (type png)
<use images/matrice-adiacenza.png>
Package pdftex.def Info: images/matrice-adiacenza.png  used on input line 101.
(pdftex.def)             Requested size: 93.89418pt x 89.0691pt.
<images/liste-adiacenza.png, id=1051, 306.14375pt x 279.0425pt>
File: images/liste-adiacenza.png Graphic file (type png)
<use images/liste-adiacenza.png>
Package pdftex.def Info: images/liste-adiacenza.png  used on input line 107.
(pdftex.def)             Requested size: 93.89418pt x 85.58258pt.
[31 <./images/matrice-adiacenza.png> <./images/liste-adiacenza.png>]
<images/esempio-grafo-pesato.png, id=1064, 306.14375pt x 251.94125pt>
File: images/esempio-grafo-pesato.png Graphic file (type png)
<use images/esempio-grafo-pesato.png>
Package pdftex.def Info: images/esempio-grafo-pesato.png  used on input line 15
1.
(pdftex.def)             Requested size: 99.58464pt x 81.95297pt.
<images/matrice-adiacenza-pesata.png, id=1065, 234.8775pt x 219.82124pt>
File: images/matrice-adiacenza-pesata.png Graphic file (type png)
<use images/matrice-adiacenza-pesata.png>
Package pdftex.def Info: images/matrice-adiacenza-pesata.png  used on input lin
e 157.
(pdftex.def)             Requested size: 99.58464pt x 93.19972pt.
<images/lista-adiacenza-pesata.png, id=1066, 278.03876pt x 264.99pt>
File: images/lista-adiacenza-pesata.png Graphic file (type png)
<use images/lista-adiacenza-pesata.png>
Package pdftex.def Info: images/lista-adiacenza-pesata.png  used on input line 
163.
(pdftex.def)             Requested size: 99.58464pt x 94.9111pt.


LaTeX Warning: `!h' float specifier changed to `!ht'.

[32]
Overfull \hbox (7.71304pt too wide) in paragraph at lines 210--211
[][]\OT1/cmr/bx/n/10 Dimotrazione 5.2. []\OT1/cmr/m/n/10 Di-mostrammo la propo-
sizione [][]5.2[][] per in-duzione. 
 []


Underfull \hbox (badness 10000) in paragraph at lines 213--215

 []

[33 <./images/esempio-grafo-pesato.png> <./images/matrice-adiacenza-pesata.png>
 <./images/lista-adiacenza-pesata.png>] [34]
Underfull \hbox (badness 10000) in paragraph at lines 234--239

 []


Underfull \hbox (badness 10000) in paragraph at lines 234--239

 []

<images/lemma-walk-trail-3.png, id=1104, 565.11125pt x 56.21pt>
File: images/lemma-walk-trail-3.png Graphic file (type png)
<use images/lemma-walk-trail-3.png>
Package pdftex.def Info: images/lemma-walk-trail-3.png  used on input line 244.

(pdftex.def)             Requested size: 142.26378pt x 14.15024pt.

Overfull \hbox (9.18889pt too wide) in paragraph at lines 244--245
 [][] 
 []

<images/lemma-walk-trail-2.png, id=1105, 560.0925pt x 93.34875pt>
File: images/lemma-walk-trail-2.png Graphic file (type png)
<use images/lemma-walk-trail-2.png>
Package pdftex.def Info: images/lemma-walk-trail-2.png  used on input line 250.

(pdftex.def)             Requested size: 142.26378pt x 23.71031pt.

Overfull \hbox (9.18889pt too wide) in paragraph at lines 250--251
 [][] 
 []

<images/lemma-walk-trail-1.png, id=1106, 266.9975pt x 50.1875pt>
File: images/lemma-walk-trail-1.png Graphic file (type png)
<use images/lemma-walk-trail-1.png>
Package pdftex.def Info: images/lemma-walk-trail-1.png  used on input line 256.

(pdftex.def)             Requested size: 99.58464pt x 18.71916pt.
<images/trail-path-1.png, id=1107, 406.51875pt x 48.18pt>
File: images/trail-path-1.png Graphic file (type png)
<use images/trail-path-1.png>
Package pdftex.def Info: images/trail-path-1.png  used on input line 276.
(pdftex.def)             Requested size: 142.26378pt x 16.86029pt.

Overfull \hbox (9.18889pt too wide) in paragraph at lines 276--277
 [][] 
 []

<images/trail-path-2.png, id=1108, 402.50375pt x 73.27374pt>
File: images/trail-path-2.png Graphic file (type png)
<use images/trail-path-2.png>
Package pdftex.def Info: images/trail-path-2.png  used on input line 282.
(pdftex.def)             Requested size: 142.26378pt x 25.89775pt.

Overfull \hbox (9.18889pt too wide) in paragraph at lines 282--283
 [][] 
 []

<images/trail-path-3.png, id=1109, 247.92625pt x 41.15375pt>
File: images/trail-path-3.png Graphic file (type png)
<use images/trail-path-3.png>
Package pdftex.def Info: images/trail-path-3.png  used on input line 288.
(pdftex.def)             Requested size: 99.58464pt x 16.53027pt.
[35 <./images/lemma-walk-trail-3.png> <./images/lemma-walk-trail-2.png> <./imag
es/lemma-walk-trail-1.png> <./images/trail-path-1.png> <./images/trail-path-2.p
ng> <./images/trail-path-3.png>]
<images/esempio-SCC.png, id=1135, 406.51875pt x 357.335pt>
File: images/esempio-SCC.png Graphic file (type png)
<use images/esempio-SCC.png>
Package pdftex.def Info: images/esempio-SCC.png  used on input line 336.
(pdftex.def)             Requested size: 105.2751pt x 92.53413pt.


LaTeX Warning: Command \O invalid in math mode on input line 353.


LaTeX Warning: Command \O invalid in math mode on input line 355.

[36 <./images/esempio-SCC.png>]

LaTeX Warning: Command \O invalid in math mode on input line 362.


LaTeX Warning: Command \O invalid in math mode on input line 366.


Underfull \hbox (badness 10000) in paragraph at lines 361--368

 []

[37]
<images/esempio-grafo-non-orientato.png, id=1186, 330.23375pt x 297.11pt>
File: images/esempio-grafo-non-orientato.png Graphic file (type png)
<use images/esempio-grafo-non-orientato.png>
Package pdftex.def Info: images/esempio-grafo-non-orientato.png  used on input 
line 423.
(pdftex.def)             Requested size: 105.2751pt x 94.71445pt.

Underfull \hbox (badness 10000) in paragraph at lines 428--431

 []


Underfull \hbox (badness 10000) in paragraph at lines 428--431

 []


Underfull \hbox (badness 10000) in paragraph at lines 428--431

 []


Underfull \hbox (badness 10000) in paragraph at lines 428--431

 []


LaTeX Warning: Command \O invalid in math mode on input line 436.

<images/grafo-non-orientato.png, id=1188, 237.88875pt x 133.49875pt>
File: images/grafo-non-orientato.png Graphic file (type png)
<use images/grafo-non-orientato.png>
Package pdftex.def Info: images/grafo-non-orientato.png  used on input line 450
.
(pdftex.def)             Requested size: 99.58464pt x 55.88574pt.
<images/grafo-orientato-associato.png, id=1189, 279.0425pt x 142.5325pt>
File: images/grafo-orientato-associato.png Graphic file (type png)
<use images/grafo-orientato-associato.png>
Package pdftex.def Info: images/grafo-orientato-associato.png  used on input li
ne 457.
(pdftex.def)             Requested size: 99.58464pt x 50.8658pt.

LaTeX Warning: `!h' float specifier changed to `!ht'.

[38 <./images/esempio-grafo-non-orientato.png>]
File: images/esempio-grafo-non-orientato.png Graphic file (type png)
<use images/esempio-grafo-non-orientato.png>
Package pdftex.def Info: images/esempio-grafo-non-orientato.png  used on input 
line 481.
(pdftex.def)             Requested size: 93.89418pt x 84.47775pt.
<images/matrice-grafo-non-orientato.png, id=1203, 305.14pt x 283.0575pt>
File: images/matrice-grafo-non-orientato.png Graphic file (type png)
<use images/matrice-grafo-non-orientato.png>
Package pdftex.def Info: images/matrice-grafo-non-orientato.png  used on input 
line 487.
(pdftex.def)             Requested size: 93.89418pt x 87.09904pt.
<images/lista-grafo-non-orientato.png, id=1204, 318.18875pt x 257.96375pt>
File: images/lista-grafo-non-orientato.png Graphic file (type png)
<use images/lista-grafo-non-orientato.png>
Package pdftex.def Info: images/lista-grafo-non-orientato.png  used on input li
ne 493.
(pdftex.def)             Requested size: 93.89418pt x 76.12225pt.
 [39 <./images/grafo-non-orientato.png> <./images/grafo-orientato-associato.png
> <./images/matrice-grafo-non-orientato.png> <./images/lista-grafo-non-orientat
o.png>]
Underfull \hbox (badness 10000) in paragraph at lines 538--540

 []


Underfull \hbox (badness 10000) in paragraph at lines 543--548

 []


Underfull \hbox (badness 10000) in paragraph at lines 543--548

 []


Underfull \hbox (badness 10000) in paragraph at lines 543--548

 []

[40]
<images/es-problema-viaggiatore-1.png, id=1238, 302.12875pt x 302.12875pt>
File: images/es-problema-viaggiatore-1.png Graphic file (type png)
<use images/es-problema-viaggiatore-1.png>
Package pdftex.def Info: images/es-problema-viaggiatore-1.png  used on input li
ne 573.
(pdftex.def)             Requested size: 93.89418pt x 93.89406pt.
<images/es-problema-viaggiatore-2.png, id=1239, 300.12125pt x 301.125pt>
File: images/es-problema-viaggiatore-2.png Graphic file (type png)
<use images/es-problema-viaggiatore-2.png>
Package pdftex.def Info: images/es-problema-viaggiatore-2.png  used on input li
ne 579.
(pdftex.def)             Requested size: 93.89418pt x 94.207pt.
<images/es-problema-viaggiatore-3.png, id=1240, 313.17pt x 309.155pt>
File: images/es-problema-viaggiatore-3.png Graphic file (type png)
<use images/es-problema-viaggiatore-3.png>
Package pdftex.def Info: images/es-problema-viaggiatore-3.png  used on input li
ne 585.
(pdftex.def)             Requested size: 93.89418pt x 92.6906pt.
 [41 <./images/es-problema-viaggiatore-1.png> <./images/es-problema-viaggiatore
-2.png> <./images/es-problema-viaggiatore-3.png>] [42] [43]
<images/es-albero.png, id=1280, 530.98375pt x 342.27875pt>
File: images/es-albero.png Graphic file (type png)
<use images/es-albero.png>
Package pdftex.def Info: images/es-albero.png  used on input line 671.
(pdftex.def)             Requested size: 142.26378pt x 91.70619pt.

Overfull \hbox (2.3689pt too wide) in paragraph at lines 677--678
\OT1/cmr/m/n/10 perch^^Se se es-istessero due path dis-tinti la con-cate-nazion
e
 []


Underfull \hbox (badness 10000) in paragraph at lines 709--711

 []

[44 <./images/es-albero.png>]
Underfull \hbox (badness 10000) in paragraph at lines 712--715

 []


Overfull \hbox (1.8968pt too wide) in paragraph at lines 716--717
[]\OT1/cmr/m/n/10 Anche l'ultima pro-priet^^Ra si di-mostra ve-lo-ce-mente, vis
to
 []


Overfull \hbox (15.31293pt too wide) in paragraph at lines 726--727
[][]\OT1/cmr/bx/n/10 Definizione 5.30 \OT1/cmr/m/n/10 (An-te-nato, gen-i-tore, 
dis-cen-dete, figlio)\OT1/cmr/bx/n/10 .
 []

[45]
<images/es-albero-radicato.png, id=1309, 344.28625pt x 410.53375pt>
File: images/es-albero-radicato.png Graphic file (type png)
<use images/es-albero-radicato.png>
Package pdftex.def Info: images/es-albero-radicato.png  used on input line 741.

(pdftex.def)             Requested size: 85.35826pt x 101.78125pt.

Underfull \hbox (badness 2478) in paragraph at lines 746--750
[][]\OT1/cmr/m/n/10 Se pren-di-amo l'immagine [][]27[][] ve-di-amo che
 []


Underfull \hbox (badness 1406) in paragraph at lines 746--750
\OT1/cmr/m/n/10 la radice $\OML/cmm/m/it/10 r \OT1/cmr/m/n/10 = 0$. La radice h
a come figli
 []


Underfull \hbox (badness 2707) in paragraph at lines 746--750
\OT1/cmr/m/n/10 1 e 2 men-tre 2 ha come an-te-nato solo la
 []


Underfull \hbox (badness 10000) in paragraph at lines 746--750

 []


Underfull \hbox (badness 10000) in paragraph at lines 746--750

 []


Underfull \hbox (badness 10000) in paragraph at lines 746--750

 []

<images/esempio-isomorfismo.png, id=1311, 426.59375pt x 153.57375pt>
File: images/esempio-isomorfismo.png Graphic file (type png)
<use images/esempio-isomorfismo.png>
Package pdftex.def Info: images/esempio-isomorfismo.png  used on input line 775
.
(pdftex.def)             Requested size: 170.71652pt x 61.45886pt.

Overfull \hbox (37.64163pt too wide) in paragraph at lines 775--777
 [][] 
 []

<images/es-non-isomorfmismo.png, id=1312, 359.3425pt x 207.77625pt>
File: images/es-non-isomorfmismo.png Graphic file (type png)
<use images/es-non-isomorfmismo.png>
Package pdftex.def Info: images/es-non-isomorfmismo.png  used on input line 782
.
(pdftex.def)             Requested size: 128.0374pt x 74.03531pt.

Underfull \hbox (badness 10000) in paragraph at lines 767--789

 []


LaTeX Warning: `!h' float specifier changed to `!ht'.

<images/clinque.png, id=1313, 102.3825pt x 96.36pt>
File: images/clinque.png Graphic file (type png)
<use images/clinque.png>
Package pdftex.def Info: images/clinque.png  used on input line 796.
(pdftex.def)             Requested size: 85.35826pt x 80.34192pt.
<images/ciclo.png, id=1314, 104.39pt x 97.36375pt>
File: images/ciclo.png Graphic file (type png)
<use images/ciclo.png>
Package pdftex.def Info: images/ciclo.png  used on input line 803.
(pdftex.def)             Requested size: 71.13188pt x 66.3476pt.
<images/lineare.png, id=1315, 116.435pt x 33.12375pt>
File: images/lineare.png Graphic file (type png)
<use images/lineare.png>
Package pdftex.def Info: images/lineare.png  used on input line 810.
(pdftex.def)             Requested size: 71.13188pt x 20.23627pt.
<images/griglia.png, id=1316, 81.30376pt x 66.2475pt>
File: images/griglia.png Graphic file (type png)
<use images/griglia.png>
Package pdftex.def Info: images/griglia.png  used on input line 817.
(pdftex.def)             Requested size: 71.13188pt x 57.96338pt.
<images/stella.png, id=1317, 103.38625pt x 102.3825pt>
File: images/stella.png Graphic file (type png)
<use images/stella.png>
Package pdftex.def Info: images/stella.png  used on input line 824.
(pdftex.def)             Requested size: 71.13188pt x 70.44246pt.
<images/albero-completo.png, id=1318, 150.5625pt x 83.31125pt>
File: images/albero-completo.png Graphic file (type png)
<use images/albero-completo.png>
Package pdftex.def Info: images/albero-completo.png  used on input line 831.
(pdftex.def)             Requested size: 71.13188pt x 39.36095pt.
) (calcolo-combinatorio.tex

LaTeX Warning: `!h' float specifier changed to `!ht'.

[46 <./images/es-albero-radicato.png>]

LaTeX Warning: Command \O invalid in math mode on input line 14.


LaTeX Warning: Command \O invalid in math mode on input line 21.


LaTeX Warning: Command \O invalid in math mode on input line 26.


LaTeX Warning: Command \O invalid in math mode on input line 32.

[47 <./images/esempio-isomorfismo.png> <./images/es-non-isomorfmismo.png> <./im
ages/clinque.png> <./images/ciclo.png> <./images/lineare.png> <./images/griglia
.png> <./images/stella.png> <./images/albero-completo.png>]
<images/dim-prop-cardinalita-1.png, id=1348, 604.2575pt x 424.58624pt>
File: images/dim-prop-cardinalita-1.png Graphic file (type png)
<use images/dim-prop-cardinalita-1.png>
Package pdftex.def Info: images/dim-prop-cardinalita-1.png  used on input line 
53.
(pdftex.def)             Requested size: 119.50148pt x 83.96338pt.
<images/dim-prop-cardinalita-2.png, id=1349, 604.2575pt x 424.58624pt>
File: images/dim-prop-cardinalita-2.png Graphic file (type png)
<use images/dim-prop-cardinalita-2.png>
Package pdftex.def Info: images/dim-prop-cardinalita-2.png  used on input line 
59.
(pdftex.def)             Requested size: 119.50148pt x 83.96338pt.
<images/dim-prop-cardinalita-3.png, id=1350, 604.2575pt x 424.58624pt>
File: images/dim-prop-cardinalita-3.png Graphic file (type png)
<use images/dim-prop-cardinalita-3.png>
Package pdftex.def Info: images/dim-prop-cardinalita-3.png  used on input line 
65.
(pdftex.def)             Requested size: 119.50148pt x 83.96338pt.


LaTeX Warning: Command \O invalid in math mode on input line 105.

[48 <./images/dim-prop-cardinalita-1.png> <./images/dim-prop-cardinalita-2.png>
 <./images/dim-prop-cardinalita-3.png>]
Underfull \hbox (badness 10000) in paragraph at lines 114--118

 []


Underfull \hbox (badness 10000) in paragraph at lines 114--118

 []


LaTeX Warning: Command \O invalid in math mode on input line 131.


Underfull \hbox (badness 10000) in paragraph at lines 150--153

 []

[49] [50] [51]
Underfull \hbox (badness 10000) in paragraph at lines 289--294

 []

[52]
Underfull \hbox (badness 10000) in paragraph at lines 326--329

 []


Underfull \hbox (badness 10000) in paragraph at lines 326--329

 []

[53]
Underfull \hbox (badness 10000) in paragraph at lines 363--367

 []


Underfull \hbox (badness 10000) in paragraph at lines 363--367

 []


Underfull \hbox (badness 10000) in paragraph at lines 386--389

 []

) [54] (main.aux)

LaTeX Warning: There were multiply-defined labels.

Package rerunfilecheck Info: File `main.out' has not changed.
(rerunfilecheck)             Checksum: 44D02C5A527BB64D8EFA7B2278E3ADF8;18892.
 ) 
Here is how much of TeX's memory you used:
 14501 strings out of 478338
 248323 string characters out of 2830528
 546825 words of memory out of 3000000
 32063 multiletter control sequences out of 15000+600000
 481652 words of font info for 74 fonts, out of 8000000 for 9000
 1141 hyphenation exceptions out of 8191
 72i,17n,77p,1096b,752s stack positions out of 10000i,1000n,20000p,200000b,80000s
 <C:\Users\Filippo Ghirardini\AppData\Local\MiKTeX\fonts/pk/ljfour/jknappen/e
c/dpi600\tcbx1000.pk> <C:\Users\Filippo Ghirardini\AppData\Local\MiKTeX\fonts/p
k/ljfour/jknappen/ec/dpi600\tcrm1000.pk> <C:\Users\Filippo Ghirardini\AppData\L
ocal\MiKTeX\fonts/pk/ljfour/jknappen/ec/dpi600\tcrm1728.pk><C:/Users/Filippo Gh
irardini/AppData/Local/Programs/MiKTeX/fonts/type1/public/amsfonts/cm/cmbx10.pf
b><C:/Users/Filippo Ghirardini/AppData/Local/Programs/MiKTeX/fonts/type1/public
/amsfonts/cm/cmbx12.pfb><C:/Users/Filippo Ghirardini/AppData/Local/Programs/MiK
TeX/fonts/type1/public/amsfonts/cm/cmbxti10.pfb><C:/Users/Filippo Ghirardini/Ap
pData/Local/Programs/MiKTeX/fonts/type1/public/amsfonts/cm/cmex10.pfb><C:/Users
/Filippo Ghirardini/AppData/Local/Programs/MiKTeX/fonts/type1/public/amsfonts/c
m/cmmi10.pfb><C:/Users/Filippo Ghirardini/AppData/Local/Programs/MiKTeX/fonts/t
ype1/public/amsfonts/cm/cmmi5.pfb><C:/Users/Filippo Ghirardini/AppData/Local/Pr
ograms/MiKTeX/fonts/type1/public/amsfonts/cm/cmmi6.pfb><C:/Users/Filippo Ghirar
dini/AppData/Local/Programs/MiKTeX/fonts/type1/public/amsfonts/cm/cmmi7.pfb><C:
/Users/Filippo Ghirardini/AppData/Local/Programs/MiKTeX/fonts/type1/public/amsf
onts/cm/cmmi8.pfb><C:/Users/Filippo Ghirardini/AppData/Local/Programs/MiKTeX/fo
nts/type1/public/amsfonts/cm/cmmi9.pfb><C:/Users/Filippo Ghirardini/AppData/Loc
al/Programs/MiKTeX/fonts/type1/public/amsfonts/cm/cmr10.pfb><C:/Users/Filippo G
hirardini/AppData/Local/Programs/MiKTeX/fonts/type1/public/amsfonts/cm/cmr12.pf
b><C:/Users/Filippo Ghirardini/AppData/Local/Programs/MiKTeX/fonts/type1/public
/amsfonts/cm/cmr17.pfb><C:/Users/Filippo Ghirardini/AppData/Local/Programs/MiKT
eX/fonts/type1/public/amsfonts/cm/cmr5.pfb><C:/Users/Filippo Ghirardini/AppData
/Local/Programs/MiKTeX/fonts/type1/public/amsfonts/cm/cmr6.pfb><C:/Users/Filipp
o Ghirardini/AppData/Local/Programs/MiKTeX/fonts/type1/public/amsfonts/cm/cmr7.
pfb><C:/Users/Filippo Ghirardini/AppData/Local/Programs/MiKTeX/fonts/type1/publ
ic/amsfonts/cm/cmr8.pfb><C:/Users/Filippo Ghirardini/AppData/Local/Programs/MiK
TeX/fonts/type1/public/amsfonts/cm/cmr9.pfb><C:/Users/Filippo Ghirardini/AppDat
a/Local/Programs/MiKTeX/fonts/type1/public/amsfonts/cm/cmsy10.pfb><C:/Users/Fil
ippo Ghirardini/AppData/Local/Programs/MiKTeX/fonts/type1/public/amsfonts/cm/cm
sy5.pfb><C:/Users/Filippo Ghirardini/AppData/Local/Programs/MiKTeX/fonts/type1/
public/amsfonts/cm/cmsy7.pfb><C:/Users/Filippo Ghirardini/AppData/Local/Program
s/MiKTeX/fonts/type1/public/amsfonts/cm/cmsy8.pfb><C:/Users/Filippo Ghirardini/
AppData/Local/Programs/MiKTeX/fonts/type1/public/amsfonts/cm/cmsy9.pfb><C:/User
s/Filippo Ghirardini/AppData/Local/Programs/MiKTeX/fonts/type1/public/amsfonts/
cm/cmti10.pfb><C:/Users/Filippo Ghirardini/AppData/Local/Programs/MiKTeX/fonts/
type1/public/amsfonts/cm/cmti8.pfb><C:/Users/Filippo Ghirardini/AppData/Local/P
rograms/MiKTeX/fonts/type1/public/amsfonts/symbols/msam10.pfb><C:/Users/Filippo
 Ghirardini/AppData/Local/Programs/MiKTeX/fonts/type1/public/amsfonts/symbols/m
sbm10.pfb><C:/Users/Filippo Ghirardini/AppData/Local/Programs/MiKTeX/fonts/type
1/public/amsfonts/symbols/msbm7.pfb>
Output written on main.pdf (55 pages, 3238136 bytes).
PDF statistics:
 1702 PDF objects out of 1728 (max. 8388607)
 580 named destinations out of 1000 (max. 500000)
 1212 words of extra memory for PDF output out of 10000 (max. 10000000)

