\BOOKMARK [1][-]{section.1}{\376\377\000I\000n\000s\000i\000e\000m\000i}{}% 1
\BOOKMARK [2][-]{subsection.1.1}{\376\377\000N\000o\000t\000a\000z\000i\000o\000n\000e}{section.1}% 2
\BOOKMARK [2][-]{subsection.1.2}{\376\377\000S\000p\000e\000c\000i\000f\000i\000c\000a\000r\000e\000\040\000u\000n\000\040\000i\000n\000s\000i\000e\000m\000e}{section.1}% 3
\BOOKMARK [2][-]{subsection.1.3}{\376\377\000P\000r\000o\000p\000r\000i\000e\000t\000\340\000\040\000d\000e\000g\000l\000i\000\040\000i\000n\000s\000i\000e\000m\000i}{section.1}% 4
\BOOKMARK [3][-]{subsubsection.1.3.1}{\376\377\000C\000o\000n\000f\000r\000o\000n\000t\000a\000r\000e\000\040\000d\000u\000e\000\040\000i\000n\000s\000i\000e\000m\000i}{subsection.1.3}% 5
\BOOKMARK [3][-]{subsubsection.1.3.2}{\376\377\000I\000n\000c\000l\000u\000s\000i\000o\000n\000e\000\040\000f\000r\000a\000\040\000i\000n\000s\000i\000e\000m\000i}{subsection.1.3}% 6
\BOOKMARK [3][-]{subsubsection.1.3.3}{\376\377\000P\000r\000o\000p\000r\000i\000e\000t\000\340\000\040\000d\000i\000\040\000u\000g\000u\000a\000g\000l\000i\000a\000n\000z\000a\000\040\000e\000d\000\040\000i\000n\000c\000l\000u\000s\000i\000o\000n\000e}{subsection.1.3}% 7
\BOOKMARK [2][-]{subsection.1.4}{\376\377\000O\000p\000e\000r\000a\000z\000i\000o\000n\000i\000\040\000s\000u\000\040\000i\000n\000s\000i\000e\000m\000i}{section.1}% 8
\BOOKMARK [2][-]{subsection.1.5}{\376\377\000T\000a\000v\000o\000l\000a\000\040\000d\000e\000l\000l\000e\000\040\000l\000e\000g\000g\000i}{section.1}% 9
\BOOKMARK [2][-]{subsection.1.6}{\376\377\000A\000l\000g\000e\000b\000r\000a\000\040\000d\000i\000\040\000B\000o\000o\000l}{section.1}% 10
\BOOKMARK [2][-]{subsection.1.7}{\376\377\000D\000i\000m\000o\000s\000t\000r\000a\000z\000i\000o\000n\000i}{section.1}% 11
\BOOKMARK [3][-]{subsubsection.1.7.1}{\376\377\000D\000i\000a\000g\000r\000a\000m\000m\000a\000\040\000d\000i\000\040\000E\000u\000l\000e\000r\000o\000-\000V\000e\000n\000n}{subsection.1.7}% 12
\BOOKMARK [3][-]{subsubsection.1.7.2}{\376\377\000A\000r\000g\000o\000m\000e\000n\000t\000a\000z\000i\000o\000n\000i\000\040\000s\000o\000s\000t\000i\000t\000u\000t\000i\000v\000e}{subsection.1.7}% 13
\BOOKMARK [3][-]{subsubsection.1.7.3}{\376\377\000A\000r\000g\000o\000m\000e\000n\000t\000a\000z\000i\000o\000n\000e\000\040\000d\000i\000s\000c\000o\000r\000s\000i\000v\000a}{subsection.1.7}% 14
\BOOKMARK [2][-]{subsection.1.8}{\376\377\000P\000r\000o\000d\000o\000t\000t\000o\000\040\000C\000a\000r\000t\000e\000s\000i\000a\000n\000o}{section.1}% 15
\BOOKMARK [2][-]{subsection.1.9}{\376\377\000I\000n\000s\000i\000e\000m\000i\000\040\000d\000i\000\040\000i\000n\000s\000i\000e\000m\000i}{section.1}% 16
\BOOKMARK [1][-]{section.2}{\376\377\000R\000e\000l\000a\000z\000i\000o\000n\000i}{}% 17
\BOOKMARK [2][-]{subsection.2.1}{\376\377\000I\000d\000e\000n\000t\000i\000t\000\340}{section.2}% 18
\BOOKMARK [2][-]{subsection.2.2}{\376\377\000C\000o\000m\000p\000o\000s\000i\000z\000i\000o\000n\000e}{section.2}% 19
\BOOKMARK [2][-]{subsection.2.3}{\376\377\000R\000e\000l\000a\000z\000i\000o\000n\000e\000\040\000o\000p\000p\000o\000s\000t\000a}{section.2}% 20
\BOOKMARK [2][-]{subsection.2.4}{\376\377\000L\000e\000g\000g\000i}{section.2}% 21
\BOOKMARK [3][-]{subsubsection.2.4.1}{\376\377\000D\000i\000m\000o\000s\000t\000r\000a\000z\000i\000o\000n\000e\000\040\000p\000r\000o\000p\000r\000i\000e\000t\000\340\000\040\000a\000s\000s\000o\000c\000i\000a\000t\000i\000v\000a}{subsection.2.4}% 22
\BOOKMARK [2][-]{subsection.2.5}{\376\377\000P\000r\000o\000p\000r\000i\000e\000t\000\340\000\040\000f\000o\000n\000d\000a\000m\000e\000n\000t\000a\000l\000i}{section.2}% 23
\BOOKMARK [3][-]{subsubsection.2.5.1}{\376\377\000T\000e\000o\000r\000e\000m\000a\000\040\000d\000i\000\040\000c\000a\000r\000a\000t\000t\000e\000r\000i\000z\000z\000a\000z\000i\000o\000n\000e}{subsection.2.5}% 24
\BOOKMARK [3][-]{subsubsection.2.5.2}{\376\377\000P\000r\000o\000p\000r\000i\000e\000t\000\340\000\040\000d\000i\000\040\000c\000h\000i\000u\000s\000u\000r\000a\000\040\000p\000e\000r\000\040\000c\000o\000m\000p\000o\000s\000i\000z\000i\000o\000n\000e}{subsection.2.5}% 25
\BOOKMARK [2][-]{subsection.2.6}{\376\377\000F\000u\000n\000z\000i\000o\000n\000e}{section.2}% 26
\BOOKMARK [3][-]{subsubsection.2.6.1}{\376\377\000C\000o\000m\000p\000o\000s\000i\000z\000i\000o\000n\000e\000\040\000f\000r\000a\000\040\000f\000u\000n\000z\000i\000o\000n\000i}{subsection.2.6}% 27
\BOOKMARK [3][-]{subsubsection.2.6.2}{\376\377\000P\000r\000o\000p\000r\000i\000e\000t\000\340\000\040\000d\000i\000\040\000c\000h\000i\000u\000s\000u\000r\000a\000\040\000p\000e\000r\000\040\000f\000u\000n\000z\000i\000o\000n\000i}{subsection.2.6}% 28
\BOOKMARK [3][-]{subsubsection.2.6.3}{\376\377\000C\000a\000r\000a\000t\000t\000e\000r\000i\000z\000z\000a\000z\000i\000o\000n\000e\000\040\000i\000n\000\040\000b\000i\000e\000z\000i\000o\000n\000e}{subsection.2.6}% 29
\BOOKMARK [3][-]{subsubsection.2.6.4}{\376\377\000I\000n\000s\000i\000e\000m\000i\000\040\000d\000i\000\040\000b\000i\000e\000z\000i\000o\000n\000e}{subsection.2.6}% 30
\BOOKMARK [3][-]{subsubsection.2.6.5}{\376\377\000P\000r\000o\000p\000r\000i\000e\000t\000\340\000\040\000i\000n\000s\000i\000e\000m\000i\000\040\000d\000i\000\040\000b\000i\000e\000z\000i\000o\000n\000e}{subsection.2.6}% 31
\BOOKMARK [2][-]{subsection.2.7}{\376\377\000N\000-\000u\000p\000l\000a}{section.2}% 32
\BOOKMARK [1][-]{section.3}{\376\377\000I\000n\000d\000u\000z\000i\000o\000n\000e}{}% 33
\BOOKMARK [2][-]{subsection.3.1}{\376\377\000S\000c\000h\000e\000m\000a\000\040\000g\000e\000n\000e\000r\000a\000l\000e\000\040\000i\000n\000d\000u\000t\000t\000i\000v\000o}{section.3}% 34
\BOOKMARK [2][-]{subsection.3.2}{\376\377\000D\000e\000f\000i\000n\000i\000z\000i\000o\000n\000e\000\040\000i\000n\000d\000u\000t\000t\000i\000v\000a\000\040\000d\000e\000l\000l\000'\000i\000n\000s\000i\000e\000m\000e\000\040\000N}{section.3}% 35
\BOOKMARK [2][-]{subsection.3.3}{\376\377\000D\000e\000f\000i\000n\000i\000z\000i\000o\000n\000e\000\040\000i\000n\000d\000u\000t\000t\000i\000v\000a\000\040\000d\000i\000\040\000f\000u\000n\000z\000i\000o\000n\000i}{section.3}% 36
\BOOKMARK [2][-]{subsection.3.4}{\376\377\000D\000i\000m\000o\000s\000t\000r\000a\000z\000i\000o\000n\000e\000\040\000i\000n\000d\000u\000t\000t\000i\000v\000a\000\040\000d\000i\000\040\000p\000r\000o\000p\000r\000i\000e\000t\000\340}{section.3}% 37
\BOOKMARK [2][-]{subsection.3.5}{\376\377\000P\000r\000i\000n\000c\000i\000p\000i\000o\000\040\000d\000i\000\040\000I\000n\000d\000u\000z\000i\000o\000n\000e\000\040\000f\000o\000r\000t\000e\000\040\000s\000u\000i\000\040\000n\000a\000t\000u\000r\000a\000l\000i}{section.3}% 38
\BOOKMARK [1][-]{section.4}{\376\377\000R\000e\000l\000a\000z\000i\000o\000n\000i\000\040\000s\000u\000\040\000u\000n\000\040\000i\000n\000s\000i\000e\000m\000e}{}% 39
\BOOKMARK [2][-]{subsection.4.1}{\376\377\000P\000r\000o\000p\000r\000i\000e\000t\000\340\000\040\000d\000i\000\040\000r\000e\000l\000a\000z\000i\000o\000n\000e\000\040\000s\000u\000\040\000u\000n\000\040\000i\000n\000s\000i\000e\000m\000e}{section.4}% 40
\BOOKMARK [3][-]{subsubsection.4.1.1}{\376\377\000R\000i\000f\000l\000e\000s\000s\000i\000v\000a}{subsection.4.1}% 41
\BOOKMARK [3][-]{subsubsection.4.1.2}{\376\377\000S\000i\000m\000m\000e\000t\000r\000i\000c\000a}{subsection.4.1}% 42
\BOOKMARK [3][-]{subsubsection.4.1.3}{\376\377\000T\000r\000a\000n\000s\000i\000t\000i\000v\000a}{subsection.4.1}% 43
\BOOKMARK [3][-]{subsubsection.4.1.4}{\376\377\000A\000n\000t\000i\000-\000s\000i\000m\000m\000e\000t\000r\000i\000c\000a}{subsection.4.1}% 44
\BOOKMARK [2][-]{subsection.4.2}{\376\377\000T\000e\000o\000r\000e\000m\000a\000\040\000d\000i\000\040\000c\000a\000r\000a\000t\000t\000e\000r\000i\000z\000z\000a\000z\000i\000o\000n\000e}{section.4}% 45
\BOOKMARK [2][-]{subsection.4.3}{\376\377\000C\000h\000i\000u\000s\000u\000r\000e}{section.4}% 46
\BOOKMARK [3][-]{subsubsection.4.3.1}{\376\377\000C\000h\000i\000u\000s\000u\000r\000a\000\040\000r\000i\000f\000l\000e\000s\000s\000i\000v\000a}{subsection.4.3}% 47
\BOOKMARK [3][-]{subsubsection.4.3.2}{\376\377\000C\000h\000i\000u\000s\000u\000r\000a\000\040\000s\000i\000m\000m\000e\000t\000r\000i\000c\000a}{subsection.4.3}% 48
\BOOKMARK [3][-]{subsubsection.4.3.3}{\376\377\000C\000h\000i\000u\000s\000u\000r\000a\000\040\000t\000r\000a\000n\000s\000i\000t\000i\000v\000a}{subsection.4.3}% 49
\BOOKMARK [2][-]{subsection.4.4}{\376\377\000S\000t\000e\000l\000l\000a\000\040\000d\000i\000\040\000k\000l\000e\000e\000n\000e}{section.4}% 50
\BOOKMARK [3][-]{subsubsection.4.4.1}{\376\377\000A\000p\000l\000l\000i\000c\000a\000z\000i\000o\000n\000e\000\040\000a\000l\000\040\000W\000h\000i\000l\000e}{subsection.4.4}% 51
\BOOKMARK [3][-]{subsubsection.4.4.2}{\376\377\000L\000e\000g\000g\000i\000\040\000s\000t\000e\000l\000l\000a\000\040\000d\000i\000\040\000k\000l\000e\000e\000n\000e}{subsection.4.4}% 52
\BOOKMARK [2][-]{subsection.4.5}{\376\377\000R\000e\000l\000a\000z\000i\000o\000n\000i\000\040\000d\000i\000\040\000e\000q\000u\000i\000v\000a\000l\000e\000n\000z\000a}{section.4}% 53
\BOOKMARK [3][-]{subsubsection.4.5.1}{\376\377\000C\000l\000a\000s\000s\000e\000\040\000d\000i\000\040\000e\000q\000u\000i\000v\000a\000l\000e\000n\000z\000a}{subsection.4.5}% 54
\BOOKMARK [3][-]{subsubsection.4.5.2}{\376\377\000T\000e\000o\000r\000e\000m\000a\000\040\000d\000i\000\040\000b\000i\000i\000e\000z\000i\000o\000n\000e}{subsection.4.5}% 55
\BOOKMARK [2][-]{subsection.4.6}{\376\377\000R\000e\000l\000a\000z\000i\000o\000n\000i\000\040\000d\000i\000\040\000o\000r\000d\000i\000n\000a\000m\000e\000n\000t\000o}{section.4}% 56
\BOOKMARK [3][-]{subsubsection.4.6.1}{\376\377\000O\000r\000d\000i\000n\000a\000m\000e\000n\000t\000o\000\040\000p\000a\000r\000z\000i\000a\000l\000e}{subsection.4.6}% 57
\BOOKMARK [3][-]{subsubsection.4.6.2}{\376\377\000O\000r\000d\000i\000n\000a\000m\000e\000n\000t\000o}{subsection.4.6}% 58
\BOOKMARK [3][-]{subsubsection.4.6.3}{\376\377\000O\000r\000d\000i\000n\000a\000m\000e\000n\000t\000o\000\040\000l\000e\000s\000s\000i\000o\000g\000r\000a\000f\000i\000c\000o}{subsection.4.6}% 59
\BOOKMARK [1][-]{section.5}{\376\377\000G\000r\000a\000f\000i}{}% 60
\BOOKMARK [2][-]{subsection.5.1}{\376\377\000G\000r\000a\000f\000o\000\040\000o\000r\000i\000e\000n\000t\000a\000t\000o}{section.5}% 61
\BOOKMARK [3][-]{subsubsection.5.1.1}{\376\377\000N\000o\000t\000a\000z\000i\000o\000n\000e\000\040\000s\000u\000i\000\040\000g\000r\000a\000f\000i\000\040\000o\000r\000i\000e\000n\000t\000a\000t\000i}{subsection.5.1}% 62
\BOOKMARK [3][-]{subsubsection.5.1.2}{\376\377\000G\000r\000a\000f\000i\000\040\000o\000r\000i\000e\000n\000t\000a\000t\000i\000\040\000c\000o\000m\000e\000\040\000r\000e\000l\000a\000z\000i\000o\000n\000i\000\040\000e\000\040\000p\000r\000o\000p\000r\000i\000e\000t\000\340\000\040\000T\000U\000S\000I}{subsection.5.1}% 63
\BOOKMARK [3][-]{subsubsection.5.1.3}{\376\377\000H\000a\000n\000d\000-\000s\000h\000a\000k\000i\000n\000g\000\040\000l\000e\000m\000m\000a}{subsection.5.1}% 64
\BOOKMARK [2][-]{subsection.5.2}{\376\377\000R\000a\000p\000p\000r\000e\000s\000e\000n\000t\000a\000z\000i\000o\000n\000e\000\040\000g\000r\000a\000f\000i}{section.5}% 65
\BOOKMARK [3][-]{subsubsection.5.2.1}{\376\377\000M\000a\000t\000r\000i\000c\000i\000\040\000d\000i\000\040\000a\000d\000i\000a\000c\000e\000n\000z\000a}{subsection.5.2}% 66
\BOOKMARK [3][-]{subsubsection.5.2.2}{\376\377\000L\000i\000s\000t\000e\000\040\000d\000i\000\040\000a\000d\000i\000a\000c\000e\000n\000z\000a}{subsection.5.2}% 67
\BOOKMARK [2][-]{subsection.5.3}{\376\377\000G\000r\000a\000f\000i\000\040\000o\000r\000i\000e\000n\000t\000a\000t\000i\000\040\000e\000t\000i\000c\000h\000e\000t\000t\000a\000t\000i\000\040\000e\000\040\000p\000e\000s\000a\000t\000i}{section.5}% 68
\BOOKMARK [2][-]{subsection.5.4}{\376\377\000C\000a\000m\000m\000i\000n\000i}{section.5}% 69
\BOOKMARK [3][-]{subsubsection.5.4.1}{\376\377\000W\000a\000l\000k\000,\000\040\000t\000r\000a\000i\000l\000\040\000e\000\040\000p\000a\000t\000h}{subsection.5.4}% 70
\BOOKMARK [3][-]{subsubsection.5.4.2}{\376\377\000E\000n\000u\000n\000c\000i\000a\000t\000i\000\040\000s\000u\000i\000\040\000c\000a\000m\000m\000i\000n\000i}{subsection.5.4}% 71
\BOOKMARK [3][-]{subsubsection.5.4.3}{\376\377\000W\000a\000l\000k\000\040\000c\000h\000i\000u\000s\000i\000,\000\040\000c\000i\000r\000c\000u\000i\000t\000i\000,\000\040\000c\000i\000c\000l\000i}{subsection.5.4}% 72
\BOOKMARK [2][-]{subsection.5.5}{\376\377\000C\000o\000n\000n\000e\000t\000t\000i\000v\000i\000t\000\340}{section.5}% 73
\BOOKMARK [3][-]{subsubsection.5.5.1}{\376\377\000C\000o\000m\000p\000o\000n\000e\000n\000t\000i\000\040\000c\000o\000n\000n\000e\000s\000s\000e\000\040\000e\000\040\000p\000a\000r\000t\000i\000z\000i\000o\000n\000i}{subsection.5.5}% 74
\BOOKMARK [3][-]{subsubsection.5.5.2}{\376\377\000P\000r\000o\000p\000r\000i\000e\000t\000\340\000\040\000c\000o\000n\000n\000e\000t\000t\000i\000v\000i\000t\000\340}{subsection.5.5}% 75
\BOOKMARK [2][-]{subsection.5.6}{\376\377\000G\000r\000a\000f\000o\000\040\000o\000r\000i\000e\000n\000t\000a\000t\000o\000\040\000a\000c\000i\000c\000l\000i\000c\000o\000\040\000\050\000D\000A\000G\000s\000\051}{section.5}% 76
\BOOKMARK [3][-]{subsubsection.5.6.1}{\376\377\000O\000r\000d\000i\000n\000a\000m\000e\000n\000t\000o\000\040\000t\000o\000p\000o\000l\000o\000g\000i\000c\000o}{subsection.5.6}% 77
\BOOKMARK [2][-]{subsection.5.7}{\376\377\000G\000r\000a\000f\000o\000\040\000n\000o\000n\000\040\000o\000r\000i\000e\000n\000t\000a\000t\000o}{section.5}% 78
\BOOKMARK [3][-]{subsubsection.5.7.1}{\376\377\000H\000a\000n\000d\000-\000s\000h\000a\000k\000i\000n\000g\000\040\000l\000e\000m\000m\000a}{subsection.5.7}% 79
\BOOKMARK [3][-]{subsubsection.5.7.2}{\376\377\000R\000a\000p\000p\000r\000e\000s\000e\000n\000t\000a\000z\000i\000o\000n\000e\000\040\000g\000r\000a\000f\000i\000\040\000n\000o\000n\000\040\000o\000r\000i\000e\000n\000t\000a\000t\000i}{subsection.5.7}% 80
\BOOKMARK [3][-]{subsubsection.5.7.3}{\376\377\000C\000a\000m\000m\000i\000n\000i\000\040\000n\000e\000i\000\040\000g\000r\000a\000f\000i\000\040\000n\000o\000n\000\040\000o\000r\000i\000e\000n\000t\000a\000t\000i}{subsection.5.7}% 81
\BOOKMARK [3][-]{subsubsection.5.7.4}{\376\377\000C\000i\000c\000l\000i\000\040\000e\000\040\000c\000o\000n\000n\000e\000t\000t\000i\000v\000i\000t\000\340\000\040\000n\000e\000i\000\040\000g\000r\000a\000f\000i\000\040\000n\000o\000n\000\040\000o\000r\000i\000e\000n\000t\000a\000t\000i}{subsection.5.7}% 82
\BOOKMARK [2][-]{subsection.5.8}{\376\377\000C\000a\000m\000m\000i\000n\000i\000\040\000E\000u\000l\000e\000r\000i\000a\000n\000i}{section.5}% 83
\BOOKMARK [2][-]{subsection.5.9}{\376\377\000C\000i\000c\000l\000i\000\040\000e\000\040\000p\000a\000t\000h\000\040\000H\000a\000m\000i\000l\000t\000o\000n\000i\000a\000n\000i}{section.5}% 84
\BOOKMARK [3][-]{subsubsection.5.9.1}{\376\377\000I\000l\000\040\000p\000r\000o\000b\000l\000e\000m\000a\000\040\000d\000e\000l\000\040\000c\000o\000m\000m\000e\000s\000s\000o\000\040\000v\000i\000a\000g\000g\000i\000a\000t\000o\000r\000e}{subsection.5.9}% 85
\BOOKMARK [2][-]{subsection.5.10}{\376\377\000D\000i\000s\000t\000a\000n\000z\000e}{section.5}% 86
\BOOKMARK [3][-]{subsubsection.5.10.1}{\376\377\000D\000i\000a\000m\000e\000t\000r\000o\000,\000\040\000a\000l\000t\000e\000z\000z\000a\000,\000\040\000p\000r\000o\000f\000o\000n\000d\000i\000t\000\340}{subsection.5.10}% 87
\BOOKMARK [2][-]{subsection.5.11}{\376\377\000A\000l\000b\000e\000r\000i}{section.5}% 88
\BOOKMARK [3][-]{subsubsection.5.11.1}{\376\377\000A\000l\000b\000e\000r\000o\000\040\000r\000a\000d\000i\000c\000a\000t\000o}{subsection.5.11}% 89
\BOOKMARK [2][-]{subsection.5.12}{\376\377\000I\000s\000o\000m\000o\000r\000f\000i\000s\000m\000o}{section.5}% 90
\BOOKMARK [2][-]{subsection.5.13}{\376\377\000G\000r\000a\000f\000i\000\040\000n\000o\000t\000e\000v\000o\000l\000i}{section.5}% 91
\BOOKMARK [1][-]{section.6}{\376\377\000C\000a\000l\000c\000o\000l\000o\000\040\000c\000o\000m\000b\000i\000n\000a\000t\000o\000r\000i\000o}{}% 92
\BOOKMARK [2][-]{subsection.6.1}{\376\377\000C\000a\000r\000d\000i\000n\000a\000l\000i\000t\000\340\000\040\000i\000n\000s\000i\000e\000m\000i}{section.6}% 93
\BOOKMARK [3][-]{subsubsection.6.1.1}{\376\377\000C\000a\000r\000d\000i\000n\000a\000l\000i\000t\000\340\000\040\000d\000i\000\040\000o\000p\000e\000r\000a\000z\000i\000o\000n\000i\000\040\000s\000u\000\040\000i\000n\000s\000i\000e\000m\000i}{subsection.6.1}% 94
\BOOKMARK [3][-]{subsubsection.6.1.2}{\376\377\000P\000r\000i\000n\000c\000i\000p\000i\000o\000\040\000d\000i\000\040\000i\000n\000c\000l\000u\000s\000i\000o\000n\000e\000-\000e\000s\000c\000l\000u\000s\000i\000o\000n\000e}{subsection.6.1}% 95
\BOOKMARK [3][-]{subsubsection.6.1.3}{\376\377\000C\000a\000r\000d\000i\000n\000a\000l\000i\000t\000\340\000\040\000d\000e\000l\000\040\000p\000r\000o\000d\000o\000t\000t\000o\000\040\000c\000a\000r\000t\000e\000s\000i\000a\000n\000o}{subsection.6.1}% 96
\BOOKMARK [2][-]{subsection.6.2}{\376\377\000R\000e\000l\000a\000z\000i\000o\000n\000i\000\040\000e\000\040\000c\000a\000r\000d\000i\000n\000a\000l\000i\000t\000\340}{section.6}% 97
\BOOKMARK [3][-]{subsubsection.6.2.1}{\376\377\000P\000i\000g\000e\000o\000n\000h\000o\000l\000e\000\040\000P\000r\000i\000n\000c\000i\000p\000l\000e}{subsection.6.2}% 98
\BOOKMARK [3][-]{subsubsection.6.2.2}{\376\377\000R\000e\000g\000o\000l\000a\000\040\000d\000i\000\040\000b\000i\000i\000e\000z\000i\000o\000n\000e}{subsection.6.2}% 99
\BOOKMARK [2][-]{subsection.6.3}{\376\377\000P\000e\000r\000m\000u\000t\000a\000z\000i\000o\000n\000i}{section.6}% 100
\BOOKMARK [3][-]{subsubsection.6.3.1}{\376\377\000C\000a\000r\000d\000i\000n\000a\000l\000i\000t\000\340\000\040\000d\000e\000l\000l\000e\000\040\000b\000i\000i\000e\000z\000i\000o\000n\000i\000\040\000t\000r\000a\000\040\000d\000u\000e\000\040\000i\000n\000s\000i\000e\000m\000i}{subsection.6.3}% 101
\BOOKMARK [3][-]{subsubsection.6.3.2}{\376\377\000A\000n\000a\000g\000r\000a\000m\000m\000i\000\040\000e\000\040\000p\000e\000r\000m\000u\000t\000a\000z\000i\000o\000n\000i\000\040\000c\000o\000n\000\040\000r\000i\000p\000e\000t\000i\000z\000i\000o\000n\000i}{subsection.6.3}% 102
\BOOKMARK [2][-]{subsection.6.4}{\376\377\000D\000i\000s\000p\000o\000s\000i\000z\000i\000o\000n\000i}{section.6}% 103
\BOOKMARK [2][-]{subsection.6.5}{\376\377\000C\000o\000m\000b\000i\000n\000a\000z\000i\000o\000n\000i}{section.6}% 104
\BOOKMARK [2][-]{subsection.6.6}{\376\377\000C\000o\000n\000t\000a\000r\000e\000\040\000s\000u\000i\000\040\000g\000r\000a\000f\000i}{section.6}% 105
\BOOKMARK [3][-]{subsubsection.6.6.1}{\376\377\000G\000r\000a\000f\000i\000\040\000n\000o\000n\000\040\000o\000r\000i\000e\000n\000t\000a\000t\000i}{subsection.6.6}% 106
\BOOKMARK [3][-]{subsubsection.6.6.2}{\376\377\000G\000r\000a\000f\000i\000\040\000o\000r\000i\000e\000n\000t\000a\000t\000i}{subsection.6.6}% 107
