\BOOKMARK [1][-]{section.1}{\376\377\000I\000n\000t\000r\000o\000d\000u\000z\000i\000o\000n\000e}{}% 1
\BOOKMARK [2][-]{subsection.1.1}{\376\377\000I\000n\000s\000i\000e\000m\000i\000\040\000N\000u\000m\000e\000r\000i\000c\000i}{section.1}% 2
\BOOKMARK [2][-]{subsection.1.2}{\376\377\000I\000n\000t\000e\000r\000v\000a\000l\000l\000i}{section.1}% 3
\BOOKMARK [2][-]{subsection.1.3}{\376\377\000N\000o\000t\000a\000z\000i\000o\000n\000e}{section.1}% 4
\BOOKMARK [1][-]{section.2}{\376\377\000F\000u\000n\000z\000i\000o\000n\000i}{}% 5
\BOOKMARK [2][-]{subsection.2.1}{\376\377\000G\000r\000a\000f\000i\000c\000o}{section.2}% 6
\BOOKMARK [2][-]{subsection.2.2}{\376\377\000I\000m\000m\000a\000g\000i\000n\000e}{section.2}% 7
\BOOKMARK [2][-]{subsection.2.3}{\376\377\000S\000u\000r\000i\000e\000t\000t\000i\000v\000a}{section.2}% 8
\BOOKMARK [2][-]{subsection.2.4}{\376\377\000I\000n\000i\000e\000t\000t\000i\000v\000a}{section.2}% 9
\BOOKMARK [2][-]{subsection.2.5}{\376\377\000B\000i\000u\000n\000i\000v\000o\000c\000a}{section.2}% 10
\BOOKMARK [2][-]{subsection.2.6}{\376\377\000I\000n\000v\000e\000r\000t\000i\000b\000i\000l\000e}{section.2}% 11
\BOOKMARK [2][-]{subsection.2.7}{\376\377\000F\000u\000n\000z\000i\000o\000n\000i\000\040\000M\000o\000n\000o\000t\000o\000n\000e}{section.2}% 12
\BOOKMARK [3][-]{subsubsection.2.7.1}{\376\377\000C\000o\000m\000p\000o\000s\000i\000z\000i\000o\000n\000e\000\040\000c\000o\000n\000\040\000f\000u\000n\000z\000i\000o\000n\000i\000\040\000m\000o\000n\000o\000t\000o\000n\000e}{subsection.2.7}% 13
\BOOKMARK [2][-]{subsection.2.8}{\376\377\000I\000n\000s\000i\000e\000m\000e\000\040\000d\000i\000\040\000d\000e\000f\000i\000n\000i\000z\000i\000o\000n\000e}{section.2}% 14
\BOOKMARK [2][-]{subsection.2.9}{\376\377\000F\000u\000n\000z\000i\000o\000n\000i\000\040\000p\000a\000r\000i\000\040\000e\000\040\000d\000i\000s\000p\000a\000r\000i}{section.2}% 15
\BOOKMARK [2][-]{subsection.2.10}{\376\377\000F\000u\000n\000z\000i\000o\000n\000e\000\040\000p\000e\000r\000i\000o\000d\000i\000c\000a}{section.2}% 16
\BOOKMARK [2][-]{subsection.2.11}{\376\377\000F\000u\000n\000z\000i\000o\000n\000i\000\040\000E\000l\000e\000m\000e\000n\000t\000a\000r\000i}{section.2}% 17
\BOOKMARK [3][-]{subsubsection.2.11.1}{\376\377\000R\000e\000t\000t\000a}{subsection.2.11}% 18
\BOOKMARK [3][-]{subsubsection.2.11.2}{\376\377\000E\000s\000p\000o\000n\000e\000n\000t\000e\000\040\000p\000o\000s\000i\000t\000i\000v\000o\000\040\000o\000\040\000n\000e\000g\000a\000t\000i\000v\000o}{subsection.2.11}% 19
\BOOKMARK [3][-]{subsubsection.2.11.3}{\376\377\000R\000a\000d\000i\000c\000i\000\040\000o\000\040\000e\000s\000p\000o\000n\000e\000n\000t\000e\000\040\000f\000r\000a\000t\000t\000o}{subsection.2.11}% 20
\BOOKMARK [3][-]{subsubsection.2.11.4}{\376\377\000E\000s\000p\000o\000n\000e\000n\000z\000i\000a\000l\000e}{subsection.2.11}% 21
\BOOKMARK [3][-]{subsubsection.2.11.5}{\376\377\000L\000o\000g\000a\000r\000i\000t\000m\000o}{subsection.2.11}% 22
\BOOKMARK [3][-]{subsubsection.2.11.6}{\376\377\000S\000e\000n\000o\000\040\000e\000\040\000A\000r\000c\000o\000s\000e\000n\000o}{subsection.2.11}% 23
\BOOKMARK [3][-]{subsubsection.2.11.7}{\376\377\000C\000o\000s\000e\000n\000o\000\040\000e\000\040\000A\000r\000c\000o\000c\000o\000s\000e\000n\000o}{subsection.2.11}% 24
\BOOKMARK [3][-]{subsubsection.2.11.8}{\376\377\000T\000a\000n\000g\000e\000n\000t\000e\000\040\000e\000\040\000A\000r\000c\000o\000t\000a\000n\000g\000e\000n\000t\000e}{subsection.2.11}% 25
\BOOKMARK [1][-]{section.3}{\376\377\000M\000a\000s\000s\000i\000m\000i\000\040\000e\000\040\000m\000i\000n\000i\000m\000i}{}% 26
\BOOKMARK [2][-]{subsection.3.1}{\376\377\000M\000a\000s\000s\000i\000m\000o\000\040\000e\000\040\000m\000i\000n\000i\000m\000o\000\040\000i\000n\000t\000e\000r\000v\000a\000l\000l\000i}{section.3}% 27
\BOOKMARK [2][-]{subsection.3.2}{\376\377\000M\000a\000g\000g\000i\000o\000r\000a\000n\000t\000e\000\040\000e\000\040\000m\000i\000n\000o\000r\000a\000n\000t\000e\000\040\000i\000n\000t\000e\000r\000v\000a\000l\000l\000i}{section.3}% 28
\BOOKMARK [2][-]{subsection.3.3}{\376\377\000I\000n\000t\000e\000r\000v\000a\000l\000l\000o\000\040\000l\000i\000m\000i\000t\000a\000t\000o}{section.3}% 29
\BOOKMARK [3][-]{subsubsection.3.3.1}{\376\377\000E\000s\000t\000r\000e\000m\000i\000\040\000s\000u\000p\000e\000r\000i\000o\000r\000i\000\040\000e\000d\000\040\000i\000n\000f\000e\000r\000i\000o\000r\000i}{subsection.3.3}% 30
\BOOKMARK [2][-]{subsection.3.4}{\376\377\000R\000e\000t\000t\000a\000\040\000r\000e\000a\000l\000e\000\040\000e\000s\000t\000e\000s\000a}{section.3}% 31
\BOOKMARK [3][-]{subsubsection.3.4.1}{\376\377\000O\000p\000e\000r\000a\000z\000i\000o\000n\000i\000\040\000i\000n\000\040\000R}{subsection.3.4}% 32
\BOOKMARK [2][-]{subsection.3.5}{\376\377\000P\000a\000r\000t\000e\000\040\000i\000n\000t\000e\000r\000a\000\040\000d\000i\000\040\000u\000n\000\040\000n\000u\000m\000e\000r\000o}{section.3}% 33
\BOOKMARK [3][-]{subsubsection.3.5.1}{\376\377\000G\000r\000a\000f\000i\000c\000o\000\040\000d\000i\000\040\000f\000\050\000x\000\051\000\040\000=\000\040\000[\000x\000]}{subsection.3.5}% 34
\BOOKMARK [2][-]{subsection.3.6}{\376\377\000L\000i\000m\000i\000t\000i\000,\000\040\000m\000a\000s\000s\000i\000m\000i\000\040\000e\000\040\000m\000i\000n\000i\000m\000i\000\040\000s\000u\000\040\000f\000u\000n\000z\000i\000o\000n\000i}{section.3}% 35
\BOOKMARK [1][-]{section.4}{\376\377\000V\000a\000l\000o\000r\000e\000\040\000a\000s\000s\000o\000l\000u\000t\000o}{}% 36
\BOOKMARK [2][-]{subsection.4.1}{\376\377\000P\000r\000o\000p\000r\000i\000e\000t\000\340\000\040\000v\000a\000l\000o\000r\000e\000\040\000a\000s\000s\000o\000l\000u\000t\000o}{section.4}% 37
\BOOKMARK [3][-]{subsubsection.4.1.1}{\376\377\000S\000p\000i\000e\000g\000a\000z\000i\000o\000n\000i\000\040\000p\000r\000o\000p\000r\000i\000e\000t\000\340}{subsection.4.1}% 38
\BOOKMARK [2][-]{subsection.4.2}{\376\377\000D\000i\000s\000u\000g\000u\000a\000g\000l\000i\000a\000n\000z\000a\000\040\000t\000r\000i\000a\000n\000g\000o\000l\000a\000r\000e}{section.4}% 39
\BOOKMARK [1][-]{section.5}{\376\377\000C\000o\000n\000t\000i\000n\000u\000i\000t\000\340}{}% 40
\BOOKMARK [2][-]{subsection.5.1}{\376\377\000P\000e\000r\000m\000a\000n\000e\000n\000z\000a\000\040\000d\000e\000l\000\040\000s\000e\000g\000n\000o}{section.5}% 41
\BOOKMARK [2][-]{subsection.5.2}{\376\377\000C\000o\000n\000t\000i\000n\000u\000i\000t\000\340\000\040\000c\000o\000n\000\040\000o\000p\000e\000r\000a\000z\000i\000o\000n\000i\000\040\000f\000r\000a\000\040\000f\000u\000n\000z\000i\000o\000n\000i}{section.5}% 42
\BOOKMARK [2][-]{subsection.5.3}{\376\377\000F\000u\000n\000z\000i\000o\000n\000i\000\040\000i\000n\000v\000e\000r\000t\000i\000b\000i\000l\000i\000\040\000e\000\040\000c\000o\000n\000t\000i\000n\000u\000i\000t\000\340}{section.5}% 43
\BOOKMARK [2][-]{subsection.5.4}{\376\377\000C\000o\000n\000t\000i\000n\000u\000i\000t\000\340\000\040\000d\000e\000l\000l\000e\000\040\000f\000u\000n\000z\000i\000o\000n\000i\000\040\000e\000l\000e\000m\000e\000n\000t\000a\000r\000i}{section.5}% 44
\BOOKMARK [2][-]{subsection.5.5}{\376\377\000C\000o\000n\000t\000i\000n\000u\000i\000t\000\340\000\040\000f\000r\000a\000\040\000c\000o\000m\000p\000o\000s\000i\000z\000i\000o\000n\000e\000\040\000d\000i\000\040\000f\000u\000n\000z\000i\000o\000n\000i}{section.5}% 45
\BOOKMARK [2][-]{subsection.5.6}{\376\377\000T\000e\000o\000r\000e\000m\000a\000\040\000d\000e\000g\000l\000i\000\040\000z\000e\000r\000i}{section.5}% 46
\BOOKMARK [2][-]{subsection.5.7}{\376\377\000T\000e\000o\000r\000e\000m\000a\000\040\000v\000a\000l\000o\000r\000i\000\040\000i\000n\000t\000e\000r\000m\000e\000t\000i}{section.5}% 47
\BOOKMARK [2][-]{subsection.5.8}{\376\377\000T\000e\000o\000r\000e\000m\000a\000\040\000d\000i\000\040\000W\000e\000i\000r\000s\000t\000r\000a\000s\000s}{section.5}% 48
\BOOKMARK [1][-]{section.6}{\376\377\000L\000i\000m\000i\000t\000i}{}% 49
\BOOKMARK [2][-]{subsection.6.1}{\376\377\000I\000n\000t\000o\000r\000n\000i}{section.6}% 50
\BOOKMARK [3][-]{subsubsection.6.1.1}{\376\377\000M\000i\000n\000i\000m\000i\000\040\000e\000\040\000m\000a\000s\000s\000i\000m\000i\000\040\000l\000o\000c\000a\000l\000i}{subsection.6.1}% 51
\BOOKMARK [2][-]{subsection.6.2}{\376\377\000I\000\040\000l\000i\000m\000i\000t\000i}{section.6}% 52
\BOOKMARK [2][-]{subsection.6.3}{\376\377\000C\000o\000n\000t\000i\000n\000u\000i\000t\000\340\000\040\000c\000o\000n\000\040\000i\000\040\000l\000i\000m\000i\000t\000i}{section.6}% 53
\BOOKMARK [2][-]{subsection.6.4}{\376\377\000L\000i\000m\000i\000t\000e\000\040\000d\000e\000s\000t\000r\000o\000\040\000e\000\040\000s\000i\000n\000i\000s\000t\000r\000o}{section.6}% 54
\BOOKMARK [2][-]{subsection.6.5}{\376\377\000L\000i\000m\000i\000t\000e\000\040\000d\000a\000\040\000s\000o\000p\000r\000a\000\040\000e\000\040\000d\000a\000\040\000s\000o\000t\000t\000o}{section.6}% 55
\BOOKMARK [2][-]{subsection.6.6}{\376\377\000P\000e\000r\000m\000a\000n\000e\000n\000z\000a\000\040\000d\000e\000l\000\040\000s\000e\000g\000n\000o}{section.6}% 56
\BOOKMARK [2][-]{subsection.6.7}{\376\377\000N\000o\000n\000\040\000e\000s\000i\000s\000t\000e\000n\000z\000a\000\040\000d\000i\000\040\000u\000n\000\040\000l\000i\000m\000i\000t\000e}{section.6}% 57
\BOOKMARK [2][-]{subsection.6.8}{\376\377\000C\000o\000n\000t\000i\000n\000u\000i\000t\000\340\000\040\000d\000e\000s\000t\000r\000a\000\040\000e\000\040\000s\000i\000n\000i\000s\000t\000r\000a}{section.6}% 58
\BOOKMARK [2][-]{subsection.6.9}{\376\377\000T\000e\000o\000r\000e\000m\000a\000\040\000d\000i\000\040\000c\000o\000n\000f\000r\000o\000n\000t\000o}{section.6}% 59
\BOOKMARK [2][-]{subsection.6.10}{\376\377\000T\000e\000o\000r\000e\000m\000a\000\040\000s\000o\000m\000m\000a\000\040\000e\000\040\000p\000r\000o\000d\000o\000t\000t\000o}{section.6}% 60
\BOOKMARK [2][-]{subsection.6.11}{\376\377\000T\000e\000o\000r\000e\000m\000a\000\040\000d\000e\000i\000\040\000c\000a\000r\000a\000b\000i\000n\000i\000e\000r\000i}{section.6}% 61
\BOOKMARK [2][-]{subsection.6.12}{\376\377\000L\000i\000m\000i\000t\000a\000t\000e\000z\000z\000a\000\040\000f\000u\000n\000z\000i\000o\000n\000e\000\040\000c\000o\000n\000\040\000i\000\040\000l\000i\000m\000i\000t\000i}{section.6}% 62
\BOOKMARK [2][-]{subsection.6.13}{\376\377\000F\000o\000r\000m\000e\000\040\000i\000n\000d\000e\000t\000e\000r\000m\000i\000n\000a\000t\000e}{section.6}% 63
\BOOKMARK [2][-]{subsection.6.14}{\376\377\000C\000a\000l\000c\000o\000l\000o\000\040\000d\000e\000i\000\040\000l\000i\000m\000i\000t\000i}{section.6}% 64
\BOOKMARK [3][-]{subsubsection.6.14.1}{\376\377\000L\000i\000m\000i\000t\000i\000\040\000f\000o\000n\000d\000a\000m\000e\000n\000t\000a\000l\000i}{subsection.6.14}% 65
\BOOKMARK [3][-]{subsubsection.6.14.2}{\376\377\000L\000i\000m\000i\000t\000i\000\040\000d\000i\000\040\000p\000o\000l\000i\000n\000o\000m\000i}{subsection.6.14}% 66
\BOOKMARK [3][-]{subsubsection.6.14.3}{\376\377\000F\000u\000n\000z\000i\000o\000n\000i\000\040\000r\000a\000z\000i\000o\000n\000a\000l\000i}{subsection.6.14}% 67
\BOOKMARK [3][-]{subsubsection.6.14.4}{\376\377\000L\000i\000m\000i\000t\000i\000\040\000n\000o\000t\000e\000v\000o\000l\000i}{subsection.6.14}% 68
\BOOKMARK [3][-]{subsubsection.6.14.5}{\376\377\000L\000o\000g\000a\000r\000i\000t\000m\000i\000\040\000e\000\040\000p\000o\000t\000e\000n\000z\000e}{subsection.6.14}% 69
\BOOKMARK [2][-]{subsection.6.15}{\376\377\000L\000i\000m\000i\000t\000e\000\040\000d\000e\000l\000l\000a\000\040\000c\000o\000m\000p\000o\000s\000i\000z\000i\000o\000n\000e\000\040\000d\000i\000\040\000f\000u\000n\000z\000i\000o\000n\000i}{section.6}% 70
\BOOKMARK [2][-]{subsection.6.16}{\376\377\000T\000e\000o\000r\000e\000m\000a\000\040\000d\000i\000\040\000W\000e\000i\000r\000s\000t\000r\000a\000s\000s\000\040\000g\000e\000n\000e\000r\000a\000l\000i\000z\000z\000a\000t\000o}{section.6}% 71
\BOOKMARK [1][-]{section.7}{\376\377\000I\000n\000f\000i\000n\000i\000t\000e\000s\000i\000m\000i}{}% 72
\BOOKMARK [2][-]{subsection.7.1}{\376\377\000O\000-\000p\000i\000c\000c\000o\000l\000o}{section.7}% 73
\BOOKMARK [2][-]{subsection.7.2}{\376\377\000P\000r\000o\000p\000r\000i\000e\000t\000\340\000\040\000o\000-\000p\000i\000c\000c\000o\000l\000o}{section.7}% 74
\BOOKMARK [2][-]{subsection.7.3}{\376\377\000S\000v\000i\000l\000u\000p\000p\000i\000\040\000a\000l\000\040\000p\000r\000i\000m\000o\000\040\000o\000r\000d\000i\000n\000e}{section.7}% 75
\BOOKMARK [2][-]{subsection.7.4}{\376\377\000O\000-\000g\000r\000a\000n\000d\000e}{section.7}% 76
\BOOKMARK [1][-]{section.8}{\376\377\000A\000s\000i\000n\000t\000o\000t\000i}{}% 77
\BOOKMARK [2][-]{subsection.8.1}{\376\377\000A\000s\000i\000n\000t\000o\000t\000o\000\040\000o\000r\000i\000z\000z\000o\000n\000t\000a\000l\000e}{section.8}% 78
\BOOKMARK [2][-]{subsection.8.2}{\376\377\000A\000s\000i\000n\000t\000o\000t\000o\000\040\000v\000e\000r\000t\000i\000c\000a\000l\000e}{section.8}% 79
\BOOKMARK [2][-]{subsection.8.3}{\376\377\000A\000s\000i\000n\000t\000o\000t\000o\000\040\000o\000b\000l\000i\000q\000u\000o}{section.8}% 80
\BOOKMARK [1][-]{section.9}{\376\377\000D\000e\000r\000i\000v\000a\000t\000e}{}% 81
\BOOKMARK [2][-]{subsection.9.1}{\376\377\000C\000o\000n\000t\000i\000n\000u\000i\000t\000\340\000\040\000f\000u\000n\000z\000i\000o\000n\000i\000\040\000d\000e\000r\000i\000v\000a\000b\000i\000l\000i}{section.9}% 82
\BOOKMARK [2][-]{subsection.9.2}{\376\377\000D\000e\000r\000i\000v\000a\000t\000a\000\040\000d\000e\000s\000t\000r\000a\000\040\000e\000\040\000s\000i\000n\000i\000s\000t\000r\000a}{section.9}% 83
\BOOKMARK [2][-]{subsection.9.3}{\376\377\000P\000u\000n\000t\000o\000\040\000a\000n\000g\000o\000l\000o\000s\000o\000\040\000o\000\040\000d\000i\000\040\000c\000u\000s\000p\000i\000d\000e}{section.9}% 84
\BOOKMARK [2][-]{subsection.9.4}{\376\377\000R\000e\000t\000t\000a\000\040\000t\000a\000n\000g\000e\000n\000t\000e\000\040\000a\000d\000\040\000u\000n\000\040\000p\000u\000n\000t\000o}{section.9}% 85
\BOOKMARK [2][-]{subsection.9.5}{\376\377\000D\000e\000r\000i\000v\000a\000t\000e\000\040\000d\000i\000\040\000o\000r\000d\000i\000n\000e\000\040\000s\000u\000p\000e\000r\000i\000o\000r\000i\000\040\000a\000l\000\040\000p\000r\000i\000m\000o}{section.9}% 86
\BOOKMARK [2][-]{subsection.9.6}{\376\377\000O\000p\000e\000r\000a\000z\000i\000o\000n\000i\000\040\000s\000u\000l\000l\000e\000\040\000d\000e\000r\000i\000v\000a\000t\000e}{section.9}% 87
\BOOKMARK [3][-]{subsubsection.9.6.1}{\376\377\000D\000e\000r\000i\000v\000a\000t\000a\000\040\000f\000u\000n\000z\000i\000o\000n\000e\000\040\000i\000n\000v\000e\000r\000s\000a}{subsection.9.6}% 88
\BOOKMARK [2][-]{subsection.9.7}{\376\377\000D\000e\000r\000i\000v\000a\000t\000e\000\040\000c\000o\000n\000\040\000f\000u\000n\000z\000i\000o\000n\000e\000\040\000c\000r\000e\000s\000c\000e\000n\000t\000e\000\040\000e\000\040\000d\000e\000c\000r\000e\000s\000c\000e\000n\000t\000i}{section.9}% 89
\BOOKMARK [2][-]{subsection.9.8}{\376\377\000T\000e\000o\000r\000e\000m\000a\000\040\000d\000i\000\040\000F\000e\000r\000m\000a\000t}{section.9}% 90
\BOOKMARK [2][-]{subsection.9.9}{\376\377\000T\000e\000o\000r\000e\000m\000a\000\040\000d\000i\000\040\000R\000o\000l\000l\000e}{section.9}% 91
\BOOKMARK [2][-]{subsection.9.10}{\376\377\000T\000e\000o\000r\000e\000m\000a\000\040\000d\000i\000\040\000L\000a\000g\000r\000a\000n\000g\000e}{section.9}% 92
\BOOKMARK [3][-]{subsubsection.9.10.1}{\376\377\000C\000o\000n\000s\000e\000g\000u\000e\000n\000z\000e\000\040\000d\000e\000l\000\040\000t\000e\000o\000r\000e\000m\000a\000\040\000d\000i\000\040\000L\000a\000g\000r\000a\000n\000g\000e}{subsection.9.10}% 93
\BOOKMARK [2][-]{subsection.9.11}{\376\377\000T\000e\000o\000r\000e\000m\000a\000\040\000d\000i\000\040\000C\000a\000u\000c\000h\000y}{section.9}% 94
\BOOKMARK [2][-]{subsection.9.12}{\376\377\000T\000e\000o\000r\000e\000m\000a\000\040\000d\000i\000\040\000d\000e\000\040\000l\000'\000H\000o\000p\000i\000t\000a\000l}{section.9}% 95
\BOOKMARK [1][-]{section.10}{\376\377\000S\000v\000i\000l\000u\000p\000p\000i\000\040\000d\000i\000\040\000T\000a\000y\000l\000o\000r}{}% 96
\BOOKMARK [2][-]{subsection.10.1}{\376\377\000F\000a\000t\000t\000o\000r\000i\000a\000l\000e}{section.10}% 97
\BOOKMARK [2][-]{subsection.10.2}{\376\377\000S\000o\000m\000m\000a\000t\000o\000r\000i\000e}{section.10}% 98
\BOOKMARK [2][-]{subsection.10.3}{\376\377\000F\000o\000r\000m\000u\000l\000a\000\040\000d\000i\000\040\000T\000a\000y\000l\000o\000r}{section.10}% 99
\BOOKMARK [3][-]{subsubsection.10.3.1}{\376\377\000T\000a\000y\000l\000o\000r\000\040\000c\000o\000n\000\040\000r\000e\000s\000t\000o\000\040\000d\000i\000\040\000P\000e\000a\000n\000o}{subsection.10.3}% 100
\BOOKMARK [3][-]{subsubsection.10.3.2}{\376\377\000T\000a\000y\000l\000o\000r\000\040\000c\000o\000n\000\040\000r\000e\000s\000t\000o\000\040\000d\000i\000\040\000L\000a\000g\000r\000a\000n\000g\000e}{subsection.10.3}% 101
\BOOKMARK [3][-]{subsubsection.10.3.3}{\376\377\000E\000s\000e\000m\000p\000i\000\040\000d\000i\000\040\000f\000o\000r\000m\000u\000l\000a\000\040\000d\000i\000\040\000T\000a\000y\000l\000o\000r}{subsection.10.3}% 102
\BOOKMARK [2][-]{subsection.10.4}{\376\377\000T\000a\000y\000l\000o\000r\000\040\000p\000e\000r\000\040\000l\000e\000\040\000f\000u\000n\000z\000i\000o\000n\000i\000\040\000e\000l\000e\000m\000e\000n\000t\000a\000r\000i}{section.10}% 103
\BOOKMARK [2][-]{subsection.10.5}{\376\377\000U\000t\000i\000l\000i\000z\000z\000o\000\040\000d\000i\000\040\000T\000a\000y\000l\000o\000r\000\040\000n\000e\000i\000\040\000l\000i\000m\000i\000t\000i}{section.10}% 104
\BOOKMARK [1][-]{section.11}{\376\377\000C\000o\000n\000v\000e\000s\000s\000i\000t\000\340}{}% 105
\BOOKMARK [2][-]{subsection.11.1}{\376\377\000F\000u\000n\000z\000i\000o\000n\000e\000\040\000c\000o\000n\000v\000e\000s\000s\000a}{section.11}% 106
\BOOKMARK [2][-]{subsection.11.2}{\376\377\000F\000u\000n\000z\000i\000o\000n\000e\000\040\000c\000o\000n\000c\000a\000v\000a}{section.11}% 107
\BOOKMARK [2][-]{subsection.11.3}{\376\377\000C\000a\000l\000c\000o\000l\000o\000\040\000d\000e\000l\000l\000a\000\040\000c\000o\000n\000v\000e\000s\000s\000i\000t\000\340}{section.11}% 108
\BOOKMARK [2][-]{subsection.11.4}{\376\377\000I\000n\000t\000e\000r\000p\000r\000e\000t\000a\000z\000i\000o\000n\000e\000\040\000g\000e\000o\000m\000e\000t\000r\000i\000c\000a}{section.11}% 109
\BOOKMARK [2][-]{subsection.11.5}{\376\377\000F\000l\000e\000s\000s\000i}{section.11}% 110
\BOOKMARK [1][-]{section.12}{\376\377\000S\000t\000u\000d\000i\000o\000\040\000d\000i\000\040\000f\000u\000n\000z\000i\000o\000n\000e}{}% 111
\BOOKMARK [2][-]{subsection.12.1}{\376\377\000P\000u\000n\000t\000i\000\040\000d\000a\000\040\000s\000e\000g\000u\000i\000r\000e}{section.12}% 112
\BOOKMARK [2][-]{subsection.12.2}{\376\377\000E\000s\000e\000m\000p\000i\000o\000\040\000s\000t\000u\000d\000i\000o\000\040\000d\000i\000\040\000f\000u\000n\000z\000i\000o\000n\000e}{section.12}% 113
\BOOKMARK [1][-]{section.13}{\376\377\000I\000n\000t\000e\000g\000r\000a\000l\000i}{}% 114
\BOOKMARK [2][-]{subsection.13.1}{\376\377\000C\000a\000l\000c\000o\000l\000o\000\040\000d\000e\000g\000l\000i\000\040\000i\000n\000t\000e\000g\000r\000a\000l\000i}{section.13}% 115
\BOOKMARK [2][-]{subsection.13.2}{\376\377\000M\000e\000d\000i\000a\000\040\000I\000n\000t\000e\000g\000r\000a\000b\000i\000l\000e}{section.13}% 116
\BOOKMARK [2][-]{subsection.13.3}{\376\377\000F\000o\000r\000m\000u\000l\000e\000\040\000p\000e\000r\000\040\000i\000n\000t\000e\000g\000r\000a\000l\000i\000\040\000i\000n\000d\000e\000f\000i\000n\000i\000t\000i}{section.13}% 117
\BOOKMARK [2][-]{subsection.13.4}{\376\377\000T\000e\000o\000r\000e\000m\000a\000\040\000f\000o\000n\000d\000a\000m\000e\000n\000t\000a\000l\000e\000\040\000d\000e\000l\000\040\000c\000a\000l\000c\000o\000l\000o\000\040\000i\000n\000t\000e\000g\000r\000a\000l\000e}{section.13}% 118
\BOOKMARK [2][-]{subsection.13.5}{\376\377\000T\000e\000o\000r\000e\000m\000a\000\040\000d\000i\000\040\000T\000o\000r\000r\000i\000c\000e\000l\000l\000i}{section.13}% 119
\BOOKMARK [2][-]{subsection.13.6}{\376\377\000I\000n\000t\000e\000g\000r\000a\000l\000i\000\040\000c\000o\000n\000\040\000e\000s\000t\000r\000e\000m\000i\000\040\000v\000a\000r\000i\000a\000b\000i\000l\000i}{section.13}% 120
\BOOKMARK [2][-]{subsection.13.7}{\376\377\000M\000e\000t\000o\000d\000i\000\040\000d\000i\000\040\000c\000a\000l\000c\000o\000l\000o\000\040\000p\000e\000r\000\040\000i\000n\000t\000e\000g\000r\000a\000l\000i\000\040\000i\000n\000d\000e\000f\000i\000n\000i\000t\000i}{section.13}% 121
\BOOKMARK [3][-]{subsubsection.13.7.1}{\376\377\000I\000n\000t\000e\000g\000r\000a\000z\000i\000o\000n\000e\000\040\000p\000e\000r\000\040\000p\000a\000r\000t\000i}{subsection.13.7}% 122
\BOOKMARK [3][-]{subsubsection.13.7.2}{\376\377\000I\000n\000t\000e\000g\000r\000a\000z\000i\000o\000n\000e\000\040\000p\000e\000r\000\040\000s\000o\000s\000t\000i\000t\000u\000z\000i\000o\000n\000e}{subsection.13.7}% 123
\BOOKMARK [2][-]{subsection.13.8}{\376\377\000I\000n\000t\000e\000g\000r\000a\000l\000i\000\040\000d\000i\000\040\000f\000u\000n\000z\000i\000o\000n\000i\000\040\000r\000a\000z\000i\000o\000n\000a\000l\000i}{section.13}% 124
\BOOKMARK [2][-]{subsection.13.9}{\376\377\000I\000n\000t\000e\000g\000r\000a\000l\000i\000\040\000i\000m\000p\000r\000o\000p\000r\000i}{section.13}% 125
\BOOKMARK [3][-]{subsubsection.13.9.1}{\376\377\000I\000n\000t\000e\000g\000r\000a\000l\000i\000\040\000i\000m\000p\000r\000o\000p\000r\000i\000\040\000n\000o\000t\000e\000v\000o\000l\000i}{subsection.13.9}% 126
\BOOKMARK [2][-]{subsection.13.10}{\376\377\000C\000r\000i\000t\000e\000r\000i\000\040\000p\000e\000r\000\040\000l\000a\000\040\000c\000o\000n\000v\000e\000r\000g\000e\000n\000z\000a\000\040\000d\000i\000\040\000i\000n\000t\000e\000g\000r\000a\000l\000i\000\040\000i\000m\000p\000r\000o\000p\000r\000i}{section.13}% 127
\BOOKMARK [3][-]{subsubsection.13.10.1}{\376\377\000C\000r\000i\000t\000e\000r\000i\000o\000\040\000d\000e\000l\000\040\000c\000o\000n\000f\000r\000o\000n\000t\000o}{subsection.13.10}% 128
\BOOKMARK [3][-]{subsubsection.13.10.2}{\376\377\000C\000r\000i\000t\000e\000r\000i\000o\000\040\000d\000e\000l\000\040\000c\000o\000n\000f\000r\000o\000n\000t\000o\000\040\000a\000s\000i\000n\000t\000o\000t\000i\000c\000o\000\040\000o\000\040\000C\000.\000A\000.}{subsection.13.10}% 129
\BOOKMARK [3][-]{subsubsection.13.10.3}{\376\377\000C\000r\000i\000t\000e\000r\000i\000o\000\040\000d\000e\000l\000l\000'\000a\000s\000s\000o\000l\000u\000t\000a\000\040\000c\000o\000n\000v\000e\000r\000g\000e\000n\000z\000a}{subsection.13.10}% 130
\BOOKMARK [3][-]{subsubsection.13.10.4}{\376\377\000I\000n\000t\000e\000g\000r\000a\000l\000i\000\040\000i\000m\000p\000r\000o\000p\000r\000i\000\040\000r\000i\000c\000o\000r\000r\000e\000n\000t\000i}{subsection.13.10}% 131
\BOOKMARK [3][-]{subsubsection.13.10.5}{\376\377\000E\000s\000e\000m\000p\000i\000\040\000r\000i\000a\000s\000s\000u\000n\000t\000i\000v\000i}{subsection.13.10}% 132
\BOOKMARK [1][-]{section.14}{\376\377\000S\000u\000c\000c\000e\000s\000s\000i\000o\000n\000i}{}% 133
\BOOKMARK [2][-]{subsection.14.1}{\376\377\000N\000o\000t\000a\000z\000i\000o\000n\000e}{section.14}% 134
\BOOKMARK [2][-]{subsection.14.2}{\376\377\000L\000i\000m\000i\000t\000i\000\040\000d\000i\000\040\000S\000u\000c\000c\000e\000s\000s\000i\000o\000n\000i}{section.14}% 135
\BOOKMARK [2][-]{subsection.14.3}{\376\377\000S\000o\000t\000t\000o\000s\000u\000c\000c\000e\000s\000s\000i\000o\000n\000i\000\040\000\050\000e\000s\000t\000r\000a\000t\000t\000e\000\051}{section.14}% 136
\BOOKMARK [2][-]{subsection.14.4}{\376\377\000M\000o\000n\000o\000t\000o\000n\000i\000a}{section.14}% 137
\BOOKMARK [2][-]{subsection.14.5}{\376\377\000L\000i\000m\000i\000t\000a\000t\000e\000z\000z\000a}{section.14}% 138
\BOOKMARK [2][-]{subsection.14.6}{\376\377\000L\000e\000g\000a\000m\000e\000\040\000t\000r\000a\000\040\000l\000i\000m\000i\000t\000i\000\040\000d\000i\000\040\000f\000u\000n\000z\000i\000o\000n\000e\000\040\000e\000\040\000s\000u\000c\000c\000e\000s\000s\000i\000o\000n\000i}{section.14}% 139
\BOOKMARK [2][-]{subsection.14.7}{\376\377\000C\000a\000l\000c\000o\000l\000o\000\040\000d\000e\000i\000\040\000l\000i\000m\000i\000t\000i\000\040\000d\000i\000\040\000s\000u\000c\000c\000e\000s\000s\000i\000o\000n\000i}{section.14}% 140
\BOOKMARK [3][-]{subsubsection.14.7.1}{\376\377\000C\000r\000i\000t\000e\000r\000i\000o\000\040\000d\000e\000l\000\040\000r\000a\000p\000p\000o\000r\000t\000o}{subsection.14.7}% 141
\BOOKMARK [3][-]{subsubsection.14.7.2}{\376\377\000C\000r\000i\000t\000e\000r\000i\000o\000\040\000d\000e\000l\000l\000a\000\040\000r\000a\000d\000i\000c\000e}{subsection.14.7}% 142
\BOOKMARK [3][-]{subsubsection.14.7.3}{\376\377\000R\000e\000l\000a\000z\000i\000o\000n\000e\000\040\000f\000r\000a\000\040\000c\000r\000i\000t\000e\000r\000i\000\040\000d\000e\000l\000\040\000r\000a\000p\000p\000o\000r\000t\000o\000\040\000e\000\040\000d\000e\000l\000l\000a\000\040\000r\000a\000d\000i\000c\000e}{subsection.14.7}% 143
\BOOKMARK [1][-]{section.15}{\376\377\000S\000e\000r\000i\000e\000\040\000n\000u\000m\000e\000r\000i\000c\000h\000e}{}% 144
\BOOKMARK [2][-]{subsection.15.1}{\376\377\000S\000e\000r\000i\000e\000\040\000g\000e\000o\000m\000e\000t\000r\000i\000c\000a}{section.15}% 145
\BOOKMARK [2][-]{subsection.15.2}{\376\377\000C\000o\000n\000d\000i\000z\000i\000o\000n\000e\000\040\000n\000e\000c\000e\000s\000s\000a\000r\000i\000a\000\040\000p\000e\000r\000\040\000l\000'\000e\000s\000i\000s\000t\000e\000n\000z\000a\000\040\000d\000i\000\040\000u\000n\000a\000\040\000s\000e\000r\000i\000e}{section.15}% 146
\BOOKMARK [2][-]{subsection.15.3}{\376\377\000V\000a\000l\000o\000r\000e\000\040\000d\000e\000l\000l\000a\000\040\000s\000o\000m\000m\000a\000\040\000d\000i\000\040\000s\000u\000e\000\040\000s\000e\000r\000i\000e}{section.15}% 147
\BOOKMARK [2][-]{subsection.15.4}{\376\377\000S\000e\000r\000i\000e\000\040\000d\000e\000f\000i\000n\000i\000t\000i\000v\000a\000m\000e\000n\000t\000e\000\040\000a\000\040\000t\000e\000r\000m\000i\000n\000i\000\040\000p\000o\000s\000i\000t\000i\000v\000i}{section.15}% 148
\BOOKMARK [2][-]{subsection.15.5}{\376\377\000C\000r\000i\000t\000e\000r\000i\000o\000\040\000d\000e\000l\000\040\000c\000o\000n\000f\000r\000o\000n\000t\000o}{section.15}% 149
\BOOKMARK [2][-]{subsection.15.6}{\376\377\000C\000r\000i\000t\000e\000r\000i\000o\000\040\000d\000e\000l\000\040\000c\000o\000n\000f\000r\000o\000n\000t\000o\000\040\000a\000s\000i\000n\000t\000o\000t\000i\000c\000o}{section.15}% 150
\BOOKMARK [2][-]{subsection.15.7}{\376\377\000C\000r\000i\000t\000e\000r\000i\000o\000\040\000d\000e\000l\000l\000a\000\040\000r\000a\000d\000i\000c\000e}{section.15}% 151
\BOOKMARK [2][-]{subsection.15.8}{\376\377\000C\000r\000i\000t\000e\000r\000i\000o\000\040\000d\000e\000l\000\040\000r\000a\000p\000p\000o\000r\000t\000o}{section.15}% 152
\BOOKMARK [2][-]{subsection.15.9}{\376\377\000L\000e\000g\000a\000m\000i\000\040\000c\000o\000n\000\040\000g\000l\000i\000\040\000i\000n\000t\000e\000g\000r\000a\000l\000i\000\040\000i\000m\000p\000r\000o\000p\000r\000i}{section.15}% 153
\BOOKMARK [2][-]{subsection.15.10}{\376\377\000C\000o\000n\000v\000e\000r\000g\000e\000n\000z\000a\000\040\000a\000s\000s\000o\000l\000u\000t\000a}{section.15}% 154
\BOOKMARK [2][-]{subsection.15.11}{\376\377\000C\000r\000i\000t\000e\000r\000i\000o\000\040\000d\000i\000\040\000L\000e\000i\000b\000n\000i\000t\000z}{section.15}% 155
\BOOKMARK [1][-]{section.16}{\376\377\000I\000n\000t\000r\000o\000d\000u\000z\000i\000o\000n\000e\000\040\000a\000n\000a\000l\000i\000s\000i\000\040\000i\000n\000\040\000p\000i\000\371\000\040\000v\000a\000r\000i\000a\000b\000i\000l\000i}{}% 156
\BOOKMARK [2][-]{subsection.16.1}{\376\377\000S\000t\000r\000u\000t\000t\000u\000r\000a\000\040\000e\000u\000c\000l\000i\000d\000e\000a\000\040\000d\000i\000\040\000R\000n}{section.16}% 157
\BOOKMARK [2][-]{subsection.16.2}{\376\377\000O\000p\000e\000r\000a\000z\000i\000o\000n\000i\000\040\000s\000u\000l\000l\000o\000\040\000s\000p\000a\000z\000i\000o}{section.16}% 158
\BOOKMARK [2][-]{subsection.16.3}{\376\377\000I\000n\000s\000i\000e\000m\000i\000\040\000n\000e\000l\000l\000o\000\040\000s\000p\000a\000z\000i\000o\000\040\000R\000n}{section.16}% 159
\BOOKMARK [2][-]{subsection.16.4}{\376\377\000P\000r\000o\000p\000r\000i\000e\000t\000\340\000\040\000d\000i\000\040\000R\000n}{section.16}% 160
\BOOKMARK [2][-]{subsection.16.5}{\376\377\000P\000u\000n\000t\000o\000\040\000d\000i\000\040\000a\000c\000c\000u\000m\000u\000l\000a\000z\000i\000o\000n\000e}{section.16}% 161
\BOOKMARK [2][-]{subsection.16.6}{\376\377\000P\000r\000o\000p\000r\000i\000e\000t\000\340\000\040\000i\000n\000s\000i\000e\000m\000i\000\040\000a\000p\000e\000r\000t\000i\000\040\000e\000\040\000c\000h\000i\000u\000s\000i}{section.16}% 162
\BOOKMARK [2][-]{subsection.16.7}{\376\377\000I\000n\000s\000i\000e\000m\000e\000\040\000l\000i\000m\000i\000t\000a\000t\000o}{section.16}% 163
\BOOKMARK [2][-]{subsection.16.8}{\376\377\000O\000g\000g\000e\000t\000t\000i\000\040\000s\000u\000\040\000u\000n\000\040\000p\000i\000a\000n\000o\000\040\000R\0002}{section.16}% 164
\BOOKMARK [3][-]{subsubsection.16.8.1}{\376\377\000R\000e\000t\000t\000a\000\040\000p\000e\000r\000\040\0002\000\040\000p\000u\000n\000t\000i}{subsection.16.8}% 165
\BOOKMARK [3][-]{subsubsection.16.8.2}{\376\377\000R\000e\000t\000t\000a\000\040\000p\000e\000r\000p\000e\000n\000d\000i\000c\000o\000l\000a\000r\000e\000\040\000a\000\040\000v\000\040\000p\000a\000s\000s\000a\000n\000t\000e\000\040\000p\000e\000r\000\040\000l\000'\000o\000r\000i\000g\000i\000n\000e}{subsection.16.8}% 166
\BOOKMARK [3][-]{subsubsection.16.8.3}{\376\377\000R\000e\000t\000t\000a\000\040\000t\000a\000n\000g\000e\000n\000t\000e\000\040\000a\000d\000\040\000u\000n\000\040\000g\000r\000a\000f\000i\000c\000o}{subsection.16.8}% 167
\BOOKMARK [2][-]{subsection.16.9}{\376\377\000S\000p\000a\000z\000i\000o\000\040\000c\000a\000r\000t\000e\000s\000i\000a\000n\000o\000\040\000i\000n\000\040\000R\0003}{section.16}% 168
\BOOKMARK [3][-]{subsubsection.16.9.1}{\376\377\000R\000e\000t\000t\000a\000\040\000p\000a\000s\000s\000a\000n\000t\000e\000\040\000p\000e\000r\000\040\000d\000u\000e\000\040\000p\000u\000n\000t\000i}{subsection.16.9}% 169
\BOOKMARK [3][-]{subsubsection.16.9.2}{\376\377\000P\000i\000a\000n\000o\000\040\000i\000n\000\040\000R\0003\000\040\000p\000a\000s\000s\000a\000n\000t\000e\000\040\000p\000e\000r\000\040\0003\000\040\000p\000u\000n\000t\000i}{subsection.16.9}% 170
\BOOKMARK [2][-]{subsection.16.10}{\376\377\000D\000i\000s\000e\000g\000n\000o\000\040\000d\000i\000\040\000i\000n\000s\000i\000e\000m\000i\000\040\000n\000e\000l\000\040\000p\000i\000a\000n\000o}{section.16}% 171
\BOOKMARK [2][-]{subsection.16.11}{\376\377\000C\000u\000r\000v\000a\000\040\000n\000e\000l\000\040\000p\000i\000a\000n\000o\000\040\000e\000\040\000n\000e\000l\000l\000o\000\040\000s\000p\000a\000z\000i\000o}{section.16}% 172
\BOOKMARK [2][-]{subsection.16.12}{\376\377\000F\000u\000n\000z\000i\000o\000n\000i\000\040\000d\000i\000\040\000p\000i\000\371\000\040\000v\000a\000r\000i\000a\000b\000i\000l\000i}{section.16}% 173
\BOOKMARK [2][-]{subsection.16.13}{\376\377\000I\000n\000s\000i\000e\000m\000i\000\040\000d\000i\000\040\000l\000i\000v\000e\000l\000l\000o}{section.16}% 174
\BOOKMARK [1][-]{section.17}{\376\377\000L\000i\000m\000i\000t\000i\000\040\000f\000u\000n\000z\000i\000o\000n\000i\000\040\000i\000n\000\040\000p\000i\000\371\000\040\000v\000a\000r\000i\000a\000b\000i\000l\000i}{}% 175
\BOOKMARK [2][-]{subsection.17.1}{\376\377\000D\000i\000m\000o\000s\000t\000r\000a\000z\000i\000o\000n\000e\000\040\000d\000e\000l\000l\000a\000\040\000n\000o\000n\000\040\000e\000s\000i\000s\000t\000e\000n\000z\000a\000\040\000d\000i\000\040\000u\000n\000\040\000l\000i\000m\000i\000t\000e}{section.17}% 176
\BOOKMARK [2][-]{subsection.17.2}{\376\377\000C\000a\000l\000c\000o\000l\000o\000\040\000l\000i\000m\000i\000t\000i\000\040\000c\000o\000n\000\040\000t\000e\000o\000r\000e\000m\000i}{section.17}% 177
\BOOKMARK [2][-]{subsection.17.3}{\376\377\000C\000a\000l\000c\000o\000l\000o\000\040\000l\000i\000m\000i\000t\000i\000\040\000c\000o\000n\000\040\000c\000a\000m\000b\000i\000o\000\040\000d\000i\000\040\000v\000a\000r\000i\000a\000b\000i\000l\000e}{section.17}% 178
\BOOKMARK [2][-]{subsection.17.4}{\376\377\000R\000e\000g\000o\000l\000a\000\040\000v\000a\000l\000o\000r\000e\000\040\000a\000s\000s\000o\000l\000u\000t\000o}{section.17}% 179
\BOOKMARK [2][-]{subsection.17.5}{\376\377\000M\000e\000t\000o\000d\000o\000\040\000d\000e\000l\000l\000e\000\040\000c\000o\000o\000r\000d\000i\000n\000a\000t\000e\000\040\000p\000o\000l\000a\000r\000i}{section.17}% 180
\BOOKMARK [2][-]{subsection.17.6}{\376\377\000L\000i\000m\000i\000t\000i\000\040\000c\000h\000e\000\040\000v\000a\000n\000n\000o\000\040\000a\000\040}{section.17}% 181
\BOOKMARK [1][-]{section.18}{\376\377\000C\000a\000l\000c\000o\000l\000o\000\040\000d\000i\000f\000f\000e\000r\000e\000n\000z\000i\000a\000l\000e\000\040\000i\000n\000\040\000p\000i\000\371\000\040\000v\000a\000r\000i\000a\000b\000i\000l\000i}{}% 182
\BOOKMARK [2][-]{subsection.18.1}{\376\377\000D\000e\000r\000i\000v\000a\000t\000e\000\040\000i\000n\000\040\000p\000i\000\371\000\040\000v\000a\000r\000i\000a\000b\000i\000l\000i}{section.18}% 183
\BOOKMARK [2][-]{subsection.18.2}{\376\377\000D\000e\000r\000i\000v\000a\000t\000a\000\040\000d\000i\000r\000e\000z\000i\000o\000n\000a\000l\000e}{section.18}% 184
\BOOKMARK [2][-]{subsection.18.3}{\376\377\000D\000i\000f\000f\000e\000r\000e\000n\000z\000i\000a\000b\000i\000l\000i\000t\000\340\000\040\000d\000i\000\040\000u\000n\000a\000\040\000f\000u\000n\000z\000i\000o\000n\000e}{section.18}% 185
\BOOKMARK [2][-]{subsection.18.4}{\376\377\000C\000a\000l\000c\000o\000l\000o\000\040\000d\000e\000r\000i\000v\000a\000t\000e\000\040\000p\000a\000r\000z\000i\000a\000l\000i}{section.18}% 186
\BOOKMARK [2][-]{subsection.18.5}{\376\377\000I\000n\000t\000e\000r\000p\000r\000e\000t\000a\000z\000i\000o\000n\000e\000\040\000g\000e\000o\000m\000e\000t\000r\000i\000c\000a\000\040\000g\000r\000a\000d\000i\000e\000n\000t\000e}{section.18}% 187
\BOOKMARK [2][-]{subsection.18.6}{\376\377\000T\000e\000o\000r\000e\000m\000a\000\040\000d\000e\000l\000\040\000d\000i\000f\000f\000e\000r\000e\000n\000z\000i\000a\000l\000e\000\040\000t\000o\000t\000a\000l\000e}{section.18}% 188
\BOOKMARK [1][-]{section.19}{\376\377\000M\000a\000s\000s\000i\000m\000i\000\040\000e\000\040\000m\000i\000n\000i\000m\000i\000\040\000p\000e\000r\000\040\000f\000u\000n\000z\000i\000o\000n\000i\000\040\000d\000i\000\040\000p\000i\000\371\000\040\000v\000a\000r\000i\000a\000b\000i\000l\000i}{}% 189
\BOOKMARK [2][-]{subsection.19.1}{\376\377\000R\000i\000p\000a\000s\000s\000o\000\040\000i\000n\000\040\000u\000n\000a\000\040\000v\000a\000r\000i\000a\000b\000i\000l\000e}{section.19}% 190
\BOOKMARK [2][-]{subsection.19.2}{\376\377\000T\000e\000o\000r\000e\000m\000a\000\040\000d\000i\000\040\000W\000e\000r\000i\000s\000t\000r\000a\000s\000s\000\040\000i\000n\000\040\000n\000\040\000d\000i\000m\000e\000n\000s\000i\000o\000n\000i}{section.19}% 191
\BOOKMARK [2][-]{subsection.19.3}{\376\377\000C\000a\000l\000c\000o\000l\000o\000\040\000m\000a\000s\000s\000i\000m\000i\000\040\000e\000\040\000m\000i\000n\000i\000m\000i}{section.19}% 192
\BOOKMARK [3][-]{subsubsection.19.3.1}{\376\377\000C\000a\000l\000c\000o\000l\000o\000\040\000i\000n\000t\000u\000i\000t\000i\000v\000a\000m\000e\000n\000t\000e}{subsection.19.3}% 193
\BOOKMARK [3][-]{subsubsection.19.3.2}{\376\377\000M\000e\000t\000o\000d\000o\000\040\000d\000e\000g\000l\000i\000\040\000i\000n\000s\000i\000e\000m\000i\000\040\000d\000i\000\040\000l\000i\000v\000e\000l\000l\000o}{subsection.19.3}% 194
\BOOKMARK [3][-]{subsubsection.19.3.3}{\376\377\000M\000e\000t\000o\000d\000o\000\040\000d\000i\000\040\000p\000a\000r\000a\000m\000e\000t\000r\000i\000z\000z\000a\000z\000i\000o\000n\000e}{subsection.19.3}% 195
\BOOKMARK [3][-]{subsubsection.19.3.4}{\376\377\000M\000o\000l\000t\000i\000p\000l\000i\000c\000a\000t\000o\000r\000i\000\040\000d\000i\000\040\000L\000a\000g\000r\000a\000n\000g\000e}{subsection.19.3}% 196
\BOOKMARK [3][-]{subsubsection.19.3.5}{\376\377\000L\000a\000g\000r\000a\000n\000g\000e\000\040\000g\000e\000o\000m\000e\000t\000r\000i\000c\000a\000m\000e\000n\000t\000e}{subsection.19.3}% 197
\BOOKMARK [2][-]{subsection.19.4}{\376\377\000T\000e\000o\000r\000e\000m\000a\000\040\000d\000i\000\040\000W\000e\000r\000i\000s\000t\000r\000a\000s\000s\000\040\000g\000e\000n\000e\000r\000a\000l\000i\000z\000z\000a\000t\000o}{section.19}% 198
\BOOKMARK [1][-]{section.20}{\376\377\000D\000e\000r\000i\000v\000a\000t\000e\000\040\000p\000a\000r\000z\000i\000a\000l\000i\000\040\000s\000e\000c\000o\000n\000d\000e}{}% 199
\BOOKMARK [2][-]{subsection.20.1}{\376\377\000M\000a\000t\000r\000i\000c\000e\000\040\000H\000e\000s\000s\000i\000a\000n\000a}{section.20}% 200
\BOOKMARK [2][-]{subsection.20.2}{\376\377\000S\000t\000u\000d\000i\000o\000\040\000d\000i\000\040\000u\000n\000\040\000p\000u\000n\000t\000o\000\040\000s\000t\000a\000z\000i\000o\000n\000a\000r\000i\000o}{section.20}% 201
\BOOKMARK [1][-]{section.21}{\376\377\000S\000u\000p\000e\000r\000f\000i\000c\000i}{}% 202
\BOOKMARK [2][-]{subsection.21.1}{\376\377\000S\000u\000p\000e\000r\000f\000i\000c\000i\000e\000\040\000c\000a\000r\000t\000e\000s\000i\000a\000n\000a}{section.21}% 203
\BOOKMARK [2][-]{subsection.21.2}{\376\377\000S\000u\000p\000e\000r\000f\000i\000c\000i\000e\000\040\000i\000m\000p\000l\000i\000c\000i\000t\000a}{section.21}% 204
\BOOKMARK [2][-]{subsection.21.3}{\376\377\000S\000u\000p\000e\000r\000f\000i\000c\000i\000e\000\040\000p\000a\000r\000a\000m\000e\000t\000r\000i\000c\000a}{section.21}% 205
\BOOKMARK [2][-]{subsection.21.4}{\376\377\000L\000e\000g\000a\000m\000i\000\040\000t\000r\000a\000\040\000l\000e\000\040\000d\000e\000f\000i\000n\000i\000z\000i\000o\000n\000i}{section.21}% 206
